################################################################################################################################################
Detected SHAFT Engine Version: [SHAFT Engine v5.3.20210519]
################################################################################################################################################
[ReportManager] Successfully loaded the following test data file [src/test/resources/TestDataFiles/Google/SimpleSearch.xlsx]. @26-05-2021 19:17:57.0068 PM
[ReportManager] Successfully created attachment [Test Data - Excel] @26-05-2021 19:17:57.0071 P
[ReportManager] File Action [getAbsolutePath] successfully performed. With the following test data [Relative Folder Path: "target/downloadedFiles/"]. @26-05-2021 19:17:57.0099 PM
[ReportManager] Attempting to run remotely on: [Linux-64], [GoogleChrome], [http://localhost:4444/wd/hub], Headless Execution. @26-05-2021 19:17:57.0124 PM
[ReportManager] Successfully Opened [GoogleChrome]. @26-05-2021 19:17:58.0579 PM
[ReportManager] Target URL: [https://www.google.com/ncr], and after redirection: [https://www.google.com] @26-05-2021 19:17:58.0620 PM
[ReportManager] Initial URL: [data:,] @26-05-2021 19:17:58.0719 PM
[ReportManager] Browser Action [navigateToURL] successfully performed. With the following test data [https://www.google.com/ncr]. @26-05-2021 19:18:01.0272 P

################################################################################################################################################
Starting Execution:	[1 out of 23] test cases in the current suite
Test Method:		[tests.gui.google.D_Search_PageObjectModel_Traditional_DataDriven.navigateToGoogleHomeAndAssertGoogleLogoIsDisplayed]
################################################################################################################################################
[ReportManager] Element Action [identifyUniqueElement] failed. With the following test data [zero elements found matching this locator "By.xpath: //img[@id='hplogo' or @alt='Google']".]. @26-05-2021 19:18:27.0418 PM
[ReportManager] Successfully created attachment [Screenshot - 1622056707154_navigateToGoogleHomeAndAssertGoogleLogoIsDisplayed_identifyUniqueElement_failed] @26-05-2021 19:18:27.0438 P
[ReportManager] Successfully created attachment [Selenium WebDriver Logs - server] @26-05-2021 19:18:27.0728 PM
[ReportManager] Successfully created attachment [Selenium WebDriver Logs - performance] @26-05-2021 19:18:27.0804 PM
[ReportManager] Successfully created attachment [Selenium WebDriver Logs - browser] @26-05-2021 19:18:27.0821 PM
[ReportManager] Successfully created attachment [Selenium WebDriver Logs - driver] @26-05-2021 19:18:27.0971 PM
[ReportManager] Browser Action [closeCurrentWindow] successfully performed. @26-05-2021 19:18:28.0047 PM
[ReportManager] Successfully created attachment [Browser Action Test Data - closeCurrentWindow - Actual Value] @26-05-2021 19:18:28.0059 P
[ReportManager] File Action [getAbsolutePath] successfully performed. With the following test data [Relative Folder Path: "target/downloadedFiles/"]. @26-05-2021 19:18:28.0080 PM
[ReportManager] Attempting to run remotely on: [Linux-64], [GoogleChrome], [http://localhost:4444/wd/hub], Headless Execution. @26-05-2021 19:18:28.0081 PM
[ReportManager] Successfully Opened [GoogleChrome]. @26-05-2021 19:18:28.0680 PM
[ReportManager] Target URL: [https://www.google.com/ncr], and after redirection: [https://www.google.com] @26-05-2021 19:18:28.0717 PM
[ReportManager] Initial URL: [data:,] @26-05-2021 19:18:28.0788 PM
[ReportManager] Browser Action [navigateToURL] successfully performed. With the following test data [https://www.google.com/ncr]. @26-05-2021 19:18:30.0854 P

################################################################################################################################################
Starting Execution:	[2 out of 23] test cases in the current suite
Test Method:		[tests.gui.google.D_Search_PageObjectModel_Traditional_DataDriven.navigateToGoogleHomeAndAssertPageTitle]
################################################################################################################################################
[ReportManager] Browser Action [getCurrentWindowTitle] successfully performed. With the following test data [Google]. @26-05-2021 19:18:30.0909 PM
[ReportManager] Asserting that the page title is Google... @26-05-2021 19:18:30.0917 PM
[ReportManager] AssertEquals PASSED; Expected [Google] and Actual [Google]. Comparison Type [EQUALS]. Validation Type [POSITIVE]. @26-05-2021 19:18:30.0918 P
[ReportManager] Successfully created attachment [Selenium WebDriver Logs - server] @26-05-2021 19:18:31.0149 PM
[ReportManager] Successfully created attachment [Selenium WebDriver Logs - performance] @26-05-2021 19:18:31.0214 PM
[ReportManager] Successfully created attachment [Selenium WebDriver Logs - browser] @26-05-2021 19:18:31.0229 PM
[ReportManager] Successfully created attachment [Selenium WebDriver Logs - driver] @26-05-2021 19:18:31.0335 PM
[ReportManager] Browser Action [closeCurrentWindow] successfully performed. @26-05-2021 19:18:31.0396 PM
[ReportManager] Successfully created attachment [Browser Action Test Data - closeCurrentWindow - Actual Value] @26-05-2021 19:18:31.0402 P
[ReportManager] File Action [getAbsolutePath] successfully performed. With the following test data [Relative Folder Path: "target/downloadedFiles/"]. @26-05-2021 19:18:31.0407 PM
[ReportManager] Attempting to run remotely on: [Linux-64], [GoogleChrome], [http://localhost:4444/wd/hub], Headless Execution. @26-05-2021 19:18:31.0408 PM
[ReportManager] Successfully Opened [GoogleChrome]. @26-05-2021 19:18:31.0983 PM
[ReportManager] Target URL: [https://www.google.com/ncr], and after redirection: [https://www.google.com] @26-05-2021 19:18:32.0005 PM
[ReportManager] Initial URL: [data:,] @26-05-2021 19:18:32.0072 PM
[ReportManager] Browser Action [navigateToURL] successfully performed. With the following test data [https://www.google.com/ncr]. @26-05-2021 19:18:34.0065 P

################################################################################################################################################
Starting Execution:	[3 out of 23] test cases in the current suite
Test Method:		[tests.gui.google.D_Search_PageObjectModel_Traditional_DataDriven.searchForQueryAndAssertFirstResultTextIsCorrect]
################################################################################################################################################
[ReportManager] Element Action [type] successfully performed. With the following test data [SHAFT_Engine]. @26-05-2021 19:18:34.0859 PM
[ReportManager] Element Action [keyPress] successfully performed. With the following test data [ENTER]. @26-05-2021 19:18:36.0362 PM
[ReportManager] Element Action [getText] successfully performed. With the following test data [MohabMohie/SHAFT_ENGINE: SHAFT_ENGINE is a ... - GitHub]. @26-05-2021 19:18:36.0464 PM
[ReportManager] Asserting that the correct first result is displayed... @26-05-2021 19:18:36.0466 PM
[ReportManager] AssertEquals PASSED; Expected [MohabMohie] and Actual [MohabMohie/SHAFT_ENGINE: SHAFT_ENGINE is a ... - GitHub]. Comparison Type [CONTAINS]. Validation Type [POSITIVE]. @26-05-2021 19:18:36.0467 P
[ReportManager] Successfully created attachment [Selenium WebDriver Logs - server] @26-05-2021 19:18:36.0696 PM
[ReportManager] Successfully created attachment [Selenium WebDriver Logs - performance] @26-05-2021 19:18:36.0882 PM
[ReportManager] Successfully created attachment [Selenium WebDriver Logs - browser] @26-05-2021 19:18:36.0897 PM
[ReportManager] Successfully created attachment [Selenium WebDriver Logs - driver] @26-05-2021 19:18:37.0167 PM
[ReportManager] Browser Action [closeCurrentWindow] successfully performed. @26-05-2021 19:18:37.0240 PM
[ReportManager] Successfully created attachment [Browser Action Test Data - closeCurrentWindow - Actual Value] @26-05-2021 19:18:37.0243 P
[ReportManager] Successfully loaded the following test data file [src/test/resources/TestDataFiles/Google/SimpleSearch.xlsx]. @26-05-2021 19:18:37.0297 PM
[ReportManager] Successfully created attachment [Test Data - Excel] @26-05-2021 19:18:37.0299 P
[ReportManager] File Action [getAbsolutePath] successfully performed. With the following test data [Relative Folder Path: "target/downloadedFiles/"]. @26-05-2021 19:18:37.0300 PM
[ReportManager] Attempting to run remotely on: [Linux-64], [GoogleChrome], [http://localhost:4444/wd/hub], Headless Execution. @26-05-2021 19:18:37.0301 PM
[ReportManager] Successfully Opened [GoogleChrome]. @26-05-2021 19:18:37.0836 PM
[ReportManager] Target URL: [https://www.google.com/ncr], and after redirection: [https://www.google.com] @26-05-2021 19:18:37.0859 PM
[ReportManager] Initial URL: [data:,] @26-05-2021 19:18:37.0913 PM
[ReportManager] Browser Action [navigateToURL] successfully performed. With the following test data [https://www.google.com/ncr]. @26-05-2021 19:18:39.0863 P

################################################################################################################################################
Starting Execution:	[4 out of 23] test cases in the current suite
Test Method:		[tests.gui.google.F_Search_PageObjectModel_Fluent.navigateToGoogleHomeAndAssertGoogleLogoIsDisplayed]
################################################################################################################################################
[ReportManager] Asserting that the Google logo is displayed... @26-05-2021 19:18:39.0873 PM
[ReportManager] File Action [doesFileExist] successfully performed. With the following test data [File Path: "src/test/resources/DynamicObjectRepository/tests_gui_google_F_Search_PageObjectModel_Fluent_navigateToGoogleHomeAndAssertGoogleLogoIsDisplayed_By_xpath_img_id_hplogo_or_alt_Google.png"]. @26-05-2021 19:18:39.0882 PM
[ReportManager] File Action [getAbsolutePath] successfully performed. With the following test data [Relative Folder Path: "src/test/resources/DynamicObjectRepository/tests_gui_google_F_Search_PageObjectModel_Fluent_navigateToGoogleHomeAndAssertGoogleLogoIsDisplayed_By_xpath_img_id_hplogo_or_alt_Google.png"]. @26-05-2021 19:18:39.0882 PM
[ReportManager] File Action [readFromImageFile] successfully performed. With the following test data [File Path: "/home/runner/work/using_SHAFT_ENGINE/using_SHAFT_ENGINE/src/test/resources/DynamicObjectRepository/tests_gui_google_F_Search_PageObjectModel_Fluent_navigateToGoogleHomeAndAssertGoogleLogoIsDisplayed_By_xpath_img_id_hplogo_or_alt_Google.png"]. @26-05-2021 19:18:39.0882 PM
[ReportManager] AssertElementMatches FAILED; Expected [Element should match the reference screenshot] and Actual [ELEMENT NOT FOUND]. Comparison Type [EXACT_OPENCV]. Validation Type [POSITIVE]. @26-05-2021 19:19:05.0672 PM
[ReportManager] Successfully created attachment [Validation Test Data - Reference Screenshot] @26-05-2021 19:19:05.0672 PM
[ReportManager] Successfully created attachment [Validation Test Data - Actual Screenshot] @26-05-2021 19:19:05.0673 P
[ReportManager] Successfully created attachment [Selenium WebDriver Logs - server] @26-05-2021 19:19:05.0890 PM
[ReportManager] Successfully created attachment [Selenium WebDriver Logs - performance] @26-05-2021 19:19:05.0937 PM
[ReportManager] Successfully created attachment [Selenium WebDriver Logs - browser] @26-05-2021 19:19:05.0951 PM
[ReportManager] Successfully created attachment [Selenium WebDriver Logs - driver] @26-05-2021 19:19:06.0104 PM
[ReportManager] Browser Action [closeCurrentWindow] successfully performed. @26-05-2021 19:19:06.0166 PM
[ReportManager] Successfully created attachment [Browser Action Test Data - closeCurrentWindow - Actual Value] @26-05-2021 19:19:06.0171 P
[ReportManager] File Action [getAbsolutePath] successfully performed. With the following test data [Relative Folder Path: "target/downloadedFiles/"]. @26-05-2021 19:19:06.0177 PM
[ReportManager] Attempting to run remotely on: [Linux-64], [GoogleChrome], [http://localhost:4444/wd/hub], Headless Execution. @26-05-2021 19:19:06.0177 PM
[ReportManager] Successfully Opened [GoogleChrome]. @26-05-2021 19:19:06.0403 PM
[ReportManager] Target URL: [https://www.google.com/ncr], and after redirection: [https://www.google.com] @26-05-2021 19:19:06.0420 PM
[ReportManager] Initial URL: [data:,] @26-05-2021 19:19:06.0482 PM
[ReportManager] Browser Action [navigateToURL] successfully performed. With the following test data [https://www.google.com/ncr]. @26-05-2021 19:19:08.0463 P

################################################################################################################################################
Starting Execution:	[5 out of 23] test cases in the current suite
Test Method:		[tests.gui.google.F_Search_PageObjectModel_Fluent.navigateToGoogleHomeAndAssertPageTitle]
################################################################################################################################################
[ReportManager] Asserting that the page title is Google... @26-05-2021 19:19:08.0467 PM
[ReportManager] Browser Action [getCurrentWindowTitle] successfully performed. With the following test data [Google]. @26-05-2021 19:19:08.0520 PM
[ReportManager] AssertBrowserAttribute PASSED; Expected [Value Should be 'Google' for the 'Title' attribute] and Actual [Google]. Comparison Type [EQUALS]. Validation Type [POSITIVE]. @26-05-2021 19:19:08.0521 P
[ReportManager] Successfully created attachment [Selenium WebDriver Logs - server] @26-05-2021 19:19:08.0720 PM
[ReportManager] Successfully created attachment [Selenium WebDriver Logs - performance] @26-05-2021 19:19:08.0770 PM
[ReportManager] Successfully created attachment [Selenium WebDriver Logs - browser] @26-05-2021 19:19:08.0780 PM
[ReportManager] Successfully created attachment [Selenium WebDriver Logs - driver] @26-05-2021 19:19:08.0880 PM
[ReportManager] Browser Action [closeCurrentWindow] successfully performed. @26-05-2021 19:19:08.0945 PM
[ReportManager] Successfully created attachment [Browser Action Test Data - closeCurrentWindow - Actual Value] @26-05-2021 19:19:08.0949 P
[ReportManager] File Action [getAbsolutePath] successfully performed. With the following test data [Relative Folder Path: "target/downloadedFiles/"]. @26-05-2021 19:19:08.0953 PM
[ReportManager] Attempting to run remotely on: [Linux-64], [GoogleChrome], [http://localhost:4444/wd/hub], Headless Execution. @26-05-2021 19:19:08.0954 PM
[ReportManager] Successfully Opened [GoogleChrome]. @26-05-2021 19:19:09.0163 PM
[ReportManager] Target URL: [https://www.google.com/ncr], and after redirection: [https://www.google.com] @26-05-2021 19:19:09.0184 PM
[ReportManager] Initial URL: [data:,] @26-05-2021 19:19:09.0241 PM
[ReportManager] Browser Action [navigateToURL] successfully performed. With the following test data [https://www.google.com/ncr]. @26-05-2021 19:19:11.0098 P

################################################################################################################################################
Starting Execution:	[6 out of 23] test cases in the current suite
Test Method:		[tests.gui.google.F_Search_PageObjectModel_Fluent.searchForQueryAndAssertFirstResultTextIsCorrect]
################################################################################################################################################
[ReportManager] Element Action [type] successfully performed. With the following test data [SHAFT_Engine]. @26-05-2021 19:19:11.0720 PM
[ReportManager] Element Action [keyPress] successfully performed. With the following test data [ENTER]. @26-05-2021 19:19:12.0625 PM
[ReportManager] Asserting that the correct first result is displayed... @26-05-2021 19:19:12.0626 PM
[ReportManager] Element Action [getText] successfully performed. With the following test data [MohabMohie/SHAFT_ENGINE: SHAFT_ENGINE is a ... - GitHub]. @26-05-2021 19:19:12.0883 PM
[ReportManager] Loaded Shared OpenCV @26-05-2021 19:19:13.0735 PM
[ReportManager] AssertElementAttribute PASSED; Expected [Value Should be 'MohabMohie' for the 'Text' attribute, element locator 'By.xpath: (//h1[contains(text(),'Search Result')]/following-sibling::div//a/h3)[1]'] and Actual [MohabMohie/SHAFT_ENGINE: SHAFT_ENGINE is a ... - GitHub]. Comparison Type [CONTAINS]. Validation Type [POSITIVE]. @26-05-2021 19:19:13.0852 PM
[ReportManager] Successfully created attachment [Screenshot - 1622056753296_searchForQueryAndAssertFirstResultTextIsCorrect_AssertElementAttribute_passed] @26-05-2021 19:19:13.0859 P
[ReportManager] Successfully created attachment [Selenium WebDriver Logs - server] @26-05-2021 19:19:14.0052 PM
[ReportManager] Successfully created attachment [Selenium WebDriver Logs - performance] @26-05-2021 19:19:14.0247 PM
[ReportManager] Successfully created attachment [Selenium WebDriver Logs - browser] @26-05-2021 19:19:14.0256 PM
[ReportManager] Successfully created attachment [Selenium WebDriver Logs - driver] @26-05-2021 19:19:14.0483 PM
[ReportManager] Browser Action [closeCurrentWindow] successfully performed. @26-05-2021 19:19:14.0542 PM
[ReportManager] Successfully created attachment [Browser Action Test Data - closeCurrentWindow - Actual Value] @26-05-2021 19:19:14.0544 P
[ReportManager] Successfully loaded the following test data file [src/test/resources/TestDataFiles/Google/SimpleSearch.xlsx]. @26-05-2021 19:19:14.0580 PM
[ReportManager] Successfully created attachment [Test Data - Excel] @26-05-2021 19:19:14.0580 P
[ReportManager] File Action [getAbsolutePath] successfully performed. With the following test data [Relative Folder Path: "target/downloadedFiles/"]. @26-05-2021 19:19:14.0581 PM
[ReportManager] Attempting to run remotely on: [Linux-64], [GoogleChrome], [http://localhost:4444/wd/hub], Headless Execution. @26-05-2021 19:19:14.0582 PM
[ReportManager] Successfully Opened [GoogleChrome]. @26-05-2021 19:19:14.0857 PM
[ReportManager] Target URL: [https://www.google.com/ncr], and after redirection: [https://www.google.com] @26-05-2021 19:19:14.0872 PM
[ReportManager] Initial URL: [data:,] @26-05-2021 19:19:14.0934 PM
[ReportManager] Browser Action [navigateToURL] successfully performed. With the following test data [https://www.google.com/ncr]. @26-05-2021 19:19:16.0806 P

################################################################################################################################################
Starting Execution:	[7 out of 23] test cases in the current suite
Test Method:		[tests.gui.google.E_Search_PageObjectModel_Traditional_SHAFTAssertions.navigateToGoogleHomeAndAssertGoogleLogoIsDisplayed]
################################################################################################################################################
[ReportManager] Asserting that the Google logo is displayed... @26-05-2021 19:19:16.0812 PM
[ReportManager] File Action [doesFileExist] successfully performed. With the following test data [File Path: "src/test/resources/DynamicObjectRepository/tests_gui_google_E_Search_PageObjectModel_Traditional_SHAFTAssertions_navigateToGoogleHomeAndAssertGoogleLogoIsDisplayed_By_xpath_img_id_hplogo_or_alt_Google.png"]. @26-05-2021 19:19:16.0812 PM
[ReportManager] File Action [getAbsolutePath] successfully performed. With the following test data [Relative Folder Path: "src/test/resources/DynamicObjectRepository/tests_gui_google_E_Search_PageObjectModel_Traditional_SHAFTAssertions_navigateToGoogleHomeAndAssertGoogleLogoIsDisplayed_By_xpath_img_id_hplogo_or_alt_Google.png"]. @26-05-2021 19:19:16.0813 PM
[ReportManager] File Action [readFromImageFile] successfully performed. With the following test data [File Path: "/home/runner/work/using_SHAFT_ENGINE/using_SHAFT_ENGINE/src/test/resources/DynamicObjectRepository/tests_gui_google_E_Search_PageObjectModel_Traditional_SHAFTAssertions_navigateToGoogleHomeAndAssertGoogleLogoIsDisplayed_By_xpath_img_id_hplogo_or_alt_Google.png"]. @26-05-2021 19:19:16.0813 PM
[ReportManager] AssertElementMatches FAILED; Expected [Element should match the reference screenshot] and Actual [ELEMENT NOT FOUND]. Comparison Type [EXACT_OPENCV]. Validation Type [POSITIVE]. @26-05-2021 19:19:42.0525 PM
[ReportManager] Successfully created attachment [Validation Test Data - Reference Screenshot] @26-05-2021 19:19:42.0525 PM
[ReportManager] Successfully created attachment [Validation Test Data - Actual Screenshot] @26-05-2021 19:19:42.0526 P
[ReportManager] Successfully created attachment [Selenium WebDriver Logs - server] @26-05-2021 19:19:42.0732 PM
[ReportManager] Successfully created attachment [Selenium WebDriver Logs - performance] @26-05-2021 19:19:42.0780 PM
[ReportManager] Successfully created attachment [Selenium WebDriver Logs - browser] @26-05-2021 19:19:42.0788 PM
[ReportManager] Successfully created attachment [Selenium WebDriver Logs - driver] @26-05-2021 19:19:42.0899 PM
[ReportManager] Browser Action [closeCurrentWindow] successfully performed. @26-05-2021 19:19:42.0958 PM
[ReportManager] Successfully created attachment [Browser Action Test Data - closeCurrentWindow - Actual Value] @26-05-2021 19:19:42.0961 P
[ReportManager] File Action [getAbsolutePath] successfully performed. With the following test data [Relative Folder Path: "target/downloadedFiles/"]. @26-05-2021 19:19:42.0966 PM
[ReportManager] Attempting to run remotely on: [Linux-64], [GoogleChrome], [http://localhost:4444/wd/hub], Headless Execution. @26-05-2021 19:19:42.0968 PM
[ReportManager] Successfully Opened [GoogleChrome]. @26-05-2021 19:19:43.0198 PM
[ReportManager] Target URL: [https://www.google.com/ncr], and after redirection: [https://www.google.com] @26-05-2021 19:19:43.0215 PM
[ReportManager] Initial URL: [data:,] @26-05-2021 19:19:43.0260 PM
[ReportManager] Browser Action [navigateToURL] successfully performed. With the following test data [https://www.google.com/ncr]. @26-05-2021 19:19:45.0090 P

################################################################################################################################################
Starting Execution:	[8 out of 23] test cases in the current suite
Test Method:		[tests.gui.google.E_Search_PageObjectModel_Traditional_SHAFTAssertions.navigateToGoogleHomeAndAssertPageTitle]
################################################################################################################################################
[ReportManager] Asserting that the page title is Google... @26-05-2021 19:19:45.0096 PM
[ReportManager] Browser Action [getCurrentWindowTitle] successfully performed. With the following test data [Google]. @26-05-2021 19:19:45.0129 PM
[ReportManager] AssertBrowserAttribute PASSED; Expected [Value Should be 'Google' for the 'Title' attribute] and Actual [Google]. Comparison Type [EQUALS]. Validation Type [POSITIVE]. @26-05-2021 19:19:45.0129 P
[ReportManager] Successfully created attachment [Selenium WebDriver Logs - server] @26-05-2021 19:19:45.0306 PM
[ReportManager] Successfully created attachment [Selenium WebDriver Logs - performance] @26-05-2021 19:19:45.0362 PM
[ReportManager] Successfully created attachment [Selenium WebDriver Logs - browser] @26-05-2021 19:19:45.0369 PM
[ReportManager] Successfully created attachment [Selenium WebDriver Logs - driver] @26-05-2021 19:19:45.0447 PM
[ReportManager] Browser Action [closeCurrentWindow] successfully performed. @26-05-2021 19:19:45.0509 PM
[ReportManager] Successfully created attachment [Browser Action Test Data - closeCurrentWindow - Actual Value] @26-05-2021 19:19:45.0512 P
[ReportManager] File Action [getAbsolutePath] successfully performed. With the following test data [Relative Folder Path: "target/downloadedFiles/"]. @26-05-2021 19:19:45.0520 PM
[ReportManager] Attempting to run remotely on: [Linux-64], [GoogleChrome], [http://localhost:4444/wd/hub], Headless Execution. @26-05-2021 19:19:45.0520 PM
[ReportManager] Successfully Opened [GoogleChrome]. @26-05-2021 19:19:45.0766 PM
[ReportManager] Target URL: [https://www.google.com/ncr], and after redirection: [https://www.google.com] @26-05-2021 19:19:45.0778 PM
[ReportManager] Initial URL: [data:,] @26-05-2021 19:19:45.0837 PM
[ReportManager] Browser Action [navigateToURL] successfully performed. With the following test data [https://www.google.com/ncr]. @26-05-2021 19:19:47.0776 P

################################################################################################################################################
Starting Execution:	[9 out of 23] test cases in the current suite
Test Method:		[tests.gui.google.E_Search_PageObjectModel_Traditional_SHAFTAssertions.searchForQueryAndAssertFirstResultTextIsCorrect]
################################################################################################################################################
[ReportManager] Element Action [type] successfully performed. With the following test data [SHAFT_Engine]. @26-05-2021 19:19:48.0383 PM
[ReportManager] Element Action [keyPress] successfully performed. With the following test data [ENTER]. @26-05-2021 19:19:49.0306 PM
[ReportManager] Asserting that the correct first result is displayed... @26-05-2021 19:19:49.0306 PM
[ReportManager] Element Action [getText] successfully performed. With the following test data [MohabMohie/SHAFT_ENGINE: SHAFT_ENGINE is a ... - GitHub]. @26-05-2021 19:19:49.0504 PM
[ReportManager] Loaded Shared OpenCV @26-05-2021 19:19:49.0941 PM
[ReportManager] AssertElementAttribute PASSED; Expected [Value Should be 'MohabMohie' for the 'Text' attribute, element locator 'By.xpath: (//h1[contains(text(),'Search Result')]/following-sibling::div//a/h3)[1]'] and Actual [MohabMohie/SHAFT_ENGINE: SHAFT_ENGINE is a ... - GitHub]. Comparison Type [CONTAINS]. Validation Type [POSITIVE]. @26-05-2021 19:19:50.0010 PM
[ReportManager] Successfully created attachment [Screenshot - 1622056789941_searchForQueryAndAssertFirstResultTextIsCorrect_AssertElementAttribute_passed] @26-05-2021 19:19:50.0011 P
[ReportManager] Successfully created attachment [Selenium WebDriver Logs - server] @26-05-2021 19:19:50.0209 PM
[ReportManager] Successfully created attachment [Selenium WebDriver Logs - performance] @26-05-2021 19:19:50.0384 PM
[ReportManager] Successfully created attachment [Selenium WebDriver Logs - browser] @26-05-2021 19:19:50.0396 PM
[ReportManager] Successfully created attachment [Selenium WebDriver Logs - driver] @26-05-2021 19:19:50.0629 PM
[ReportManager] Browser Action [closeCurrentWindow] successfully performed. @26-05-2021 19:19:50.0690 PM
[ReportManager] Successfully created attachment [Browser Action Test Data - closeCurrentWindow - Actual Value] @26-05-2021 19:19:50.0692 P
[ReportManager] File Action [getAbsolutePath] successfully performed. With the following test data [Relative Folder Path: "target/downloadedFiles/"]. @26-05-2021 19:19:50.0697 PM
[ReportManager] Attempting to run remotely on: [Linux-64], [GoogleChrome], [http://localhost:4444/wd/hub], Headless Execution. @26-05-2021 19:19:50.0697 PM
[ReportManager] Successfully Opened [GoogleChrome]. @26-05-2021 19:19:50.0917 PM
[ReportManager] Target URL: [https://www.google.com/ncr], and after redirection: [https://www.google.com] @26-05-2021 19:19:50.0929 PM
[ReportManager] Initial URL: [data:,] @26-05-2021 19:19:50.0977 PM
[ReportManager] Browser Action [navigateToURL] successfully performed. With the following test data [https://www.google.com/ncr]. @26-05-2021 19:19:52.0844 P

################################################################################################################################################
Starting Execution:	[10 out of 23] test cases in the current suite
Test Method:		[tests.gui.google.C_Search_PageObjectModel_Traditional.navigateToGoogleHomeAndAssertGoogleLogoIsDisplayed]
################################################################################################################################################
[ReportManager] Element Action [identifyUniqueElement] failed. With the following test data [zero elements found matching this locator "By.xpath: //img[@id='hplogo' or @alt='Google']".]. @26-05-2021 19:20:18.0470 PM
[ReportManager] Successfully created attachment [Screenshot - 1622056818422_navigateToGoogleHomeAndAssertGoogleLogoIsDisplayed_identifyUniqueElement_failed] @26-05-2021 19:20:18.0471 P
[ReportManager] Successfully created attachment [Selenium WebDriver Logs - server] @26-05-2021 19:20:18.0681 PM
[ReportManager] Successfully created attachment [Selenium WebDriver Logs - performance] @26-05-2021 19:20:18.0730 PM
[ReportManager] Successfully created attachment [Selenium WebDriver Logs - browser] @26-05-2021 19:20:18.0738 PM
[ReportManager] Successfully created attachment [Selenium WebDriver Logs - driver] @26-05-2021 19:20:18.0837 PM
[ReportManager] Browser Action [closeCurrentWindow] successfully performed. @26-05-2021 19:20:18.0899 PM
[ReportManager] Successfully created attachment [Browser Action Test Data - closeCurrentWindow - Actual Value] @26-05-2021 19:20:18.0903 P
[ReportManager] File Action [getAbsolutePath] successfully performed. With the following test data [Relative Folder Path: "target/downloadedFiles/"]. @26-05-2021 19:20:18.0908 PM
[ReportManager] Attempting to run remotely on: [Linux-64], [GoogleChrome], [http://localhost:4444/wd/hub], Headless Execution. @26-05-2021 19:20:18.0909 PM
[ReportManager] Successfully Opened [GoogleChrome]. @26-05-2021 19:20:19.0117 PM
[ReportManager] Target URL: [https://www.google.com/ncr], and after redirection: [https://www.google.com] @26-05-2021 19:20:19.0132 PM
[ReportManager] Initial URL: [data:,] @26-05-2021 19:20:19.0178 PM
[ReportManager] Browser Action [navigateToURL] successfully performed. With the following test data [https://www.google.com/ncr]. @26-05-2021 19:20:21.0021 P

################################################################################################################################################
Starting Execution:	[11 out of 23] test cases in the current suite
Test Method:		[tests.gui.google.C_Search_PageObjectModel_Traditional.navigateToGoogleHomeAndAssertPageTitle]
################################################################################################################################################
[ReportManager] Browser Action [getCurrentWindowTitle] successfully performed. With the following test data [Google]. @26-05-2021 19:20:21.0074 PM
[ReportManager] Asserting that the page title is Google... @26-05-2021 19:20:21.0074 PM
[ReportManager] AssertEquals PASSED; Expected [Google] and Actual [Google]. Comparison Type [EQUALS]. Validation Type [POSITIVE]. @26-05-2021 19:20:21.0075 P
[ReportManager] Successfully created attachment [Selenium WebDriver Logs - server] @26-05-2021 19:20:21.0294 PM
[ReportManager] Successfully created attachment [Selenium WebDriver Logs - performance] @26-05-2021 19:20:21.0342 PM
[ReportManager] Successfully created attachment [Selenium WebDriver Logs - browser] @26-05-2021 19:20:21.0351 PM
[ReportManager] Successfully created attachment [Selenium WebDriver Logs - driver] @26-05-2021 19:20:21.0438 PM
[ReportManager] Browser Action [closeCurrentWindow] successfully performed. @26-05-2021 19:20:21.0496 PM
[ReportManager] Successfully created attachment [Browser Action Test Data - closeCurrentWindow - Actual Value] @26-05-2021 19:20:21.0499 P
[ReportManager] File Action [getAbsolutePath] successfully performed. With the following test data [Relative Folder Path: "target/downloadedFiles/"]. @26-05-2021 19:20:21.0505 PM
[ReportManager] Attempting to run remotely on: [Linux-64], [GoogleChrome], [http://localhost:4444/wd/hub], Headless Execution. @26-05-2021 19:20:21.0505 PM
[ReportManager] Successfully Opened [GoogleChrome]. @26-05-2021 19:20:21.0731 PM
[ReportManager] Target URL: [https://www.google.com/ncr], and after redirection: [https://www.google.com] @26-05-2021 19:20:21.0744 PM
[ReportManager] Initial URL: [data:,] @26-05-2021 19:20:21.0800 PM
[ReportManager] Browser Action [navigateToURL] successfully performed. With the following test data [https://www.google.com/ncr]. @26-05-2021 19:20:23.0628 P

################################################################################################################################################
Starting Execution:	[12 out of 23] test cases in the current suite
Test Method:		[tests.gui.google.C_Search_PageObjectModel_Traditional.searchForQueryAndAssertFirstResultTextIsCorrect]
################################################################################################################################################
[ReportManager] Element Action [type] successfully performed. With the following test data [SHAFT_Engine]. @26-05-2021 19:20:24.0239 PM
[ReportManager] Element Action [keyPress] successfully performed. With the following test data [ENTER]. @26-05-2021 19:20:25.0944 PM
[ReportManager] Element Action [getText] successfully performed. With the following test data [MohabMohie/SHAFT_ENGINE: SHAFT_ENGINE is a ... - GitHub]. @26-05-2021 19:20:26.0040 PM
[ReportManager] Asserting that the correct first result is displayed... @26-05-2021 19:20:26.0040 PM
[ReportManager] AssertEquals PASSED; Expected [MohabMohie] and Actual [MohabMohie/SHAFT_ENGINE: SHAFT_ENGINE is a ... - GitHub]. Comparison Type [CONTAINS]. Validation Type [POSITIVE]. @26-05-2021 19:20:26.0040 P
[ReportManager] Successfully created attachment [Selenium WebDriver Logs - server] @26-05-2021 19:20:26.0237 PM
[ReportManager] Successfully created attachment [Selenium WebDriver Logs - performance] @26-05-2021 19:20:26.0423 PM
[ReportManager] Successfully created attachment [Selenium WebDriver Logs - browser] @26-05-2021 19:20:26.0434 PM
[ReportManager] Successfully created attachment [Selenium WebDriver Logs - driver] @26-05-2021 19:20:26.0669 PM
[ReportManager] Browser Action [closeCurrentWindow] successfully performed. @26-05-2021 19:20:26.0731 PM
[ReportManager] Successfully created attachment [Browser Action Test Data - closeCurrentWindow - Actual Value] @26-05-2021 19:20:26.0734 P
[ReportManager] File Action [getAbsolutePath] successfully performed. With the following test data [Relative Folder Path: "target/downloadedFiles/"]. @26-05-2021 19:20:26.0741 PM
[ReportManager] Attempting to run remotely on: [Linux-64], [GoogleChrome], [http://localhost:4444/wd/hub], Headless Execution. @26-05-2021 19:20:26.0741 PM
[ReportManager] Successfully Opened [GoogleChrome]. @26-05-2021 19:20:27.0023 PM
[ReportManager] Target URL: [https://www.google.com/ncr], and after redirection: [https://www.google.com] @26-05-2021 19:20:27.0037 PM
[ReportManager] Initial URL: [data:,] @26-05-2021 19:20:27.0091 PM
[ReportManager] Browser Action [navigateToURL] successfully performed. With the following test data [https://www.google.com/ncr]. @26-05-2021 19:20:29.0069 P

################################################################################################################################################
Starting Execution:	[13 out of 23] test cases in the current suite
Test Method:		[tests.gui.google.B_Search_FlatTest_SHAFT.navigateToGoogleHomeAndAssertGoogleLogoIsDisplayed]
################################################################################################################################################
[ReportManager] Asserting that the Google logo is displayed... @26-05-2021 19:20:29.0072 PM
[ReportManager] File Action [doesFileExist] successfully performed. With the following test data [File Path: "src/test/resources/DynamicObjectRepository/tests_gui_google_B_Search_FlatTest_SHAFT_navigateToGoogleHomeAndAssertGoogleLogoIsDisplayed_By_xpath_img_id_hplogo_or_alt_Google.png"]. @26-05-2021 19:20:29.0076 PM
[ReportManager] File Action [getAbsolutePath] successfully performed. With the following test data [Relative Folder Path: "src/test/resources/DynamicObjectRepository/tests_gui_google_B_Search_FlatTest_SHAFT_navigateToGoogleHomeAndAssertGoogleLogoIsDisplayed_By_xpath_img_id_hplogo_or_alt_Google.png"]. @26-05-2021 19:20:29.0076 PM
[ReportManager] File Action [readFromImageFile] successfully performed. With the following test data [File Path: "/home/runner/work/using_SHAFT_ENGINE/using_SHAFT_ENGINE/src/test/resources/DynamicObjectRepository/tests_gui_google_B_Search_FlatTest_SHAFT_navigateToGoogleHomeAndAssertGoogleLogoIsDisplayed_By_xpath_img_id_hplogo_or_alt_Google.png"]. @26-05-2021 19:20:29.0076 PM
[ReportManager] AssertElementMatches FAILED; Expected [Element should match the reference screenshot] and Actual [ELEMENT NOT FOUND]. Comparison Type [EXACT_OPENCV]. Validation Type [POSITIVE]. @26-05-2021 19:20:54.0824 PM
[ReportManager] Successfully created attachment [Validation Test Data - Reference Screenshot] @26-05-2021 19:20:54.0825 PM
[ReportManager] Successfully created attachment [Validation Test Data - Actual Screenshot] @26-05-2021 19:20:54.0825 P
[ReportManager] Successfully created attachment [Selenium WebDriver Logs - server] @26-05-2021 19:20:55.0034 PM
[ReportManager] Successfully created attachment [Selenium WebDriver Logs - performance] @26-05-2021 19:20:55.0080 PM
[ReportManager] Successfully created attachment [Selenium WebDriver Logs - browser] @26-05-2021 19:20:55.0090 PM
[ReportManager] Successfully created attachment [Selenium WebDriver Logs - driver] @26-05-2021 19:20:55.0196 PM
[ReportManager] Browser Action [closeCurrentWindow] successfully performed. @26-05-2021 19:20:55.0259 PM
[ReportManager] Successfully created attachment [Browser Action Test Data - closeCurrentWindow - Actual Value] @26-05-2021 19:20:55.0262 P
[ReportManager] File Action [getAbsolutePath] successfully performed. With the following test data [Relative Folder Path: "target/downloadedFiles/"]. @26-05-2021 19:20:55.0266 PM
[ReportManager] Attempting to run remotely on: [Linux-64], [GoogleChrome], [http://localhost:4444/wd/hub], Headless Execution. @26-05-2021 19:20:55.0267 PM
[ReportManager] Successfully Opened [GoogleChrome]. @26-05-2021 19:20:55.0484 PM
[ReportManager] Target URL: [https://www.google.com/ncr], and after redirection: [https://www.google.com] @26-05-2021 19:20:55.0497 PM
[ReportManager] Initial URL: [data:,] @26-05-2021 19:20:55.0551 PM
[ReportManager] Browser Action [navigateToURL] successfully performed. With the following test data [https://www.google.com/ncr]. @26-05-2021 19:20:57.0364 P

################################################################################################################################################
Starting Execution:	[14 out of 23] test cases in the current suite
Test Method:		[tests.gui.google.B_Search_FlatTest_SHAFT.navigateToGoogleHomeAndAssertPageTitle]
################################################################################################################################################
[ReportManager] Asserting that the page title is Google... @26-05-2021 19:20:57.0370 PM
[ReportManager] Browser Action [getCurrentWindowTitle] successfully performed. With the following test data [Google]. @26-05-2021 19:20:57.0403 PM
[ReportManager] AssertBrowserAttribute PASSED; Expected [Value Should be 'Google' for the 'Title' attribute] and Actual [Google]. Comparison Type [EQUALS]. Validation Type [POSITIVE]. @26-05-2021 19:20:57.0404 P
[ReportManager] Successfully created attachment [Selenium WebDriver Logs - server] @26-05-2021 19:20:57.0593 PM
[ReportManager] Successfully created attachment [Selenium WebDriver Logs - performance] @26-05-2021 19:20:57.0637 PM
[ReportManager] Successfully created attachment [Selenium WebDriver Logs - browser] @26-05-2021 19:20:57.0644 PM
[ReportManager] Successfully created attachment [Selenium WebDriver Logs - driver] @26-05-2021 19:20:57.0722 PM
[ReportManager] Browser Action [closeCurrentWindow] successfully performed. @26-05-2021 19:20:57.0780 PM
[ReportManager] Successfully created attachment [Browser Action Test Data - closeCurrentWindow - Actual Value] @26-05-2021 19:20:57.0785 P
[ReportManager] File Action [getAbsolutePath] successfully performed. With the following test data [Relative Folder Path: "target/downloadedFiles/"]. @26-05-2021 19:20:57.0790 PM
[ReportManager] Attempting to run remotely on: [Linux-64], [GoogleChrome], [http://localhost:4444/wd/hub], Headless Execution. @26-05-2021 19:20:57.0790 PM
[ReportManager] Successfully Opened [GoogleChrome]. @26-05-2021 19:20:57.0993 PM
[ReportManager] Target URL: [https://www.google.com/ncr], and after redirection: [https://www.google.com] @26-05-2021 19:20:58.0007 PM
[ReportManager] Initial URL: [data:,] @26-05-2021 19:20:58.0049 PM
[ReportManager] Browser Action [navigateToURL] successfully performed. With the following test data [https://www.google.com/ncr]. @26-05-2021 19:20:59.0865 P

################################################################################################################################################
Starting Execution:	[15 out of 23] test cases in the current suite
Test Method:		[tests.gui.google.B_Search_FlatTest_SHAFT.searchForQueryAndAssertFirstResultTextIsCorrect]
################################################################################################################################################
[ReportManager] Element Action [type] successfully performed. With the following test data [SHAFT_Engine]. @26-05-2021 19:21:00.0457 PM
[ReportManager] Element Action [keyPress] successfully performed. With the following test data [ENTER]. @26-05-2021 19:21:01.0694 PM
[ReportManager] Asserting that the correct first result is displayed... @26-05-2021 19:21:01.0694 PM
[ReportManager] Element Action [getText] successfully performed. With the following test data [MohabMohie/SHAFT_ENGINE: SHAFT_ENGINE is a ... - GitHub]. @26-05-2021 19:21:01.0780 PM
[ReportManager] Loaded Shared OpenCV @26-05-2021 19:21:01.0935 PM
[ReportManager] AssertElementAttribute PASSED; Expected [Value Should be 'MohabMohie' for the 'Text' attribute, element locator 'By.xpath: (//h1[contains(text(),'Search Result')]/following-sibling::div//a/h3)[1]'] and Actual [MohabMohie/SHAFT_ENGINE: SHAFT_ENGINE is a ... - GitHub]. Comparison Type [CONTAINS]. Validation Type [POSITIVE]. @26-05-2021 19:21:01.0996 PM
[ReportManager] Successfully created attachment [Screenshot - 1622056861935_searchForQueryAndAssertFirstResultTextIsCorrect_AssertElementAttribute_passed] @26-05-2021 19:21:01.0998 P
[ReportManager] Successfully created attachment [Selenium WebDriver Logs - server] @26-05-2021 19:21:02.0193 PM
[ReportManager] Successfully created attachment [Selenium WebDriver Logs - performance] @26-05-2021 19:21:02.0371 PM
[ReportManager] Successfully created attachment [Selenium WebDriver Logs - browser] @26-05-2021 19:21:02.0381 PM
[ReportManager] Successfully created attachment [Selenium WebDriver Logs - driver] @26-05-2021 19:21:02.0589 PM
[ReportManager] Browser Action [closeCurrentWindow] successfully performed. @26-05-2021 19:21:02.0650 PM
[ReportManager] Successfully created attachment [Browser Action Test Data - closeCurrentWindow - Actual Value] @26-05-2021 19:21:02.0653 P



################################################################################################################################################
Starting Execution:	[16 out of 23] test cases in the current suite
Test Method:		[tests.gui.google.A_Search_FlatTest_NativeSeleniumWebDriver.navigateToGoogleHomeAndAssertGoogleLogoIsDisplayed]
###############################################################################################################################################



################################################################################################################################################
Starting Execution:	[17 out of 23] test cases in the current suite
Test Method:		[tests.gui.google.A_Search_FlatTest_NativeSeleniumWebDriver.navigateToGoogleHomeAndAssertPageTitle]
###############################################################################################################################################



################################################################################################################################################
Starting Execution:	[18 out of 23] test cases in the current suite
Test Method:		[tests.gui.google.A_Search_FlatTest_NativeSeleniumWebDriver.searchForQueryAndAssertFirstResultTextIsCorrect]
###############################################################################################################################################

[ReportManager] Successfully loaded the following test data file [src/test/resources/TestDataFiles/Google/SimpleSearch.xlsx]. @26-05-2021 19:21:04.0925 PM
[ReportManager] Successfully created attachment [Test Data - Excel] @26-05-2021 19:21:04.0925 P
[ReportManager] File Action [getAbsolutePath] successfully performed. With the following test data [Relative Folder Path: "target/downloadedFiles/"]. @26-05-2021 19:21:04.0926 PM
[ReportManager] Attempting to run remotely on: [Linux-64], [GoogleChrome], [http://localhost:4444/wd/hub], Headless Execution. @26-05-2021 19:21:04.0926 PM
[ReportManager] Successfully Opened [GoogleChrome]. @26-05-2021 19:21:05.0169 PM
[ReportManager] Target URL: [https://www.google.com/ncr], and after redirection: [https://www.google.com] @26-05-2021 19:21:05.0182 PM
[ReportManager] Initial URL: [data:,] @26-05-2021 19:21:05.0234 PM
[ReportManager] Browser Action [navigateToURL] successfully performed. With the following test data [https://www.google.com/ncr]. @26-05-2021 19:21:07.0178 P

################################################################################################################################################
Starting Execution:	[19 out of 23] test cases in the current suite
Test Method:		[tests.gui.google.G_Search_PageObjectModel_ThreadSafe.navigateToGoogleHomeAndAssertGoogleLogoIsDisplayed]
################################################################################################################################################
[ReportManager] Asserting that the Google logo is displayed... @26-05-2021 19:21:07.0181 PM
[ReportManager] File Action [doesFileExist] successfully performed. With the following test data [File Path: "src/test/resources/DynamicObjectRepository/tests_gui_google_G_Search_PageObjectModel_ThreadSafe_navigateToGoogleHomeAndAssertGoogleLogoIsDisplayed_By_xpath_img_id_hplogo_or_alt_Google.png"]. @26-05-2021 19:21:07.0181 PM
[ReportManager] File Action [getAbsolutePath] successfully performed. With the following test data [Relative Folder Path: "src/test/resources/DynamicObjectRepository/tests_gui_google_G_Search_PageObjectModel_ThreadSafe_navigateToGoogleHomeAndAssertGoogleLogoIsDisplayed_By_xpath_img_id_hplogo_or_alt_Google.png"]. @26-05-2021 19:21:07.0181 PM
[ReportManager] File Action [readFromImageFile] successfully performed. With the following test data [File Path: "/home/runner/work/using_SHAFT_ENGINE/using_SHAFT_ENGINE/src/test/resources/DynamicObjectRepository/tests_gui_google_G_Search_PageObjectModel_ThreadSafe_navigateToGoogleHomeAndAssertGoogleLogoIsDisplayed_By_xpath_img_id_hplogo_or_alt_Google.png"]. @26-05-2021 19:21:07.0181 PM
[ReportManager] AssertElementMatches FAILED; Expected [Element should match the reference screenshot] and Actual [ELEMENT NOT FOUND]. Comparison Type [EXACT_OPENCV]. Validation Type [POSITIVE]. @26-05-2021 19:21:32.0870 PM
[ReportManager] Successfully created attachment [Validation Test Data - Reference Screenshot] @26-05-2021 19:21:32.0870 PM
[ReportManager] Successfully created attachment [Validation Test Data - Actual Screenshot] @26-05-2021 19:21:32.0871 P
[ReportManager] Successfully created attachment [Selenium WebDriver Logs - server] @26-05-2021 19:21:33.0077 PM
[ReportManager] Successfully created attachment [Selenium WebDriver Logs - performance] @26-05-2021 19:21:33.0123 PM
[ReportManager] Successfully created attachment [Selenium WebDriver Logs - browser] @26-05-2021 19:21:33.0137 PM
[ReportManager] Successfully created attachment [Selenium WebDriver Logs - driver] @26-05-2021 19:21:33.0247 PM
[ReportManager] Browser Action [closeCurrentWindow] successfully performed. @26-05-2021 19:21:33.0307 PM
[ReportManager] Successfully created attachment [Browser Action Test Data - closeCurrentWindow - Actual Value] @26-05-2021 19:21:33.0311 P
[ReportManager] File Action [getAbsolutePath] successfully performed. With the following test data [Relative Folder Path: "target/downloadedFiles/"]. @26-05-2021 19:21:33.0315 PM
[ReportManager] Attempting to run remotely on: [Linux-64], [GoogleChrome], [http://localhost:4444/wd/hub], Headless Execution. @26-05-2021 19:21:33.0315 PM
[ReportManager] Successfully Opened [GoogleChrome]. @26-05-2021 19:21:33.0527 PM
[ReportManager] Target URL: [https://www.google.com/ncr], and after redirection: [https://www.google.com] @26-05-2021 19:21:33.0538 PM
[ReportManager] Initial URL: [data:,] @26-05-2021 19:21:33.0587 PM
[ReportManager] Browser Action [navigateToURL] successfully performed. With the following test data [https://www.google.com/ncr]. @26-05-2021 19:21:35.0412 P

################################################################################################################################################
Starting Execution:	[20 out of 23] test cases in the current suite
Test Method:		[tests.gui.google.G_Search_PageObjectModel_ThreadSafe.navigateToGoogleHomeAndAssertPageTitle]
################################################################################################################################################
[ReportManager] Asserting that the page title is Google... @26-05-2021 19:21:35.0419 PM
[ReportManager] Browser Action [getCurrentWindowTitle] successfully performed. With the following test data [Google]. @26-05-2021 19:21:35.0452 PM
[ReportManager] AssertBrowserAttribute PASSED; Expected [Value Should be 'Google' for the 'Title' attribute] and Actual [Google]. Comparison Type [EQUALS]. Validation Type [POSITIVE]. @26-05-2021 19:21:35.0452 P
[ReportManager] Successfully created attachment [Selenium WebDriver Logs - server] @26-05-2021 19:21:35.0645 PM
[ReportManager] Successfully created attachment [Selenium WebDriver Logs - performance] @26-05-2021 19:21:35.0710 PM
[ReportManager] Successfully created attachment [Selenium WebDriver Logs - browser] @26-05-2021 19:21:35.0719 PM
[ReportManager] Successfully created attachment [Selenium WebDriver Logs - driver] @26-05-2021 19:21:35.0806 PM
[ReportManager] Browser Action [closeCurrentWindow] successfully performed. @26-05-2021 19:21:35.0865 PM
[ReportManager] Successfully created attachment [Browser Action Test Data - closeCurrentWindow - Actual Value] @26-05-2021 19:21:35.0869 P
[ReportManager] File Action [getAbsolutePath] successfully performed. With the following test data [Relative Folder Path: "target/downloadedFiles/"]. @26-05-2021 19:21:35.0873 PM
[ReportManager] Attempting to run remotely on: [Linux-64], [GoogleChrome], [http://localhost:4444/wd/hub], Headless Execution. @26-05-2021 19:21:35.0873 PM
[ReportManager] Successfully Opened [GoogleChrome]. @26-05-2021 19:21:36.0092 PM
[ReportManager] Target URL: [https://www.google.com/ncr], and after redirection: [https://www.google.com] @26-05-2021 19:21:36.0105 PM
[ReportManager] Initial URL: [data:,] @26-05-2021 19:21:36.0148 PM
[ReportManager] Browser Action [navigateToURL] successfully performed. With the following test data [https://www.google.com/ncr]. @26-05-2021 19:21:37.0961 P

################################################################################################################################################
Starting Execution:	[21 out of 23] test cases in the current suite
Test Method:		[tests.gui.google.G_Search_PageObjectModel_ThreadSafe.searchForQueryAndAssertFirstResultTextIsCorrect]
################################################################################################################################################
[ReportManager] Element Action [type] successfully performed. With the following test data [SHAFT_Engine]. @26-05-2021 19:21:38.0620 PM
[ReportManager] Element Action [keyPress] successfully performed. With the following test data [ENTER]. @26-05-2021 19:21:39.0810 PM
[ReportManager] Asserting that the correct first result is displayed... @26-05-2021 19:21:39.0811 PM
[ReportManager] Element Action [getText] successfully performed. With the following test data [MohabMohie/SHAFT_ENGINE: SHAFT_ENGINE is a ... - GitHub]. @26-05-2021 19:21:40.0138 PM
[ReportManager] Loaded Shared OpenCV @26-05-2021 19:21:40.0474 PM
[ReportManager] AssertElementAttribute PASSED; Expected [Value Should be 'MohabMohie' for the 'Text' attribute, element locator 'By.xpath: (//h1[contains(text(),'Search Result')]/following-sibling::div//a/h3)[1]'] and Actual [MohabMohie/SHAFT_ENGINE: SHAFT_ENGINE is a ... - GitHub]. Comparison Type [CONTAINS]. Validation Type [POSITIVE]. @26-05-2021 19:21:40.0541 PM
[ReportManager] Successfully created attachment [Screenshot - 1622056900474_searchForQueryAndAssertFirstResultTextIsCorrect_AssertElementAttribute_passed] @26-05-2021 19:21:40.0543 P
[ReportManager] Successfully created attachment [Selenium WebDriver Logs - server] @26-05-2021 19:21:40.0749 PM
[ReportManager] Successfully created attachment [Selenium WebDriver Logs - performance] @26-05-2021 19:21:40.0944 PM
[ReportManager] Successfully created attachment [Selenium WebDriver Logs - browser] @26-05-2021 19:21:40.0951 PM
[ReportManager] Successfully created attachment [Selenium WebDriver Logs - driver] @26-05-2021 19:21:41.0194 PM
[ReportManager] Browser Action [closeCurrentWindow] successfully performed. @26-05-2021 19:21:41.0256 PM
[ReportManager] Successfully created attachment [Browser Action Test Data - closeCurrentWindow - Actual Value] @26-05-2021 19:21:41.0259 P

################################################################################################################################################
Starting Execution:	[22 out of 23] test cases in the current suite
Test Method:		[tests.api.users.UserData.validateUserEmail]
################################################################################################################################################
[ReportManager] Response status code: [200], status line: [HTTP/1.1 200 OK] @26-05-2021 19:21:43.0202 PM
[ReportManager] Evaluating the actual response status code against the expected one...... @26-05-2021 19:21:43.0202 PM
[ReportManager] AssertEquals PASSED; Expected [200] and Actual [200]. Comparison Type [EQUALS]. Validation Type [POSITIVE]. @26-05-2021 19:21:43.0202 PM
[ReportManager] API Action [performRequest] successfully performed. With the following test data [Request Type: "GET" | Target Status Code: "200" | Service URL: "https://jsonplaceholder.typicode.com/users" | Content Type: "*/*" | Response Time: "541ms"]. @26-05-2021 19:21:44.0245 PM
[ReportManager] Successfully created attachment [API Response - JSON Body] @26-05-2021 19:21:44.0431 PM
[ReportManager] AssertEquals PASSED; Expected and Actual values are attached. Comparison Type [CONTAINS]. Validation Type [POSITIVE]. @26-05-2021 19:21:44.0432 PM
[ReportManager] Successfully created attachment [Validation Test Data - Expected Value] @26-05-2021 19:21:44.0433 PM
[ReportManager] Successfully created attachment [Validation Test Data - Actual Value] @26-05-2021 19:21:44.0433 PM
[ReportManager] API Action [getResponseJSONValueAsList] successfully performed. With the following test data [$]. @26-05-2021 19:21:44.0447 PM
[ReportManager] API Action [getResponseJSONValue] successfully performed. With the following test data [name]. @26-05-2021 19:21:44.0476 PM
[ReportManager] API Action [getResponseJSONValue] successfully performed. With the following test data [email]. @26-05-2021 19:21:44.0498 PM
[ReportManager] AssertEquals PASSED; Expected [Sincere@april.biz] and Actual [Sincere@april.biz]. Comparison Type [EQUALS]. Validation Type [POSITIVE]. @26-05-2021 19:21:44.0498 PM
[ReportManager] API Action [getResponseJSONValue] successfully performed. With the following test data [name]. @26-05-2021 19:21:44.0515 PM
[ReportManager] API Action [getResponseJSONValue] successfully performed. With the following test data [name]. @26-05-2021 19:21:44.0530 PM
[ReportManager] API Action [getResponseJSONValue] successfully performed. With the following test data [name]. @26-05-2021 19:21:44.0546 PM
[ReportManager] API Action [getResponseJSONValue] successfully performed. With the following test data [name]. @26-05-2021 19:21:44.0559 PM
[ReportManager] API Action [getResponseJSONValue] successfully performed. With the following test data [name]. @26-05-2021 19:21:44.0574 PM
[ReportManager] API Action [getResponseJSONValue] successfully performed. With the following test data [name]. @26-05-2021 19:21:44.0587 PM
[ReportManager] API Action [getResponseJSONValue] successfully performed. With the following test data [name]. @26-05-2021 19:21:44.0603 PM
[ReportManager] API Action [getResponseJSONValue] successfully performed. With the following test data [name]. @26-05-2021 19:21:44.0615 PM
[ReportManager] API Action [getResponseJSONValue] successfully performed. With the following test data [name]. @26-05-2021 19:21:44.0632 P

################################################################################################################################################
Starting Execution:	[23 out of 23] test cases in the current suite
Test Method:		[tests.cli.demo.cliTest.sampleTestCase]
################################################################################################################################################
[ReportManager] Attempting to perform the following command locally. Command: [ls] @26-05-2021 19:21:44.0656 PM
[ReportManager] Terminal Action [performTerminalCommands] successfully performed. With the following test data [Host Name: "localHost" | Command: "ls" | Exit Status: "0"]. @26-05-2021 19:21:44.0664 PM
[ReportManager] Successfully created attachment [Terminal Action Actual Result - Command Log] @26-05-2021 19:21:44.0664 PM
[ReportManager] Demoing local terminal actions... @26-05-2021 19:21:44.0664 PM
[ReportManager] AssertEquals PASSED; Expected [pom.xml] and Actual [LICENSE
README.md
allure-results
docker-compose_native.yml
docker-compose_zalenium.yml
extent-reports
pom.xml
src
target]. Comparison Type [CONTAINS]. Validation Type [POSITIVE]. @26-05-2021 19:21:44.0665 P

################################################################################################################################################
Test Closure Activities
################################################################################################################################################
[ReportManager] Successfully created attachment [SHAFT Engine Logs - Execution log] @26-05-2021 19:21:44.0688 PM

################################################################################################################################################
This test run was powered by SHAFT Engine Version: [SHAFT Engine v5.3.20210519]
SHAFT Engine is licensed under the MIT License: [https://github.com/MohabMohie/SHAFT_ENGINE/blob/master/LICENSE].
################################################################################################################################################