{
  "uid" : "4e335ba0cc5ec644",
  "name" : "navigateToGoogleHomeAndAssertGoogleLogoIsDisplayed",
  "fullName" : "tests.gui.google.A_Search_FlatTest_NativeSeleniumWebDriver.navigateToGoogleHomeAndAssertGoogleLogoIsDisplayed",
  "historyId" : "7431e87dda04bcbb04d2d3b07ce977e2",
  "time" : {
    "start" : 1625576253144,
    "stop" : 1625576253151,
    "duration" : 7
  },
  "status" : "skipped",
  "statusMessage" : "unknown error: Chrome failed to start: exited abnormally.\n  (unknown error: DevToolsActivePort file doesn't exist)\n  (The process started from chrome location /usr/bin/google-chrome is no longer running, so ChromeDriver is assuming that Chrome has crashed.)\nBuild info: version: '3.141.59', revision: 'e82be7d358', time: '2018-11-14T08:17:03'\nSystem info: host: 'fv-az219-529', ip: '10.1.1.74', os.name: 'Linux', os.arch: 'amd64', os.version: '5.8.0-1036-azure', java.version: '15.0.3'\nDriver info: driver.version: A_Search_FlatTest_NativeSeleniumWebDriver\nremote stacktrace: #0 0x55e0db05a949 <unknown>\n",
  "statusTrace" : "org.openqa.selenium.WebDriverException: unknown error: Chrome failed to start: exited abnormally.\n  (unknown error: DevToolsActivePort file doesn't exist)\n  (The process started from chrome location /usr/bin/google-chrome is no longer running, so ChromeDriver is assuming that Chrome has crashed.)\nBuild info: version: '3.141.59', revision: 'e82be7d358', time: '2018-11-14T08:17:03'\nSystem info: host: 'fv-az219-529', ip: '10.1.1.74', os.name: 'Linux', os.arch: 'amd64', os.version: '5.8.0-1036-azure', java.version: '15.0.3'\nDriver info: driver.version: A_Search_FlatTest_NativeSeleniumWebDriver\nremote stacktrace: #0 0x55e0db05a949 <unknown>\n\n\tat java.base/jdk.internal.reflect.NativeConstructorAccessorImpl.newInstance0(Native Method)\n\tat java.base/jdk.internal.reflect.NativeConstructorAccessorImpl.newInstance(NativeConstructorAccessorImpl.java:64)\n\tat java.base/jdk.internal.reflect.DelegatingConstructorAccessorImpl.newInstance(DelegatingConstructorAccessorImpl.java:45)\n\tat java.base/java.lang.reflect.Constructor.newInstanceWithCaller(Constructor.java:500)\n\tat java.base/java.lang.reflect.Constructor.newInstance(Constructor.java:481)\n\tat org.openqa.selenium.remote.W3CHandshakeResponse.lambda$errorHandler$0(W3CHandshakeResponse.java:62)\n\tat org.openqa.selenium.remote.HandshakeResponse.lambda$getResponseFunction$0(HandshakeResponse.java:30)\n\tat org.openqa.selenium.remote.ProtocolHandshake.lambda$createSession$0(ProtocolHandshake.java:126)\n\tat java.base/java.util.stream.ReferencePipeline$3$1.accept(ReferencePipeline.java:195)\n\tat java.base/java.util.Spliterators$ArraySpliterator.tryAdvance(Spliterators.java:958)\n\tat java.base/java.util.stream.ReferencePipeline.forEachWithCancel(ReferencePipeline.java:127)\n\tat java.base/java.util.stream.AbstractPipeline.copyIntoWithCancel(AbstractPipeline.java:502)\n\tat java.base/java.util.stream.AbstractPipeline.copyInto(AbstractPipeline.java:488)\n\tat java.base/java.util.stream.AbstractPipeline.wrapAndCopyInto(AbstractPipeline.java:474)\n\tat java.base/java.util.stream.FindOps$FindOp.evaluateSequential(FindOps.java:150)\n\tat java.base/java.util.stream.AbstractPipeline.evaluate(AbstractPipeline.java:234)\n\tat java.base/java.util.stream.ReferencePipeline.findFirst(ReferencePipeline.java:543)\n\tat org.openqa.selenium.remote.ProtocolHandshake.createSession(ProtocolHandshake.java:128)\n\tat org.openqa.selenium.remote.ProtocolHandshake.createSession(ProtocolHandshake.java:74)\n\tat org.openqa.selenium.remote.HttpCommandExecutor.execute(HttpCommandExecutor.java:136)\n\tat org.openqa.selenium.remote.service.DriverCommandExecutor.execute(DriverCommandExecutor.java:83)\n\tat org.openqa.selenium.remote.RemoteWebDriver.execute(RemoteWebDriver.java:552)\n\tat org.openqa.selenium.remote.RemoteWebDriver.startSession(RemoteWebDriver.java:213)\n\tat org.openqa.selenium.remote.RemoteWebDriver.<init>(RemoteWebDriver.java:131)\n\tat org.openqa.selenium.chrome.ChromeDriver.<init>(ChromeDriver.java:181)\n\tat org.openqa.selenium.chrome.ChromeDriver.<init>(ChromeDriver.java:168)\n\tat org.openqa.selenium.chrome.ChromeDriver.<init>(ChromeDriver.java:123)\n\tat tests.gui.google.A_Search_FlatTest_NativeSeleniumWebDriver.beforeMethod(A_Search_FlatTest_NativeSeleniumWebDriver.java:46)\n\tat java.base/jdk.internal.reflect.NativeMethodAccessorImpl.invoke0(Native Method)\n\tat java.base/jdk.internal.reflect.NativeMethodAccessorImpl.invoke(NativeMethodAccessorImpl.java:64)\n\tat java.base/jdk.internal.reflect.DelegatingMethodAccessorImpl.invoke(DelegatingMethodAccessorImpl.java:43)\n\tat java.base/java.lang.reflect.Method.invoke(Method.java:564)\n\tat org.testng.internal.MethodInvocationHelper.invokeMethod(MethodInvocationHelper.java:133)\n\tat org.testng.internal.MethodInvocationHelper.invokeMethodConsideringTimeout(MethodInvocationHelper.java:62)\n\tat org.testng.internal.ConfigInvoker.invokeConfigurationMethod(ConfigInvoker.java:385)\n\tat org.testng.internal.ConfigInvoker.invokeConfigurations(ConfigInvoker.java:321)\n\tat org.testng.internal.TestInvoker.runConfigMethods(TestInvoker.java:700)\n\tat org.testng.internal.TestInvoker.invokeMethod(TestInvoker.java:527)\n\tat org.testng.internal.TestInvoker.invokeTestMethod(TestInvoker.java:173)\n\tat org.testng.internal.MethodRunner.runInSequence(MethodRunner.java:46)\n\tat org.testng.internal.TestInvoker$MethodInvocationAgent.invoke(TestInvoker.java:824)\n\tat org.testng.internal.TestInvoker.invokeTestMethods(TestInvoker.java:146)\n\tat org.testng.internal.TestMethodWorker.invokeTestMethods(TestMethodWorker.java:146)\n\tat org.testng.internal.TestMethodWorker.run(TestMethodWorker.java:128)\n\tat java.base/java.util.ArrayList.forEach(ArrayList.java:1511)\n\tat org.testng.TestRunner.privateRun(TestRunner.java:794)\n\tat org.testng.TestRunner.run(TestRunner.java:596)\n\tat org.testng.SuiteRunner.runTest(SuiteRunner.java:377)\n\tat org.testng.SuiteRunner.runSequentially(SuiteRunner.java:371)\n\tat org.testng.SuiteRunner.privateRun(SuiteRunner.java:332)\n\tat org.testng.SuiteRunner.run(SuiteRunner.java:276)\n\tat org.testng.SuiteRunnerWorker.runSuite(SuiteRunnerWorker.java:53)\n\tat org.testng.SuiteRunnerWorker.run(SuiteRunnerWorker.java:96)\n\tat org.testng.TestNG.runSuitesSequentially(TestNG.java:1212)\n\tat org.testng.TestNG.runSuitesLocally(TestNG.java:1134)\n\tat org.testng.TestNG.runSuites(TestNG.java:1063)\n\tat org.testng.TestNG.run(TestNG.java:1031)\n\tat org.apache.maven.surefire.testng.TestNGExecutor.run(TestNGExecutor.java:136)\n\tat org.apache.maven.surefire.testng.TestNGDirectoryTestSuite.executeMulti(TestNGDirectoryTestSuite.java:193)\n\tat org.apache.maven.surefire.testng.TestNGDirectoryTestSuite.execute(TestNGDirectoryTestSuite.java:94)\n\tat org.apache.maven.surefire.testng.TestNGProvider.invoke(TestNGProvider.java:145)\n\tat org.apache.maven.surefire.booter.ForkedBooter.runSuitesInProcess(ForkedBooter.java:428)\n\tat org.apache.maven.surefire.booter.ForkedBooter.execute(ForkedBooter.java:162)\n\tat org.apache.maven.surefire.booter.ForkedBooter.run(ForkedBooter.java:562)\n\tat org.apache.maven.surefire.booter.ForkedBooter.main(ForkedBooter.java:548)\n",
  "flaky" : false,
  "newFailed" : false,
  "beforeStages" : [ {
    "name" : "beforeMethod",
    "time" : {
      "start" : 1625576252631,
      "stop" : 1625576253125,
      "duration" : 494
    },
    "description" : "",
    "status" : "broken",
    "statusMessage" : "unknown error: Chrome failed to start: exited abnormally.\n  (unknown error: DevToolsActivePort file doesn't exist)\n  (The process started from chrome location /usr/bin/google-chrome is no longer running, so ChromeDriver is assuming that Chrome has crashed.)\nBuild info: version: '3.141.59', revision: 'e82be7d358', time: '2018-11-14T08:17:03'\nSystem info: host: 'fv-az219-529', ip: '10.1.1.74', os.name: 'Linux', os.arch: 'amd64', os.version: '5.8.0-1036-azure', java.version: '15.0.3'\nDriver info: driver.version: A_Search_FlatTest_NativeSeleniumWebDriver\nremote stacktrace: #0 0x55e0db05a949 <unknown>\n",
    "statusTrace" : "org.openqa.selenium.WebDriverException: unknown error: Chrome failed to start: exited abnormally.\n  (unknown error: DevToolsActivePort file doesn't exist)\n  (The process started from chrome location /usr/bin/google-chrome is no longer running, so ChromeDriver is assuming that Chrome has crashed.)\nBuild info: version: '3.141.59', revision: 'e82be7d358', time: '2018-11-14T08:17:03'\nSystem info: host: 'fv-az219-529', ip: '10.1.1.74', os.name: 'Linux', os.arch: 'amd64', os.version: '5.8.0-1036-azure', java.version: '15.0.3'\nDriver info: driver.version: A_Search_FlatTest_NativeSeleniumWebDriver\nremote stacktrace: #0 0x55e0db05a949 <unknown>\n\n\tat java.base/jdk.internal.reflect.NativeConstructorAccessorImpl.newInstance0(Native Method)\n\tat java.base/jdk.internal.reflect.NativeConstructorAccessorImpl.newInstance(NativeConstructorAccessorImpl.java:64)\n\tat java.base/jdk.internal.reflect.DelegatingConstructorAccessorImpl.newInstance(DelegatingConstructorAccessorImpl.java:45)\n\tat java.base/java.lang.reflect.Constructor.newInstanceWithCaller(Constructor.java:500)\n\tat java.base/java.lang.reflect.Constructor.newInstance(Constructor.java:481)\n\tat org.openqa.selenium.remote.W3CHandshakeResponse.lambda$errorHandler$0(W3CHandshakeResponse.java:62)\n\tat org.openqa.selenium.remote.HandshakeResponse.lambda$getResponseFunction$0(HandshakeResponse.java:30)\n\tat org.openqa.selenium.remote.ProtocolHandshake.lambda$createSession$0(ProtocolHandshake.java:126)\n\tat java.base/java.util.stream.ReferencePipeline$3$1.accept(ReferencePipeline.java:195)\n\tat java.base/java.util.Spliterators$ArraySpliterator.tryAdvance(Spliterators.java:958)\n\tat java.base/java.util.stream.ReferencePipeline.forEachWithCancel(ReferencePipeline.java:127)\n\tat java.base/java.util.stream.AbstractPipeline.copyIntoWithCancel(AbstractPipeline.java:502)\n\tat java.base/java.util.stream.AbstractPipeline.copyInto(AbstractPipeline.java:488)\n\tat java.base/java.util.stream.AbstractPipeline.wrapAndCopyInto(AbstractPipeline.java:474)\n\tat java.base/java.util.stream.FindOps$FindOp.evaluateSequential(FindOps.java:150)\n\tat java.base/java.util.stream.AbstractPipeline.evaluate(AbstractPipeline.java:234)\n\tat java.base/java.util.stream.ReferencePipeline.findFirst(ReferencePipeline.java:543)\n\tat org.openqa.selenium.remote.ProtocolHandshake.createSession(ProtocolHandshake.java:128)\n\tat org.openqa.selenium.remote.ProtocolHandshake.createSession(ProtocolHandshake.java:74)\n\tat org.openqa.selenium.remote.HttpCommandExecutor.execute(HttpCommandExecutor.java:136)\n\tat org.openqa.selenium.remote.service.DriverCommandExecutor.execute(DriverCommandExecutor.java:83)\n\tat org.openqa.selenium.remote.RemoteWebDriver.execute(RemoteWebDriver.java:552)\n\tat org.openqa.selenium.remote.RemoteWebDriver.startSession(RemoteWebDriver.java:213)\n\tat org.openqa.selenium.remote.RemoteWebDriver.<init>(RemoteWebDriver.java:131)\n\tat org.openqa.selenium.chrome.ChromeDriver.<init>(ChromeDriver.java:181)\n\tat org.openqa.selenium.chrome.ChromeDriver.<init>(ChromeDriver.java:168)\n\tat org.openqa.selenium.chrome.ChromeDriver.<init>(ChromeDriver.java:123)\n\tat tests.gui.google.A_Search_FlatTest_NativeSeleniumWebDriver.beforeMethod(A_Search_FlatTest_NativeSeleniumWebDriver.java:46)\n\tat java.base/jdk.internal.reflect.NativeMethodAccessorImpl.invoke0(Native Method)\n\tat java.base/jdk.internal.reflect.NativeMethodAccessorImpl.invoke(NativeMethodAccessorImpl.java:64)\n\tat java.base/jdk.internal.reflect.DelegatingMethodAccessorImpl.invoke(DelegatingMethodAccessorImpl.java:43)\n\tat java.base/java.lang.reflect.Method.invoke(Method.java:564)\n\tat org.testng.internal.MethodInvocationHelper.invokeMethod(MethodInvocationHelper.java:133)\n\tat org.testng.internal.MethodInvocationHelper.invokeMethodConsideringTimeout(MethodInvocationHelper.java:62)\n\tat org.testng.internal.ConfigInvoker.invokeConfigurationMethod(ConfigInvoker.java:385)\n\tat org.testng.internal.ConfigInvoker.invokeConfigurations(ConfigInvoker.java:321)\n\tat org.testng.internal.TestInvoker.runConfigMethods(TestInvoker.java:700)\n\tat org.testng.internal.TestInvoker.invokeMethod(TestInvoker.java:527)\n\tat org.testng.internal.TestInvoker.invokeTestMethod(TestInvoker.java:173)\n\tat org.testng.internal.MethodRunner.runInSequence(MethodRunner.java:46)\n\tat org.testng.internal.TestInvoker$MethodInvocationAgent.invoke(TestInvoker.java:824)\n\tat org.testng.internal.TestInvoker.invokeTestMethods(TestInvoker.java:146)\n\tat org.testng.internal.TestMethodWorker.invokeTestMethods(TestMethodWorker.java:146)\n\tat org.testng.internal.TestMethodWorker.run(TestMethodWorker.java:128)\n\tat java.base/java.util.ArrayList.forEach(ArrayList.java:1511)\n\tat org.testng.TestRunner.privateRun(TestRunner.java:794)\n\tat org.testng.TestRunner.run(TestRunner.java:596)\n\tat org.testng.SuiteRunner.runTest(SuiteRunner.java:377)\n\tat org.testng.SuiteRunner.runSequentially(SuiteRunner.java:371)\n\tat org.testng.SuiteRunner.privateRun(SuiteRunner.java:332)\n\tat org.testng.SuiteRunner.run(SuiteRunner.java:276)\n\tat org.testng.SuiteRunnerWorker.runSuite(SuiteRunnerWorker.java:53)\n\tat org.testng.SuiteRunnerWorker.run(SuiteRunnerWorker.java:96)\n\tat org.testng.TestNG.runSuitesSequentially(TestNG.java:1212)\n\tat org.testng.TestNG.runSuitesLocally(TestNG.java:1134)\n\tat org.testng.TestNG.runSuites(TestNG.java:1063)\n\tat org.testng.TestNG.run(TestNG.java:1031)\n\tat org.apache.maven.surefire.testng.TestNGExecutor.run(TestNGExecutor.java:136)\n\tat org.apache.maven.surefire.testng.TestNGDirectoryTestSuite.executeMulti(TestNGDirectoryTestSuite.java:193)\n\tat org.apache.maven.surefire.testng.TestNGDirectoryTestSuite.execute(TestNGDirectoryTestSuite.java:94)\n\tat org.apache.maven.surefire.testng.TestNGProvider.invoke(TestNGProvider.java:145)\n\tat org.apache.maven.surefire.booter.ForkedBooter.runSuitesInProcess(ForkedBooter.java:428)\n\tat org.apache.maven.surefire.booter.ForkedBooter.execute(ForkedBooter.java:162)\n\tat org.apache.maven.surefire.booter.ForkedBooter.run(ForkedBooter.java:562)\n\tat org.apache.maven.surefire.booter.ForkedBooter.main(ForkedBooter.java:548)\n",
    "steps" : [ ],
    "attachments" : [ ],
    "parameters" : [ ],
    "stepsCount" : 0,
    "attachmentsCount" : 0,
    "shouldDisplayMessage" : true,
    "hasContent" : true
  }, {
    "name" : "beforeClass",
    "time" : {
      "start" : 1625576251040,
      "stop" : 1625576252630,
      "duration" : 1590
    },
    "description" : "",
    "status" : "passed",
    "steps" : [ ],
    "attachments" : [ ],
    "parameters" : [ ],
    "stepsCount" : 0,
    "attachmentsCount" : 0,
    "shouldDisplayMessage" : false,
    "hasContent" : false
  } ],
  "testStage" : {
    "status" : "skipped",
    "statusMessage" : "unknown error: Chrome failed to start: exited abnormally.\n  (unknown error: DevToolsActivePort file doesn't exist)\n  (The process started from chrome location /usr/bin/google-chrome is no longer running, so ChromeDriver is assuming that Chrome has crashed.)\nBuild info: version: '3.141.59', revision: 'e82be7d358', time: '2018-11-14T08:17:03'\nSystem info: host: 'fv-az219-529', ip: '10.1.1.74', os.name: 'Linux', os.arch: 'amd64', os.version: '5.8.0-1036-azure', java.version: '15.0.3'\nDriver info: driver.version: A_Search_FlatTest_NativeSeleniumWebDriver\nremote stacktrace: #0 0x55e0db05a949 <unknown>\n",
    "statusTrace" : "org.openqa.selenium.WebDriverException: unknown error: Chrome failed to start: exited abnormally.\n  (unknown error: DevToolsActivePort file doesn't exist)\n  (The process started from chrome location /usr/bin/google-chrome is no longer running, so ChromeDriver is assuming that Chrome has crashed.)\nBuild info: version: '3.141.59', revision: 'e82be7d358', time: '2018-11-14T08:17:03'\nSystem info: host: 'fv-az219-529', ip: '10.1.1.74', os.name: 'Linux', os.arch: 'amd64', os.version: '5.8.0-1036-azure', java.version: '15.0.3'\nDriver info: driver.version: A_Search_FlatTest_NativeSeleniumWebDriver\nremote stacktrace: #0 0x55e0db05a949 <unknown>\n\n\tat java.base/jdk.internal.reflect.NativeConstructorAccessorImpl.newInstance0(Native Method)\n\tat java.base/jdk.internal.reflect.NativeConstructorAccessorImpl.newInstance(NativeConstructorAccessorImpl.java:64)\n\tat java.base/jdk.internal.reflect.DelegatingConstructorAccessorImpl.newInstance(DelegatingConstructorAccessorImpl.java:45)\n\tat java.base/java.lang.reflect.Constructor.newInstanceWithCaller(Constructor.java:500)\n\tat java.base/java.lang.reflect.Constructor.newInstance(Constructor.java:481)\n\tat org.openqa.selenium.remote.W3CHandshakeResponse.lambda$errorHandler$0(W3CHandshakeResponse.java:62)\n\tat org.openqa.selenium.remote.HandshakeResponse.lambda$getResponseFunction$0(HandshakeResponse.java:30)\n\tat org.openqa.selenium.remote.ProtocolHandshake.lambda$createSession$0(ProtocolHandshake.java:126)\n\tat java.base/java.util.stream.ReferencePipeline$3$1.accept(ReferencePipeline.java:195)\n\tat java.base/java.util.Spliterators$ArraySpliterator.tryAdvance(Spliterators.java:958)\n\tat java.base/java.util.stream.ReferencePipeline.forEachWithCancel(ReferencePipeline.java:127)\n\tat java.base/java.util.stream.AbstractPipeline.copyIntoWithCancel(AbstractPipeline.java:502)\n\tat java.base/java.util.stream.AbstractPipeline.copyInto(AbstractPipeline.java:488)\n\tat java.base/java.util.stream.AbstractPipeline.wrapAndCopyInto(AbstractPipeline.java:474)\n\tat java.base/java.util.stream.FindOps$FindOp.evaluateSequential(FindOps.java:150)\n\tat java.base/java.util.stream.AbstractPipeline.evaluate(AbstractPipeline.java:234)\n\tat java.base/java.util.stream.ReferencePipeline.findFirst(ReferencePipeline.java:543)\n\tat org.openqa.selenium.remote.ProtocolHandshake.createSession(ProtocolHandshake.java:128)\n\tat org.openqa.selenium.remote.ProtocolHandshake.createSession(ProtocolHandshake.java:74)\n\tat org.openqa.selenium.remote.HttpCommandExecutor.execute(HttpCommandExecutor.java:136)\n\tat org.openqa.selenium.remote.service.DriverCommandExecutor.execute(DriverCommandExecutor.java:83)\n\tat org.openqa.selenium.remote.RemoteWebDriver.execute(RemoteWebDriver.java:552)\n\tat org.openqa.selenium.remote.RemoteWebDriver.startSession(RemoteWebDriver.java:213)\n\tat org.openqa.selenium.remote.RemoteWebDriver.<init>(RemoteWebDriver.java:131)\n\tat org.openqa.selenium.chrome.ChromeDriver.<init>(ChromeDriver.java:181)\n\tat org.openqa.selenium.chrome.ChromeDriver.<init>(ChromeDriver.java:168)\n\tat org.openqa.selenium.chrome.ChromeDriver.<init>(ChromeDriver.java:123)\n\tat tests.gui.google.A_Search_FlatTest_NativeSeleniumWebDriver.beforeMethod(A_Search_FlatTest_NativeSeleniumWebDriver.java:46)\n\tat java.base/jdk.internal.reflect.NativeMethodAccessorImpl.invoke0(Native Method)\n\tat java.base/jdk.internal.reflect.NativeMethodAccessorImpl.invoke(NativeMethodAccessorImpl.java:64)\n\tat java.base/jdk.internal.reflect.DelegatingMethodAccessorImpl.invoke(DelegatingMethodAccessorImpl.java:43)\n\tat java.base/java.lang.reflect.Method.invoke(Method.java:564)\n\tat org.testng.internal.MethodInvocationHelper.invokeMethod(MethodInvocationHelper.java:133)\n\tat org.testng.internal.MethodInvocationHelper.invokeMethodConsideringTimeout(MethodInvocationHelper.java:62)\n\tat org.testng.internal.ConfigInvoker.invokeConfigurationMethod(ConfigInvoker.java:385)\n\tat org.testng.internal.ConfigInvoker.invokeConfigurations(ConfigInvoker.java:321)\n\tat org.testng.internal.TestInvoker.runConfigMethods(TestInvoker.java:700)\n\tat org.testng.internal.TestInvoker.invokeMethod(TestInvoker.java:527)\n\tat org.testng.internal.TestInvoker.invokeTestMethod(TestInvoker.java:173)\n\tat org.testng.internal.MethodRunner.runInSequence(MethodRunner.java:46)\n\tat org.testng.internal.TestInvoker$MethodInvocationAgent.invoke(TestInvoker.java:824)\n\tat org.testng.internal.TestInvoker.invokeTestMethods(TestInvoker.java:146)\n\tat org.testng.internal.TestMethodWorker.invokeTestMethods(TestMethodWorker.java:146)\n\tat org.testng.internal.TestMethodWorker.run(TestMethodWorker.java:128)\n\tat java.base/java.util.ArrayList.forEach(ArrayList.java:1511)\n\tat org.testng.TestRunner.privateRun(TestRunner.java:794)\n\tat org.testng.TestRunner.run(TestRunner.java:596)\n\tat org.testng.SuiteRunner.runTest(SuiteRunner.java:377)\n\tat org.testng.SuiteRunner.runSequentially(SuiteRunner.java:371)\n\tat org.testng.SuiteRunner.privateRun(SuiteRunner.java:332)\n\tat org.testng.SuiteRunner.run(SuiteRunner.java:276)\n\tat org.testng.SuiteRunnerWorker.runSuite(SuiteRunnerWorker.java:53)\n\tat org.testng.SuiteRunnerWorker.run(SuiteRunnerWorker.java:96)\n\tat org.testng.TestNG.runSuitesSequentially(TestNG.java:1212)\n\tat org.testng.TestNG.runSuitesLocally(TestNG.java:1134)\n\tat org.testng.TestNG.runSuites(TestNG.java:1063)\n\tat org.testng.TestNG.run(TestNG.java:1031)\n\tat org.apache.maven.surefire.testng.TestNGExecutor.run(TestNGExecutor.java:136)\n\tat org.apache.maven.surefire.testng.TestNGDirectoryTestSuite.executeMulti(TestNGDirectoryTestSuite.java:193)\n\tat org.apache.maven.surefire.testng.TestNGDirectoryTestSuite.execute(TestNGDirectoryTestSuite.java:94)\n\tat org.apache.maven.surefire.testng.TestNGProvider.invoke(TestNGProvider.java:145)\n\tat org.apache.maven.surefire.booter.ForkedBooter.runSuitesInProcess(ForkedBooter.java:428)\n\tat org.apache.maven.surefire.booter.ForkedBooter.execute(ForkedBooter.java:162)\n\tat org.apache.maven.surefire.booter.ForkedBooter.run(ForkedBooter.java:562)\n\tat org.apache.maven.surefire.booter.ForkedBooter.main(ForkedBooter.java:548)\n",
    "steps" : [ ],
    "attachments" : [ {
      "uid" : "57269875393c77d1",
      "name" : "Attachment: SHAFT Engine Logs - Current Method log: navigateToGoogleHomeAndAssertGoogleLogoIsDisplayed",
      "source" : "57269875393c77d1.txt",
      "type" : "text/plain",
      "size" : 482
    } ],
    "parameters" : [ ],
    "stepsCount" : 0,
    "attachmentsCount" : 1,
    "shouldDisplayMessage" : true,
    "hasContent" : true
  },
  "afterStages" : [ {
    "name" : "afterMethod",
    "time" : {
      "start" : 1625576253152,
      "stop" : 1625576253152,
      "duration" : 0
    },
    "description" : "",
    "status" : "broken",
    "steps" : [ ],
    "attachments" : [ ],
    "parameters" : [ ],
    "stepsCount" : 0,
    "attachmentsCount" : 0,
    "shouldDisplayMessage" : false,
    "hasContent" : false
  }, {
    "name" : "closureActivities",
    "time" : {
      "start" : 1625576269348,
      "stop" : 1625576269818,
      "duration" : 470
    },
    "description" : "",
    "status" : "passed",
    "steps" : [ {
      "name" : "Successfully Closed All Drivers.",
      "time" : {
        "start" : 1625576269348,
        "stop" : 1625576269348,
        "duration" : 0
      },
      "status" : "passed",
      "steps" : [ ],
      "attachments" : [ ],
      "parameters" : [ {
        "name" : "actionCounter",
        "value" : "120"
      }, {
        "name" : "logText",
        "value" : "Successfully Closed All Drivers."
      } ],
      "stepsCount" : 0,
      "attachmentsCount" : 0,
      "shouldDisplayMessage" : false,
      "hasContent" : true
    } ],
    "attachments" : [ {
      "uid" : "34d2c1a47f7b95aa",
      "name" : "Attachment: SHAFT Engine Logs - Execution log: 20210706-125749",
      "source" : "34d2c1a47f7b95aa.txt",
      "type" : "text/plain",
      "size" : 61767
    }, {
      "uid" : "51bce18a794c8078",
      "name" : "Attachment: HTML - Extent Emailable Execution Report",
      "source" : "51bce18a794c8078.html",
      "type" : "text/html",
      "size" : 1743005
    } ],
    "parameters" : [ ],
    "stepsCount" : 1,
    "attachmentsCount" : 2,
    "shouldDisplayMessage" : false,
    "hasContent" : true
  } ],
  "labels" : [ {
    "name" : "package",
    "value" : "tests.gui.google.A_Search_FlatTest_NativeSeleniumWebDriver"
  }, {
    "name" : "testClass",
    "value" : "tests.gui.google.A_Search_FlatTest_NativeSeleniumWebDriver"
  }, {
    "name" : "testMethod",
    "value" : "navigateToGoogleHomeAndAssertGoogleLogoIsDisplayed"
  }, {
    "name" : "parentSuite",
    "value" : "SHAFT: Custom Suite"
  }, {
    "name" : "suite",
    "value" : "SHAFT: Custom Test"
  }, {
    "name" : "subSuite",
    "value" : "tests.gui.google.A_Search_FlatTest_NativeSeleniumWebDriver"
  }, {
    "name" : "host",
    "value" : "fv-az219-529"
  }, {
    "name" : "thread",
    "value" : "3844@fv-az219-529.main(1)"
  }, {
    "name" : "framework",
    "value" : "testng"
  }, {
    "name" : "language",
    "value" : "java"
  }, {
    "name" : "resultFormat",
    "value" : "allure2"
  } ],
  "parameters" : [ ],
  "links" : [ ],
  "hidden" : false,
  "retry" : false,
  "extra" : {
    "severity" : "normal",
    "retries" : [ ],
    "categories" : [ ],
    "history" : {
      "statistic" : {
        "failed" : 0,
        "broken" : 0,
        "skipped" : 195,
        "passed" : 0,
        "unknown" : 0,
        "total" : 195
      },
      "items" : [ {
        "uid" : "c99d7acb589c3de7",
        "reportUrl" : "https://MohabMohie.github.io/using_SHAFT_ENGINE/allure/608//#testresult/c99d7acb589c3de7",
        "status" : "skipped",
        "statusDetails" : "unknown error: Chrome failed to start: exited abnormally.\n  (unknown error: DevToolsActivePort file doesn't exist)\n  (The process started from chrome location /usr/bin/google-chrome is no longer running, so ChromeDriver is assuming that Chrome has crashed.)\nBuild info: version: '3.141.59', revision: 'e82be7d358', time: '2018-11-14T08:17:03'\nSystem info: host: 'fv-az201-546', ip: '10.1.0.90', os.name: 'Linux', os.arch: 'amd64', os.version: '5.8.0-1036-azure', java.version: '15.0.3'\nDriver info: driver.version: A_Search_FlatTest_NativeSeleniumWebDriver\nremote stacktrace: #0 0x55a38a298949 <unknown>\n",
        "time" : {
          "start" : 1625553763398,
          "stop" : 1625553763403,
          "duration" : 5
        }
      }, {
        "uid" : "3fd676ab3c4f71a6",
        "reportUrl" : "https://MohabMohie.github.io/using_SHAFT_ENGINE/allure/607//#testresult/3fd676ab3c4f71a6",
        "status" : "skipped",
        "statusDetails" : "unknown error: Chrome failed to start: exited abnormally.\n  (unknown error: DevToolsActivePort file doesn't exist)\n  (The process started from chrome location /usr/bin/google-chrome is no longer running, so ChromeDriver is assuming that Chrome has crashed.)\nBuild info: version: '3.141.59', revision: 'e82be7d358', time: '2018-11-14T08:17:03'\nSystem info: host: 'fv-az216-965', ip: '10.1.1.107', os.name: 'Linux', os.arch: 'amd64', os.version: '5.8.0-1036-azure', java.version: '15.0.3'\nDriver info: driver.version: A_Search_FlatTest_NativeSeleniumWebDriver\nremote stacktrace: #0 0x561645af8949 <unknown>\n",
        "time" : {
          "start" : 1625535244264,
          "stop" : 1625535244280,
          "duration" : 16
        }
      }, {
        "uid" : "4078d74157916c1a",
        "reportUrl" : "https://MohabMohie.github.io/using_SHAFT_ENGINE/allure/606//#testresult/4078d74157916c1a",
        "status" : "skipped",
        "statusDetails" : "unknown error: Chrome failed to start: exited abnormally.\n  (unknown error: DevToolsActivePort file doesn't exist)\n  (The process started from chrome location /usr/bin/google-chrome is no longer running, so ChromeDriver is assuming that Chrome has crashed.)\nBuild info: version: '3.141.59', revision: 'e82be7d358', time: '2018-11-14T08:17:03'\nSystem info: host: 'fv-az154-100', ip: '10.1.0.221', os.name: 'Linux', os.arch: 'amd64', os.version: '5.8.0-1036-azure', java.version: '15.0.3'\nDriver info: driver.version: A_Search_FlatTest_NativeSeleniumWebDriver\nremote stacktrace: #0 0x55d35def3949 <unknown>\n",
        "time" : {
          "start" : 1625510429251,
          "stop" : 1625510429255,
          "duration" : 4
        }
      }, {
        "uid" : "691251113c53cbe1",
        "reportUrl" : "https://MohabMohie.github.io/using_SHAFT_ENGINE/allure/605//#testresult/691251113c53cbe1",
        "status" : "skipped",
        "statusDetails" : "unknown error: Chrome failed to start: exited abnormally.\n  (unknown error: DevToolsActivePort file doesn't exist)\n  (The process started from chrome location /usr/bin/google-chrome is no longer running, so ChromeDriver is assuming that Chrome has crashed.)\nBuild info: version: '3.141.59', revision: 'e82be7d358', time: '2018-11-14T08:17:03'\nSystem info: host: 'fv-az397-102', ip: '10.1.1.119', os.name: 'Linux', os.arch: 'amd64', os.version: '5.8.0-1036-azure', java.version: '15.0.3'\nDriver info: driver.version: A_Search_FlatTest_NativeSeleniumWebDriver\nremote stacktrace: #0 0x5633d01df949 <unknown>\n",
        "time" : {
          "start" : 1625489466308,
          "stop" : 1625489466320,
          "duration" : 12
        }
      }, {
        "uid" : "81d265343bbbfecf",
        "reportUrl" : "https://MohabMohie.github.io/using_SHAFT_ENGINE/allure/604//#testresult/81d265343bbbfecf",
        "status" : "skipped",
        "statusDetails" : "unknown error: Chrome failed to start: exited abnormally.\n  (unknown error: DevToolsActivePort file doesn't exist)\n  (The process started from chrome location /usr/bin/google-chrome is no longer running, so ChromeDriver is assuming that Chrome has crashed.)\nBuild info: version: '3.141.59', revision: 'e82be7d358', time: '2018-11-14T08:17:03'\nSystem info: host: 'fv-az212-186', ip: '10.1.0.41', os.name: 'Linux', os.arch: 'amd64', os.version: '5.8.0-1036-azure', java.version: '15.0.3'\nDriver info: driver.version: A_Search_FlatTest_NativeSeleniumWebDriver\nremote stacktrace: #0 0x555da71dc949 <unknown>\n",
        "time" : {
          "start" : 1625467371384,
          "stop" : 1625467371397,
          "duration" : 13
        }
      }, {
        "uid" : "2ea2e4d3d8be10f3",
        "reportUrl" : "https://MohabMohie.github.io/using_SHAFT_ENGINE/allure/603//#testresult/2ea2e4d3d8be10f3",
        "status" : "skipped",
        "statusDetails" : "unknown error: Chrome failed to start: exited abnormally.\n  (unknown error: DevToolsActivePort file doesn't exist)\n  (The process started from chrome location /usr/bin/google-chrome is no longer running, so ChromeDriver is assuming that Chrome has crashed.)\nBuild info: version: '3.141.59', revision: 'e82be7d358', time: '2018-11-14T08:17:03'\nSystem info: host: 'fv-az292-378', ip: '10.1.0.144', os.name: 'Linux', os.arch: 'amd64', os.version: '5.8.0-1036-azure', java.version: '15.0.3'\nDriver info: driver.version: A_Search_FlatTest_NativeSeleniumWebDriver\nremote stacktrace: #0 0x557bcd7c5949 <unknown>\n",
        "time" : {
          "start" : 1625448623851,
          "stop" : 1625448623859,
          "duration" : 8
        }
      }, {
        "uid" : "32b41b305393586b",
        "reportUrl" : "https://MohabMohie.github.io/using_SHAFT_ENGINE/allure/602//#testresult/32b41b305393586b",
        "status" : "skipped",
        "statusDetails" : "unknown error: Chrome failed to start: exited abnormally.\n  (unknown error: DevToolsActivePort file doesn't exist)\n  (The process started from chrome location /usr/bin/google-chrome is no longer running, so ChromeDriver is assuming that Chrome has crashed.)\nBuild info: version: '3.141.59', revision: 'e82be7d358', time: '2018-11-14T08:17:03'\nSystem info: host: 'fv-az216-965', ip: '10.1.0.191', os.name: 'Linux', os.arch: 'amd64', os.version: '5.8.0-1036-azure', java.version: '15.0.3'\nDriver info: driver.version: A_Search_FlatTest_NativeSeleniumWebDriver\nremote stacktrace: #0 0x5651cd296949 <unknown>\n",
        "time" : {
          "start" : 1625424013963,
          "stop" : 1625424013971,
          "duration" : 8
        }
      }, {
        "uid" : "506d17a441ce369e",
        "reportUrl" : "https://MohabMohie.github.io/using_SHAFT_ENGINE/allure/601//#testresult/506d17a441ce369e",
        "status" : "skipped",
        "statusDetails" : "unknown error: Chrome failed to start: exited abnormally.\n  (unknown error: DevToolsActivePort file doesn't exist)\n  (The process started from chrome location /usr/bin/google-chrome is no longer running, so ChromeDriver is assuming that Chrome has crashed.)\nBuild info: version: '3.141.59', revision: 'e82be7d358', time: '2018-11-14T08:17:03'\nSystem info: host: 'fv-az216-965', ip: '10.1.0.91', os.name: 'Linux', os.arch: 'amd64', os.version: '5.8.0-1036-azure', java.version: '15.0.3'\nDriver info: driver.version: A_Search_FlatTest_NativeSeleniumWebDriver\nremote stacktrace: #0 0x55db9f154949 <unknown>\n",
        "time" : {
          "start" : 1625402993271,
          "stop" : 1625402993280,
          "duration" : 9
        }
      }, {
        "uid" : "f99e908b69975f8f",
        "reportUrl" : "https://MohabMohie.github.io/using_SHAFT_ENGINE/allure/600//#testresult/f99e908b69975f8f",
        "status" : "skipped",
        "statusDetails" : "unknown error: Chrome failed to start: exited abnormally.\n  (unknown error: DevToolsActivePort file doesn't exist)\n  (The process started from chrome location /usr/bin/google-chrome is no longer running, so ChromeDriver is assuming that Chrome has crashed.)\nBuild info: version: '3.141.59', revision: 'e82be7d358', time: '2018-11-14T08:17:03'\nSystem info: host: 'fv-az198-906', ip: '10.1.1.114', os.name: 'Linux', os.arch: 'amd64', os.version: '5.8.0-1036-azure', java.version: '15.0.3'\nDriver info: driver.version: A_Search_FlatTest_NativeSeleniumWebDriver\nremote stacktrace: #0 0x55ba72ccd949 <unknown>\n",
        "time" : {
          "start" : 1625380903521,
          "stop" : 1625380903533,
          "duration" : 12
        }
      }, {
        "uid" : "63fb08b9d30a1cef",
        "reportUrl" : "https://MohabMohie.github.io/using_SHAFT_ENGINE/allure/599//#testresult/63fb08b9d30a1cef",
        "status" : "skipped",
        "statusDetails" : "unknown error: Chrome failed to start: exited abnormally.\n  (unknown error: DevToolsActivePort file doesn't exist)\n  (The process started from chrome location /usr/bin/google-chrome is no longer running, so ChromeDriver is assuming that Chrome has crashed.)\nBuild info: version: '3.141.59', revision: 'e82be7d358', time: '2018-11-14T08:17:03'\nSystem info: host: 'fv-az201-546', ip: '10.1.0.229', os.name: 'Linux', os.arch: 'amd64', os.version: '5.8.0-1036-azure', java.version: '15.0.3'\nDriver info: driver.version: A_Search_FlatTest_NativeSeleniumWebDriver\nremote stacktrace: #0 0x556f61687949 <unknown>\n",
        "time" : {
          "start" : 1625362221914,
          "stop" : 1625362221920,
          "duration" : 6
        }
      }, {
        "uid" : "b245ff06588aa336",
        "reportUrl" : "https://MohabMohie.github.io/using_SHAFT_ENGINE/allure/598//#testresult/b245ff06588aa336",
        "status" : "skipped",
        "statusDetails" : "unknown error: Chrome failed to start: exited abnormally.\n  (unknown error: DevToolsActivePort file doesn't exist)\n  (The process started from chrome location /usr/bin/google-chrome is no longer running, so ChromeDriver is assuming that Chrome has crashed.)\nBuild info: version: '3.141.59', revision: 'e82be7d358', time: '2018-11-14T08:17:03'\nSystem info: host: 'fv-az292-378', ip: '10.1.1.13', os.name: 'Linux', os.arch: 'amd64', os.version: '5.8.0-1036-azure', java.version: '15.0.3'\nDriver info: driver.version: A_Search_FlatTest_NativeSeleniumWebDriver\nremote stacktrace: #0 0x565327319949 <unknown>\n",
        "time" : {
          "start" : 1625337602359,
          "stop" : 1625337602368,
          "duration" : 9
        }
      }, {
        "uid" : "49655c970e497337",
        "reportUrl" : "https://MohabMohie.github.io/using_SHAFT_ENGINE/allure/597//#testresult/49655c970e497337",
        "status" : "skipped",
        "statusDetails" : "unknown error: Chrome failed to start: exited abnormally.\n  (unknown error: DevToolsActivePort file doesn't exist)\n  (The process started from chrome location /usr/bin/google-chrome is no longer running, so ChromeDriver is assuming that Chrome has crashed.)\nBuild info: version: '3.141.59', revision: 'e82be7d358', time: '2018-11-14T08:17:03'\nSystem info: host: 'fv-az292-378', ip: '10.1.0.219', os.name: 'Linux', os.arch: 'amd64', os.version: '5.8.0-1036-azure', java.version: '15.0.3'\nDriver info: driver.version: A_Search_FlatTest_NativeSeleniumWebDriver\nremote stacktrace: #0 0x561900f40949 <unknown>\n",
        "time" : {
          "start" : 1625316570543,
          "stop" : 1625316570553,
          "duration" : 10
        }
      }, {
        "uid" : "95c08074122437e6",
        "reportUrl" : "https://MohabMohie.github.io/using_SHAFT_ENGINE/allure/596//#testresult/95c08074122437e6",
        "status" : "skipped",
        "statusDetails" : "unknown error: Chrome failed to start: exited abnormally.\n  (unknown error: DevToolsActivePort file doesn't exist)\n  (The process started from chrome location /usr/bin/google-chrome is no longer running, so ChromeDriver is assuming that Chrome has crashed.)\nBuild info: version: '3.141.59', revision: 'e82be7d358', time: '2018-11-14T08:17:03'\nSystem info: host: 'fv-az201-546', ip: '10.1.1.107', os.name: 'Linux', os.arch: 'amd64', os.version: '5.8.0-1036-azure', java.version: '15.0.3'\nDriver info: driver.version: A_Search_FlatTest_NativeSeleniumWebDriver\nremote stacktrace: #0 0x562aa7fbe949 <unknown>\n",
        "time" : {
          "start" : 1625294471544,
          "stop" : 1625294471555,
          "duration" : 11
        }
      }, {
        "uid" : "d06c97cbbeb35fed",
        "reportUrl" : "https://MohabMohie.github.io/using_SHAFT_ENGINE/allure/595//#testresult/d06c97cbbeb35fed",
        "status" : "skipped",
        "statusDetails" : "unknown error: Chrome failed to start: exited abnormally.\n  (unknown error: DevToolsActivePort file doesn't exist)\n  (The process started from chrome location /usr/bin/google-chrome is no longer running, so ChromeDriver is assuming that Chrome has crashed.)\nBuild info: version: '3.141.59', revision: 'e82be7d358', time: '2018-11-14T08:17:03'\nSystem info: host: 'fv-az154-100', ip: '10.1.1.133', os.name: 'Linux', os.arch: 'amd64', os.version: '5.8.0-1036-azure', java.version: '15.0.3'\nDriver info: driver.version: A_Search_FlatTest_NativeSeleniumWebDriver\nremote stacktrace: #0 0x5576c8e12949 <unknown>\n",
        "time" : {
          "start" : 1625275528027,
          "stop" : 1625275528038,
          "duration" : 11
        }
      }, {
        "uid" : "785d41e5d542c33e",
        "reportUrl" : "https://MohabMohie.github.io/using_SHAFT_ENGINE/allure/594//#testresult/785d41e5d542c33e",
        "status" : "skipped",
        "statusDetails" : "unknown error: Chrome failed to start: exited abnormally.\n  (unknown error: DevToolsActivePort file doesn't exist)\n  (The process started from chrome location /usr/bin/google-chrome is no longer running, so ChromeDriver is assuming that Chrome has crashed.)\nBuild info: version: '3.141.59', revision: 'e82be7d358', time: '2018-11-14T08:17:03'\nSystem info: host: 'fv-az219-529', ip: '10.1.1.178', os.name: 'Linux', os.arch: 'amd64', os.version: '5.8.0-1036-azure', java.version: '15.0.3'\nDriver info: driver.version: A_Search_FlatTest_NativeSeleniumWebDriver\nremote stacktrace: #0 0x55c1babba949 <unknown>\n",
        "time" : {
          "start" : 1625251213709,
          "stop" : 1625251213722,
          "duration" : 13
        }
      }, {
        "uid" : "b1dda74856dd4443",
        "reportUrl" : "https://MohabMohie.github.io/using_SHAFT_ENGINE/allure/593//#testresult/b1dda74856dd4443",
        "status" : "skipped",
        "statusDetails" : "unknown error: Chrome failed to start: exited abnormally.\n  (unknown error: DevToolsActivePort file doesn't exist)\n  (The process started from chrome location /usr/bin/google-chrome is no longer running, so ChromeDriver is assuming that Chrome has crashed.)\nBuild info: version: '3.141.59', revision: 'e82be7d358', time: '2018-11-14T08:17:03'\nSystem info: host: 'fv-az219-529', ip: '10.1.0.89', os.name: 'Linux', os.arch: 'amd64', os.version: '5.8.0-1036-azure', java.version: '15.0.3'\nDriver info: driver.version: A_Search_FlatTest_NativeSeleniumWebDriver\nremote stacktrace: #0 0x55ad4af2b949 <unknown>\n",
        "time" : {
          "start" : 1625230297115,
          "stop" : 1625230297128,
          "duration" : 13
        }
      }, {
        "uid" : "dc830fd758fb54cb",
        "reportUrl" : "https://MohabMohie.github.io/using_SHAFT_ENGINE/allure/592//#testresult/dc830fd758fb54cb",
        "status" : "skipped",
        "statusDetails" : "unknown error: Chrome failed to start: exited abnormally.\n  (unknown error: DevToolsActivePort file doesn't exist)\n  (The process started from chrome location /usr/bin/google-chrome is no longer running, so ChromeDriver is assuming that Chrome has crashed.)\nBuild info: version: '3.141.59', revision: 'e82be7d358', time: '2018-11-14T08:17:03'\nSystem info: host: 'fv-az154-100', ip: '10.1.1.241', os.name: 'Linux', os.arch: 'amd64', os.version: '5.8.0-1036-azure', java.version: '15.0.3'\nDriver info: driver.version: A_Search_FlatTest_NativeSeleniumWebDriver\nremote stacktrace: #0 0x55b316588949 <unknown>\n",
        "time" : {
          "start" : 1625207945337,
          "stop" : 1625207945345,
          "duration" : 8
        }
      }, {
        "uid" : "65e87868026dd18b",
        "reportUrl" : "https://MohabMohie.github.io/using_SHAFT_ENGINE/allure/591//#testresult/65e87868026dd18b",
        "status" : "skipped",
        "statusDetails" : "unknown error: Chrome failed to start: exited abnormally.\n  (unknown error: DevToolsActivePort file doesn't exist)\n  (The process started from chrome location /usr/bin/google-chrome is no longer running, so ChromeDriver is assuming that Chrome has crashed.)\nBuild info: version: '3.141.59', revision: 'e82be7d358', time: '2018-11-14T08:17:03'\nSystem info: host: 'fv-az213-73', ip: '10.1.1.61', os.name: 'Linux', os.arch: 'amd64', os.version: '5.8.0-1036-azure', java.version: '15.0.3'\nDriver info: driver.version: A_Search_FlatTest_NativeSeleniumWebDriver\nremote stacktrace: #0 0x55b23d877949 <unknown>\n",
        "time" : {
          "start" : 1625189565221,
          "stop" : 1625189565238,
          "duration" : 17
        }
      }, {
        "uid" : "dd93471c8e7aaf76",
        "reportUrl" : "https://MohabMohie.github.io/using_SHAFT_ENGINE/allure/590//#testresult/dd93471c8e7aaf76",
        "status" : "skipped",
        "statusDetails" : "unknown error: Chrome failed to start: exited abnormally.\n  (unknown error: DevToolsActivePort file doesn't exist)\n  (The process started from chrome location /usr/bin/google-chrome is no longer running, so ChromeDriver is assuming that Chrome has crashed.)\nBuild info: version: '3.141.59', revision: 'e82be7d358', time: '2018-11-14T08:17:03'\nSystem info: host: 'fv-az212-186', ip: '10.1.0.135', os.name: 'Linux', os.arch: 'amd64', os.version: '5.8.0-1036-azure', java.version: '15.0.3'\nDriver info: driver.version: A_Search_FlatTest_NativeSeleniumWebDriver\nremote stacktrace: #0 0x55a0a6b92949 <unknown>\n",
        "time" : {
          "start" : 1625165019806,
          "stop" : 1625165019815,
          "duration" : 9
        }
      }, {
        "uid" : "60a607082a0537c4",
        "reportUrl" : "https://MohabMohie.github.io/using_SHAFT_ENGINE/allure/589//#testresult/60a607082a0537c4",
        "status" : "skipped",
        "statusDetails" : "unknown error: Chrome failed to start: exited abnormally.\n  (unknown error: DevToolsActivePort file doesn't exist)\n  (The process started from chrome location /usr/bin/google-chrome is no longer running, so ChromeDriver is assuming that Chrome has crashed.)\nBuild info: version: '3.141.59', revision: 'e82be7d358', time: '2018-11-14T08:17:03'\nSystem info: host: 'fv-az212-186', ip: '10.1.1.47', os.name: 'Linux', os.arch: 'amd64', os.version: '5.8.0-1036-azure', java.version: '15.0.3'\nDriver info: driver.version: A_Search_FlatTest_NativeSeleniumWebDriver\nremote stacktrace: #0 0x5596f648f949 <unknown>\n",
        "time" : {
          "start" : 1625144179630,
          "stop" : 1625144179638,
          "duration" : 8
        }
      } ]
    },
    "tags" : [ ]
  },
  "source" : "4e335ba0cc5ec644.json",
  "parameterValues" : [ ]
}