{
  "uid" : "63fb08b9d30a1cef",
  "name" : "navigateToGoogleHomeAndAssertGoogleLogoIsDisplayed",
  "fullName" : "tests.gui.google.A_Search_FlatTest_NativeSeleniumWebDriver.navigateToGoogleHomeAndAssertGoogleLogoIsDisplayed",
  "historyId" : "7431e87dda04bcbb04d2d3b07ce977e2",
  "time" : {
    "start" : 1625362221914,
    "stop" : 1625362221920,
    "duration" : 6
  },
  "status" : "skipped",
  "statusMessage" : "unknown error: Chrome failed to start: exited abnormally.\n  (unknown error: DevToolsActivePort file doesn't exist)\n  (The process started from chrome location /usr/bin/google-chrome is no longer running, so ChromeDriver is assuming that Chrome has crashed.)\nBuild info: version: '3.141.59', revision: 'e82be7d358', time: '2018-11-14T08:17:03'\nSystem info: host: 'fv-az201-546', ip: '10.1.0.229', os.name: 'Linux', os.arch: 'amd64', os.version: '5.8.0-1036-azure', java.version: '15.0.3'\nDriver info: driver.version: A_Search_FlatTest_NativeSeleniumWebDriver\nremote stacktrace: #0 0x556f61687949 <unknown>\n",
  "statusTrace" : "org.openqa.selenium.WebDriverException: unknown error: Chrome failed to start: exited abnormally.\n  (unknown error: DevToolsActivePort file doesn't exist)\n  (The process started from chrome location /usr/bin/google-chrome is no longer running, so ChromeDriver is assuming that Chrome has crashed.)\nBuild info: version: '3.141.59', revision: 'e82be7d358', time: '2018-11-14T08:17:03'\nSystem info: host: 'fv-az201-546', ip: '10.1.0.229', os.name: 'Linux', os.arch: 'amd64', os.version: '5.8.0-1036-azure', java.version: '15.0.3'\nDriver info: driver.version: A_Search_FlatTest_NativeSeleniumWebDriver\nremote stacktrace: #0 0x556f61687949 <unknown>\n\n\tat java.base/jdk.internal.reflect.NativeConstructorAccessorImpl.newInstance0(Native Method)\n\tat java.base/jdk.internal.reflect.NativeConstructorAccessorImpl.newInstance(NativeConstructorAccessorImpl.java:64)\n\tat java.base/jdk.internal.reflect.DelegatingConstructorAccessorImpl.newInstance(DelegatingConstructorAccessorImpl.java:45)\n\tat java.base/java.lang.reflect.Constructor.newInstanceWithCaller(Constructor.java:500)\n\tat java.base/java.lang.reflect.Constructor.newInstance(Constructor.java:481)\n\tat org.openqa.selenium.remote.W3CHandshakeResponse.lambda$errorHandler$0(W3CHandshakeResponse.java:62)\n\tat org.openqa.selenium.remote.HandshakeResponse.lambda$getResponseFunction$0(HandshakeResponse.java:30)\n\tat org.openqa.selenium.remote.ProtocolHandshake.lambda$createSession$0(ProtocolHandshake.java:126)\n\tat java.base/java.util.stream.ReferencePipeline$3$1.accept(ReferencePipeline.java:195)\n\tat java.base/java.util.Spliterators$ArraySpliterator.tryAdvance(Spliterators.java:958)\n\tat java.base/java.util.stream.ReferencePipeline.forEachWithCancel(ReferencePipeline.java:127)\n\tat java.base/java.util.stream.AbstractPipeline.copyIntoWithCancel(AbstractPipeline.java:502)\n\tat java.base/java.util.stream.AbstractPipeline.copyInto(AbstractPipeline.java:488)\n\tat java.base/java.util.stream.AbstractPipeline.wrapAndCopyInto(AbstractPipeline.java:474)\n\tat java.base/java.util.stream.FindOps$FindOp.evaluateSequential(FindOps.java:150)\n\tat java.base/java.util.stream.AbstractPipeline.evaluate(AbstractPipeline.java:234)\n\tat java.base/java.util.stream.ReferencePipeline.findFirst(ReferencePipeline.java:543)\n\tat org.openqa.selenium.remote.ProtocolHandshake.createSession(ProtocolHandshake.java:128)\n\tat org.openqa.selenium.remote.ProtocolHandshake.createSession(ProtocolHandshake.java:74)\n\tat org.openqa.selenium.remote.HttpCommandExecutor.execute(HttpCommandExecutor.java:136)\n\tat org.openqa.selenium.remote.service.DriverCommandExecutor.execute(DriverCommandExecutor.java:83)\n\tat org.openqa.selenium.remote.RemoteWebDriver.execute(RemoteWebDriver.java:552)\n\tat org.openqa.selenium.remote.RemoteWebDriver.startSession(RemoteWebDriver.java:213)\n\tat org.openqa.selenium.remote.RemoteWebDriver.<init>(RemoteWebDriver.java:131)\n\tat org.openqa.selenium.chrome.ChromeDriver.<init>(ChromeDriver.java:181)\n\tat org.openqa.selenium.chrome.ChromeDriver.<init>(ChromeDriver.java:168)\n\tat org.openqa.selenium.chrome.ChromeDriver.<init>(ChromeDriver.java:123)\n\tat tests.gui.google.A_Search_FlatTest_NativeSeleniumWebDriver.beforeMethod(A_Search_FlatTest_NativeSeleniumWebDriver.java:46)\n\tat java.base/jdk.internal.reflect.NativeMethodAccessorImpl.invoke0(Native Method)\n\tat java.base/jdk.internal.reflect.NativeMethodAccessorImpl.invoke(NativeMethodAccessorImpl.java:64)\n\tat java.base/jdk.internal.reflect.DelegatingMethodAccessorImpl.invoke(DelegatingMethodAccessorImpl.java:43)\n\tat java.base/java.lang.reflect.Method.invoke(Method.java:564)\n\tat org.testng.internal.MethodInvocationHelper.invokeMethod(MethodInvocationHelper.java:133)\n\tat org.testng.internal.MethodInvocationHelper.invokeMethodConsideringTimeout(MethodInvocationHelper.java:62)\n\tat org.testng.internal.ConfigInvoker.invokeConfigurationMethod(ConfigInvoker.java:385)\n\tat org.testng.internal.ConfigInvoker.invokeConfigurations(ConfigInvoker.java:321)\n\tat org.testng.internal.TestInvoker.runConfigMethods(TestInvoker.java:700)\n\tat org.testng.internal.TestInvoker.invokeMethod(TestInvoker.java:527)\n\tat org.testng.internal.TestInvoker.invokeTestMethod(TestInvoker.java:173)\n\tat org.testng.internal.MethodRunner.runInSequence(MethodRunner.java:46)\n\tat org.testng.internal.TestInvoker$MethodInvocationAgent.invoke(TestInvoker.java:824)\n\tat org.testng.internal.TestInvoker.invokeTestMethods(TestInvoker.java:146)\n\tat org.testng.internal.TestMethodWorker.invokeTestMethods(TestMethodWorker.java:146)\n\tat org.testng.internal.TestMethodWorker.run(TestMethodWorker.java:128)\n\tat java.base/java.util.ArrayList.forEach(ArrayList.java:1511)\n\tat org.testng.TestRunner.privateRun(TestRunner.java:794)\n\tat org.testng.TestRunner.run(TestRunner.java:596)\n\tat org.testng.SuiteRunner.runTest(SuiteRunner.java:377)\n\tat org.testng.SuiteRunner.runSequentially(SuiteRunner.java:371)\n\tat org.testng.SuiteRunner.privateRun(SuiteRunner.java:332)\n\tat org.testng.SuiteRunner.run(SuiteRunner.java:276)\n\tat org.testng.SuiteRunnerWorker.runSuite(SuiteRunnerWorker.java:53)\n\tat org.testng.SuiteRunnerWorker.run(SuiteRunnerWorker.java:96)\n\tat org.testng.TestNG.runSuitesSequentially(TestNG.java:1212)\n\tat org.testng.TestNG.runSuitesLocally(TestNG.java:1134)\n\tat org.testng.TestNG.runSuites(TestNG.java:1063)\n\tat org.testng.TestNG.run(TestNG.java:1031)\n\tat org.apache.maven.surefire.testng.TestNGExecutor.run(TestNGExecutor.java:136)\n\tat org.apache.maven.surefire.testng.TestNGDirectoryTestSuite.executeMulti(TestNGDirectoryTestSuite.java:193)\n\tat org.apache.maven.surefire.testng.TestNGDirectoryTestSuite.execute(TestNGDirectoryTestSuite.java:94)\n\tat org.apache.maven.surefire.testng.TestNGProvider.invoke(TestNGProvider.java:145)\n\tat org.apache.maven.surefire.booter.ForkedBooter.runSuitesInProcess(ForkedBooter.java:428)\n\tat org.apache.maven.surefire.booter.ForkedBooter.execute(ForkedBooter.java:162)\n\tat org.apache.maven.surefire.booter.ForkedBooter.run(ForkedBooter.java:562)\n\tat org.apache.maven.surefire.booter.ForkedBooter.main(ForkedBooter.java:548)\n",
  "flaky" : false,
  "newFailed" : false,
  "beforeStages" : [ {
    "name" : "beforeMethod",
    "time" : {
      "start" : 1625362217497,
      "stop" : 1625362221892,
      "duration" : 4395
    },
    "description" : "",
    "status" : "broken",
    "statusMessage" : "unknown error: Chrome failed to start: exited abnormally.\n  (unknown error: DevToolsActivePort file doesn't exist)\n  (The process started from chrome location /usr/bin/google-chrome is no longer running, so ChromeDriver is assuming that Chrome has crashed.)\nBuild info: version: '3.141.59', revision: 'e82be7d358', time: '2018-11-14T08:17:03'\nSystem info: host: 'fv-az201-546', ip: '10.1.0.229', os.name: 'Linux', os.arch: 'amd64', os.version: '5.8.0-1036-azure', java.version: '15.0.3'\nDriver info: driver.version: A_Search_FlatTest_NativeSeleniumWebDriver\nremote stacktrace: #0 0x556f61687949 <unknown>\n",
    "statusTrace" : "org.openqa.selenium.WebDriverException: unknown error: Chrome failed to start: exited abnormally.\n  (unknown error: DevToolsActivePort file doesn't exist)\n  (The process started from chrome location /usr/bin/google-chrome is no longer running, so ChromeDriver is assuming that Chrome has crashed.)\nBuild info: version: '3.141.59', revision: 'e82be7d358', time: '2018-11-14T08:17:03'\nSystem info: host: 'fv-az201-546', ip: '10.1.0.229', os.name: 'Linux', os.arch: 'amd64', os.version: '5.8.0-1036-azure', java.version: '15.0.3'\nDriver info: driver.version: A_Search_FlatTest_NativeSeleniumWebDriver\nremote stacktrace: #0 0x556f61687949 <unknown>\n\n\tat java.base/jdk.internal.reflect.NativeConstructorAccessorImpl.newInstance0(Native Method)\n\tat java.base/jdk.internal.reflect.NativeConstructorAccessorImpl.newInstance(NativeConstructorAccessorImpl.java:64)\n\tat java.base/jdk.internal.reflect.DelegatingConstructorAccessorImpl.newInstance(DelegatingConstructorAccessorImpl.java:45)\n\tat java.base/java.lang.reflect.Constructor.newInstanceWithCaller(Constructor.java:500)\n\tat java.base/java.lang.reflect.Constructor.newInstance(Constructor.java:481)\n\tat org.openqa.selenium.remote.W3CHandshakeResponse.lambda$errorHandler$0(W3CHandshakeResponse.java:62)\n\tat org.openqa.selenium.remote.HandshakeResponse.lambda$getResponseFunction$0(HandshakeResponse.java:30)\n\tat org.openqa.selenium.remote.ProtocolHandshake.lambda$createSession$0(ProtocolHandshake.java:126)\n\tat java.base/java.util.stream.ReferencePipeline$3$1.accept(ReferencePipeline.java:195)\n\tat java.base/java.util.Spliterators$ArraySpliterator.tryAdvance(Spliterators.java:958)\n\tat java.base/java.util.stream.ReferencePipeline.forEachWithCancel(ReferencePipeline.java:127)\n\tat java.base/java.util.stream.AbstractPipeline.copyIntoWithCancel(AbstractPipeline.java:502)\n\tat java.base/java.util.stream.AbstractPipeline.copyInto(AbstractPipeline.java:488)\n\tat java.base/java.util.stream.AbstractPipeline.wrapAndCopyInto(AbstractPipeline.java:474)\n\tat java.base/java.util.stream.FindOps$FindOp.evaluateSequential(FindOps.java:150)\n\tat java.base/java.util.stream.AbstractPipeline.evaluate(AbstractPipeline.java:234)\n\tat java.base/java.util.stream.ReferencePipeline.findFirst(ReferencePipeline.java:543)\n\tat org.openqa.selenium.remote.ProtocolHandshake.createSession(ProtocolHandshake.java:128)\n\tat org.openqa.selenium.remote.ProtocolHandshake.createSession(ProtocolHandshake.java:74)\n\tat org.openqa.selenium.remote.HttpCommandExecutor.execute(HttpCommandExecutor.java:136)\n\tat org.openqa.selenium.remote.service.DriverCommandExecutor.execute(DriverCommandExecutor.java:83)\n\tat org.openqa.selenium.remote.RemoteWebDriver.execute(RemoteWebDriver.java:552)\n\tat org.openqa.selenium.remote.RemoteWebDriver.startSession(RemoteWebDriver.java:213)\n\tat org.openqa.selenium.remote.RemoteWebDriver.<init>(RemoteWebDriver.java:131)\n\tat org.openqa.selenium.chrome.ChromeDriver.<init>(ChromeDriver.java:181)\n\tat org.openqa.selenium.chrome.ChromeDriver.<init>(ChromeDriver.java:168)\n\tat org.openqa.selenium.chrome.ChromeDriver.<init>(ChromeDriver.java:123)\n\tat tests.gui.google.A_Search_FlatTest_NativeSeleniumWebDriver.beforeMethod(A_Search_FlatTest_NativeSeleniumWebDriver.java:46)\n\tat java.base/jdk.internal.reflect.NativeMethodAccessorImpl.invoke0(Native Method)\n\tat java.base/jdk.internal.reflect.NativeMethodAccessorImpl.invoke(NativeMethodAccessorImpl.java:64)\n\tat java.base/jdk.internal.reflect.DelegatingMethodAccessorImpl.invoke(DelegatingMethodAccessorImpl.java:43)\n\tat java.base/java.lang.reflect.Method.invoke(Method.java:564)\n\tat org.testng.internal.MethodInvocationHelper.invokeMethod(MethodInvocationHelper.java:133)\n\tat org.testng.internal.MethodInvocationHelper.invokeMethodConsideringTimeout(MethodInvocationHelper.java:62)\n\tat org.testng.internal.ConfigInvoker.invokeConfigurationMethod(ConfigInvoker.java:385)\n\tat org.testng.internal.ConfigInvoker.invokeConfigurations(ConfigInvoker.java:321)\n\tat org.testng.internal.TestInvoker.runConfigMethods(TestInvoker.java:700)\n\tat org.testng.internal.TestInvoker.invokeMethod(TestInvoker.java:527)\n\tat org.testng.internal.TestInvoker.invokeTestMethod(TestInvoker.java:173)\n\tat org.testng.internal.MethodRunner.runInSequence(MethodRunner.java:46)\n\tat org.testng.internal.TestInvoker$MethodInvocationAgent.invoke(TestInvoker.java:824)\n\tat org.testng.internal.TestInvoker.invokeTestMethods(TestInvoker.java:146)\n\tat org.testng.internal.TestMethodWorker.invokeTestMethods(TestMethodWorker.java:146)\n\tat org.testng.internal.TestMethodWorker.run(TestMethodWorker.java:128)\n\tat java.base/java.util.ArrayList.forEach(ArrayList.java:1511)\n\tat org.testng.TestRunner.privateRun(TestRunner.java:794)\n\tat org.testng.TestRunner.run(TestRunner.java:596)\n\tat org.testng.SuiteRunner.runTest(SuiteRunner.java:377)\n\tat org.testng.SuiteRunner.runSequentially(SuiteRunner.java:371)\n\tat org.testng.SuiteRunner.privateRun(SuiteRunner.java:332)\n\tat org.testng.SuiteRunner.run(SuiteRunner.java:276)\n\tat org.testng.SuiteRunnerWorker.runSuite(SuiteRunnerWorker.java:53)\n\tat org.testng.SuiteRunnerWorker.run(SuiteRunnerWorker.java:96)\n\tat org.testng.TestNG.runSuitesSequentially(TestNG.java:1212)\n\tat org.testng.TestNG.runSuitesLocally(TestNG.java:1134)\n\tat org.testng.TestNG.runSuites(TestNG.java:1063)\n\tat org.testng.TestNG.run(TestNG.java:1031)\n\tat org.apache.maven.surefire.testng.TestNGExecutor.run(TestNGExecutor.java:136)\n\tat org.apache.maven.surefire.testng.TestNGDirectoryTestSuite.executeMulti(TestNGDirectoryTestSuite.java:193)\n\tat org.apache.maven.surefire.testng.TestNGDirectoryTestSuite.execute(TestNGDirectoryTestSuite.java:94)\n\tat org.apache.maven.surefire.testng.TestNGProvider.invoke(TestNGProvider.java:145)\n\tat org.apache.maven.surefire.booter.ForkedBooter.runSuitesInProcess(ForkedBooter.java:428)\n\tat org.apache.maven.surefire.booter.ForkedBooter.execute(ForkedBooter.java:162)\n\tat org.apache.maven.surefire.booter.ForkedBooter.run(ForkedBooter.java:562)\n\tat org.apache.maven.surefire.booter.ForkedBooter.main(ForkedBooter.java:548)\n",
    "steps" : [ ],
    "attachments" : [ ],
    "parameters" : [ ],
    "stepsCount" : 0,
    "attachmentsCount" : 0,
    "shouldDisplayMessage" : true,
    "hasContent" : true
  }, {
    "name" : "beforeClass",
    "time" : {
      "start" : 1625362213744,
      "stop" : 1625362217497,
      "duration" : 3753
    },
    "description" : "",
    "status" : "passed",
    "steps" : [ ],
    "attachments" : [ ],
    "parameters" : [ ],
    "stepsCount" : 0,
    "attachmentsCount" : 0,
    "shouldDisplayMessage" : false,
    "hasContent" : false
  } ],
  "testStage" : {
    "status" : "skipped",
    "statusMessage" : "unknown error: Chrome failed to start: exited abnormally.\n  (unknown error: DevToolsActivePort file doesn't exist)\n  (The process started from chrome location /usr/bin/google-chrome is no longer running, so ChromeDriver is assuming that Chrome has crashed.)\nBuild info: version: '3.141.59', revision: 'e82be7d358', time: '2018-11-14T08:17:03'\nSystem info: host: 'fv-az201-546', ip: '10.1.0.229', os.name: 'Linux', os.arch: 'amd64', os.version: '5.8.0-1036-azure', java.version: '15.0.3'\nDriver info: driver.version: A_Search_FlatTest_NativeSeleniumWebDriver\nremote stacktrace: #0 0x556f61687949 <unknown>\n",
    "statusTrace" : "org.openqa.selenium.WebDriverException: unknown error: Chrome failed to start: exited abnormally.\n  (unknown error: DevToolsActivePort file doesn't exist)\n  (The process started from chrome location /usr/bin/google-chrome is no longer running, so ChromeDriver is assuming that Chrome has crashed.)\nBuild info: version: '3.141.59', revision: 'e82be7d358', time: '2018-11-14T08:17:03'\nSystem info: host: 'fv-az201-546', ip: '10.1.0.229', os.name: 'Linux', os.arch: 'amd64', os.version: '5.8.0-1036-azure', java.version: '15.0.3'\nDriver info: driver.version: A_Search_FlatTest_NativeSeleniumWebDriver\nremote stacktrace: #0 0x556f61687949 <unknown>\n\n\tat java.base/jdk.internal.reflect.NativeConstructorAccessorImpl.newInstance0(Native Method)\n\tat java.base/jdk.internal.reflect.NativeConstructorAccessorImpl.newInstance(NativeConstructorAccessorImpl.java:64)\n\tat java.base/jdk.internal.reflect.DelegatingConstructorAccessorImpl.newInstance(DelegatingConstructorAccessorImpl.java:45)\n\tat java.base/java.lang.reflect.Constructor.newInstanceWithCaller(Constructor.java:500)\n\tat java.base/java.lang.reflect.Constructor.newInstance(Constructor.java:481)\n\tat org.openqa.selenium.remote.W3CHandshakeResponse.lambda$errorHandler$0(W3CHandshakeResponse.java:62)\n\tat org.openqa.selenium.remote.HandshakeResponse.lambda$getResponseFunction$0(HandshakeResponse.java:30)\n\tat org.openqa.selenium.remote.ProtocolHandshake.lambda$createSession$0(ProtocolHandshake.java:126)\n\tat java.base/java.util.stream.ReferencePipeline$3$1.accept(ReferencePipeline.java:195)\n\tat java.base/java.util.Spliterators$ArraySpliterator.tryAdvance(Spliterators.java:958)\n\tat java.base/java.util.stream.ReferencePipeline.forEachWithCancel(ReferencePipeline.java:127)\n\tat java.base/java.util.stream.AbstractPipeline.copyIntoWithCancel(AbstractPipeline.java:502)\n\tat java.base/java.util.stream.AbstractPipeline.copyInto(AbstractPipeline.java:488)\n\tat java.base/java.util.stream.AbstractPipeline.wrapAndCopyInto(AbstractPipeline.java:474)\n\tat java.base/java.util.stream.FindOps$FindOp.evaluateSequential(FindOps.java:150)\n\tat java.base/java.util.stream.AbstractPipeline.evaluate(AbstractPipeline.java:234)\n\tat java.base/java.util.stream.ReferencePipeline.findFirst(ReferencePipeline.java:543)\n\tat org.openqa.selenium.remote.ProtocolHandshake.createSession(ProtocolHandshake.java:128)\n\tat org.openqa.selenium.remote.ProtocolHandshake.createSession(ProtocolHandshake.java:74)\n\tat org.openqa.selenium.remote.HttpCommandExecutor.execute(HttpCommandExecutor.java:136)\n\tat org.openqa.selenium.remote.service.DriverCommandExecutor.execute(DriverCommandExecutor.java:83)\n\tat org.openqa.selenium.remote.RemoteWebDriver.execute(RemoteWebDriver.java:552)\n\tat org.openqa.selenium.remote.RemoteWebDriver.startSession(RemoteWebDriver.java:213)\n\tat org.openqa.selenium.remote.RemoteWebDriver.<init>(RemoteWebDriver.java:131)\n\tat org.openqa.selenium.chrome.ChromeDriver.<init>(ChromeDriver.java:181)\n\tat org.openqa.selenium.chrome.ChromeDriver.<init>(ChromeDriver.java:168)\n\tat org.openqa.selenium.chrome.ChromeDriver.<init>(ChromeDriver.java:123)\n\tat tests.gui.google.A_Search_FlatTest_NativeSeleniumWebDriver.beforeMethod(A_Search_FlatTest_NativeSeleniumWebDriver.java:46)\n\tat java.base/jdk.internal.reflect.NativeMethodAccessorImpl.invoke0(Native Method)\n\tat java.base/jdk.internal.reflect.NativeMethodAccessorImpl.invoke(NativeMethodAccessorImpl.java:64)\n\tat java.base/jdk.internal.reflect.DelegatingMethodAccessorImpl.invoke(DelegatingMethodAccessorImpl.java:43)\n\tat java.base/java.lang.reflect.Method.invoke(Method.java:564)\n\tat org.testng.internal.MethodInvocationHelper.invokeMethod(MethodInvocationHelper.java:133)\n\tat org.testng.internal.MethodInvocationHelper.invokeMethodConsideringTimeout(MethodInvocationHelper.java:62)\n\tat org.testng.internal.ConfigInvoker.invokeConfigurationMethod(ConfigInvoker.java:385)\n\tat org.testng.internal.ConfigInvoker.invokeConfigurations(ConfigInvoker.java:321)\n\tat org.testng.internal.TestInvoker.runConfigMethods(TestInvoker.java:700)\n\tat org.testng.internal.TestInvoker.invokeMethod(TestInvoker.java:527)\n\tat org.testng.internal.TestInvoker.invokeTestMethod(TestInvoker.java:173)\n\tat org.testng.internal.MethodRunner.runInSequence(MethodRunner.java:46)\n\tat org.testng.internal.TestInvoker$MethodInvocationAgent.invoke(TestInvoker.java:824)\n\tat org.testng.internal.TestInvoker.invokeTestMethods(TestInvoker.java:146)\n\tat org.testng.internal.TestMethodWorker.invokeTestMethods(TestMethodWorker.java:146)\n\tat org.testng.internal.TestMethodWorker.run(TestMethodWorker.java:128)\n\tat java.base/java.util.ArrayList.forEach(ArrayList.java:1511)\n\tat org.testng.TestRunner.privateRun(TestRunner.java:794)\n\tat org.testng.TestRunner.run(TestRunner.java:596)\n\tat org.testng.SuiteRunner.runTest(SuiteRunner.java:377)\n\tat org.testng.SuiteRunner.runSequentially(SuiteRunner.java:371)\n\tat org.testng.SuiteRunner.privateRun(SuiteRunner.java:332)\n\tat org.testng.SuiteRunner.run(SuiteRunner.java:276)\n\tat org.testng.SuiteRunnerWorker.runSuite(SuiteRunnerWorker.java:53)\n\tat org.testng.SuiteRunnerWorker.run(SuiteRunnerWorker.java:96)\n\tat org.testng.TestNG.runSuitesSequentially(TestNG.java:1212)\n\tat org.testng.TestNG.runSuitesLocally(TestNG.java:1134)\n\tat org.testng.TestNG.runSuites(TestNG.java:1063)\n\tat org.testng.TestNG.run(TestNG.java:1031)\n\tat org.apache.maven.surefire.testng.TestNGExecutor.run(TestNGExecutor.java:136)\n\tat org.apache.maven.surefire.testng.TestNGDirectoryTestSuite.executeMulti(TestNGDirectoryTestSuite.java:193)\n\tat org.apache.maven.surefire.testng.TestNGDirectoryTestSuite.execute(TestNGDirectoryTestSuite.java:94)\n\tat org.apache.maven.surefire.testng.TestNGProvider.invoke(TestNGProvider.java:145)\n\tat org.apache.maven.surefire.booter.ForkedBooter.runSuitesInProcess(ForkedBooter.java:428)\n\tat org.apache.maven.surefire.booter.ForkedBooter.execute(ForkedBooter.java:162)\n\tat org.apache.maven.surefire.booter.ForkedBooter.run(ForkedBooter.java:562)\n\tat org.apache.maven.surefire.booter.ForkedBooter.main(ForkedBooter.java:548)\n",
    "steps" : [ ],
    "attachments" : [ {
      "uid" : "bf6573d58a0abe46",
      "name" : "Attachment: SHAFT Engine Logs - Current Method log: navigateToGoogleHomeAndAssertGoogleLogoIsDisplayed",
      "source" : "bf6573d58a0abe46.txt",
      "type" : "text/plain",
      "size" : 482
    } ],
    "parameters" : [ ],
    "stepsCount" : 0,
    "attachmentsCount" : 1,
    "shouldDisplayMessage" : true,
    "hasContent" : true
  },
  "afterStages" : [ {
    "name" : "afterMethod",
    "time" : {
      "start" : 1625362221921,
      "stop" : 1625362221921,
      "duration" : 0
    },
    "description" : "",
    "status" : "broken",
    "steps" : [ ],
    "attachments" : [ ],
    "parameters" : [ ],
    "stepsCount" : 0,
    "attachmentsCount" : 0,
    "shouldDisplayMessage" : false,
    "hasContent" : false
  }, {
    "name" : "closureActivities",
    "time" : {
      "start" : 1625362237519,
      "stop" : 1625362237926,
      "duration" : 407
    },
    "description" : "",
    "status" : "passed",
    "steps" : [ {
      "name" : "Successfully Closed All Drivers.",
      "time" : {
        "start" : 1625362237520,
        "stop" : 1625362237520,
        "duration" : 0
      },
      "status" : "passed",
      "steps" : [ ],
      "attachments" : [ ],
      "parameters" : [ {
        "name" : "actionCounter",
        "value" : "120"
      }, {
        "name" : "logText",
        "value" : "Successfully Closed All Drivers."
      } ],
      "stepsCount" : 0,
      "attachmentsCount" : 0,
      "shouldDisplayMessage" : false,
      "hasContent" : true
    } ],
    "attachments" : [ {
      "uid" : "37c8a7c28fa58c50",
      "name" : "Attachment: SHAFT Engine Logs - Execution log: 20210704-013037",
      "source" : "37c8a7c28fa58c50.txt",
      "type" : "text/plain",
      "size" : 61767
    }, {
      "uid" : "b00484c033c20735",
      "name" : "Attachment: HTML - Extent Emailable Execution Report",
      "source" : "b00484c033c20735.html",
      "type" : "text/html",
      "size" : 1877269
    } ],
    "parameters" : [ ],
    "stepsCount" : 1,
    "attachmentsCount" : 2,
    "shouldDisplayMessage" : false,
    "hasContent" : true
  } ],
  "labels" : [ {
    "name" : "package",
    "value" : "tests.gui.google.A_Search_FlatTest_NativeSeleniumWebDriver"
  }, {
    "name" : "testClass",
    "value" : "tests.gui.google.A_Search_FlatTest_NativeSeleniumWebDriver"
  }, {
    "name" : "testMethod",
    "value" : "navigateToGoogleHomeAndAssertGoogleLogoIsDisplayed"
  }, {
    "name" : "parentSuite",
    "value" : "SHAFT: Custom Suite"
  }, {
    "name" : "suite",
    "value" : "SHAFT: Custom Test"
  }, {
    "name" : "subSuite",
    "value" : "tests.gui.google.A_Search_FlatTest_NativeSeleniumWebDriver"
  }, {
    "name" : "host",
    "value" : "fv-az201-546"
  }, {
    "name" : "thread",
    "value" : "3787@fv-az201-546.main(1)"
  }, {
    "name" : "framework",
    "value" : "testng"
  }, {
    "name" : "language",
    "value" : "java"
  }, {
    "name" : "resultFormat",
    "value" : "allure2"
  } ],
  "parameters" : [ ],
  "links" : [ ],
  "hidden" : false,
  "retry" : false,
  "extra" : {
    "severity" : "normal",
    "retries" : [ ],
    "categories" : [ ],
    "history" : {
      "statistic" : {
        "failed" : 0,
        "broken" : 0,
        "skipped" : 185,
        "passed" : 0,
        "unknown" : 0,
        "total" : 185
      },
      "items" : [ {
        "uid" : "b245ff06588aa336",
        "reportUrl" : "https://MohabMohie.github.io/using_SHAFT_ENGINE/allure/598//#testresult/b245ff06588aa336",
        "status" : "skipped",
        "statusDetails" : "unknown error: Chrome failed to start: exited abnormally.\n  (unknown error: DevToolsActivePort file doesn't exist)\n  (The process started from chrome location /usr/bin/google-chrome is no longer running, so ChromeDriver is assuming that Chrome has crashed.)\nBuild info: version: '3.141.59', revision: 'e82be7d358', time: '2018-11-14T08:17:03'\nSystem info: host: 'fv-az292-378', ip: '10.1.1.13', os.name: 'Linux', os.arch: 'amd64', os.version: '5.8.0-1036-azure', java.version: '15.0.3'\nDriver info: driver.version: A_Search_FlatTest_NativeSeleniumWebDriver\nremote stacktrace: #0 0x565327319949 <unknown>\n",
        "time" : {
          "start" : 1625337602359,
          "stop" : 1625337602368,
          "duration" : 9
        }
      }, {
        "uid" : "49655c970e497337",
        "reportUrl" : "https://MohabMohie.github.io/using_SHAFT_ENGINE/allure/597//#testresult/49655c970e497337",
        "status" : "skipped",
        "statusDetails" : "unknown error: Chrome failed to start: exited abnormally.\n  (unknown error: DevToolsActivePort file doesn't exist)\n  (The process started from chrome location /usr/bin/google-chrome is no longer running, so ChromeDriver is assuming that Chrome has crashed.)\nBuild info: version: '3.141.59', revision: 'e82be7d358', time: '2018-11-14T08:17:03'\nSystem info: host: 'fv-az292-378', ip: '10.1.0.219', os.name: 'Linux', os.arch: 'amd64', os.version: '5.8.0-1036-azure', java.version: '15.0.3'\nDriver info: driver.version: A_Search_FlatTest_NativeSeleniumWebDriver\nremote stacktrace: #0 0x561900f40949 <unknown>\n",
        "time" : {
          "start" : 1625316570543,
          "stop" : 1625316570553,
          "duration" : 10
        }
      }, {
        "uid" : "95c08074122437e6",
        "reportUrl" : "https://MohabMohie.github.io/using_SHAFT_ENGINE/allure/596//#testresult/95c08074122437e6",
        "status" : "skipped",
        "statusDetails" : "unknown error: Chrome failed to start: exited abnormally.\n  (unknown error: DevToolsActivePort file doesn't exist)\n  (The process started from chrome location /usr/bin/google-chrome is no longer running, so ChromeDriver is assuming that Chrome has crashed.)\nBuild info: version: '3.141.59', revision: 'e82be7d358', time: '2018-11-14T08:17:03'\nSystem info: host: 'fv-az201-546', ip: '10.1.1.107', os.name: 'Linux', os.arch: 'amd64', os.version: '5.8.0-1036-azure', java.version: '15.0.3'\nDriver info: driver.version: A_Search_FlatTest_NativeSeleniumWebDriver\nremote stacktrace: #0 0x562aa7fbe949 <unknown>\n",
        "time" : {
          "start" : 1625294471544,
          "stop" : 1625294471555,
          "duration" : 11
        }
      }, {
        "uid" : "d06c97cbbeb35fed",
        "reportUrl" : "https://MohabMohie.github.io/using_SHAFT_ENGINE/allure/595//#testresult/d06c97cbbeb35fed",
        "status" : "skipped",
        "statusDetails" : "unknown error: Chrome failed to start: exited abnormally.\n  (unknown error: DevToolsActivePort file doesn't exist)\n  (The process started from chrome location /usr/bin/google-chrome is no longer running, so ChromeDriver is assuming that Chrome has crashed.)\nBuild info: version: '3.141.59', revision: 'e82be7d358', time: '2018-11-14T08:17:03'\nSystem info: host: 'fv-az154-100', ip: '10.1.1.133', os.name: 'Linux', os.arch: 'amd64', os.version: '5.8.0-1036-azure', java.version: '15.0.3'\nDriver info: driver.version: A_Search_FlatTest_NativeSeleniumWebDriver\nremote stacktrace: #0 0x5576c8e12949 <unknown>\n",
        "time" : {
          "start" : 1625275528027,
          "stop" : 1625275528038,
          "duration" : 11
        }
      }, {
        "uid" : "785d41e5d542c33e",
        "reportUrl" : "https://MohabMohie.github.io/using_SHAFT_ENGINE/allure/594//#testresult/785d41e5d542c33e",
        "status" : "skipped",
        "statusDetails" : "unknown error: Chrome failed to start: exited abnormally.\n  (unknown error: DevToolsActivePort file doesn't exist)\n  (The process started from chrome location /usr/bin/google-chrome is no longer running, so ChromeDriver is assuming that Chrome has crashed.)\nBuild info: version: '3.141.59', revision: 'e82be7d358', time: '2018-11-14T08:17:03'\nSystem info: host: 'fv-az219-529', ip: '10.1.1.178', os.name: 'Linux', os.arch: 'amd64', os.version: '5.8.0-1036-azure', java.version: '15.0.3'\nDriver info: driver.version: A_Search_FlatTest_NativeSeleniumWebDriver\nremote stacktrace: #0 0x55c1babba949 <unknown>\n",
        "time" : {
          "start" : 1625251213709,
          "stop" : 1625251213722,
          "duration" : 13
        }
      }, {
        "uid" : "b1dda74856dd4443",
        "reportUrl" : "https://MohabMohie.github.io/using_SHAFT_ENGINE/allure/593//#testresult/b1dda74856dd4443",
        "status" : "skipped",
        "statusDetails" : "unknown error: Chrome failed to start: exited abnormally.\n  (unknown error: DevToolsActivePort file doesn't exist)\n  (The process started from chrome location /usr/bin/google-chrome is no longer running, so ChromeDriver is assuming that Chrome has crashed.)\nBuild info: version: '3.141.59', revision: 'e82be7d358', time: '2018-11-14T08:17:03'\nSystem info: host: 'fv-az219-529', ip: '10.1.0.89', os.name: 'Linux', os.arch: 'amd64', os.version: '5.8.0-1036-azure', java.version: '15.0.3'\nDriver info: driver.version: A_Search_FlatTest_NativeSeleniumWebDriver\nremote stacktrace: #0 0x55ad4af2b949 <unknown>\n",
        "time" : {
          "start" : 1625230297115,
          "stop" : 1625230297128,
          "duration" : 13
        }
      }, {
        "uid" : "dc830fd758fb54cb",
        "reportUrl" : "https://MohabMohie.github.io/using_SHAFT_ENGINE/allure/592//#testresult/dc830fd758fb54cb",
        "status" : "skipped",
        "statusDetails" : "unknown error: Chrome failed to start: exited abnormally.\n  (unknown error: DevToolsActivePort file doesn't exist)\n  (The process started from chrome location /usr/bin/google-chrome is no longer running, so ChromeDriver is assuming that Chrome has crashed.)\nBuild info: version: '3.141.59', revision: 'e82be7d358', time: '2018-11-14T08:17:03'\nSystem info: host: 'fv-az154-100', ip: '10.1.1.241', os.name: 'Linux', os.arch: 'amd64', os.version: '5.8.0-1036-azure', java.version: '15.0.3'\nDriver info: driver.version: A_Search_FlatTest_NativeSeleniumWebDriver\nremote stacktrace: #0 0x55b316588949 <unknown>\n",
        "time" : {
          "start" : 1625207945337,
          "stop" : 1625207945345,
          "duration" : 8
        }
      }, {
        "uid" : "65e87868026dd18b",
        "reportUrl" : "https://MohabMohie.github.io/using_SHAFT_ENGINE/allure/591//#testresult/65e87868026dd18b",
        "status" : "skipped",
        "statusDetails" : "unknown error: Chrome failed to start: exited abnormally.\n  (unknown error: DevToolsActivePort file doesn't exist)\n  (The process started from chrome location /usr/bin/google-chrome is no longer running, so ChromeDriver is assuming that Chrome has crashed.)\nBuild info: version: '3.141.59', revision: 'e82be7d358', time: '2018-11-14T08:17:03'\nSystem info: host: 'fv-az213-73', ip: '10.1.1.61', os.name: 'Linux', os.arch: 'amd64', os.version: '5.8.0-1036-azure', java.version: '15.0.3'\nDriver info: driver.version: A_Search_FlatTest_NativeSeleniumWebDriver\nremote stacktrace: #0 0x55b23d877949 <unknown>\n",
        "time" : {
          "start" : 1625189565221,
          "stop" : 1625189565238,
          "duration" : 17
        }
      }, {
        "uid" : "dd93471c8e7aaf76",
        "reportUrl" : "https://MohabMohie.github.io/using_SHAFT_ENGINE/allure/590//#testresult/dd93471c8e7aaf76",
        "status" : "skipped",
        "statusDetails" : "unknown error: Chrome failed to start: exited abnormally.\n  (unknown error: DevToolsActivePort file doesn't exist)\n  (The process started from chrome location /usr/bin/google-chrome is no longer running, so ChromeDriver is assuming that Chrome has crashed.)\nBuild info: version: '3.141.59', revision: 'e82be7d358', time: '2018-11-14T08:17:03'\nSystem info: host: 'fv-az212-186', ip: '10.1.0.135', os.name: 'Linux', os.arch: 'amd64', os.version: '5.8.0-1036-azure', java.version: '15.0.3'\nDriver info: driver.version: A_Search_FlatTest_NativeSeleniumWebDriver\nremote stacktrace: #0 0x55a0a6b92949 <unknown>\n",
        "time" : {
          "start" : 1625165019806,
          "stop" : 1625165019815,
          "duration" : 9
        }
      }, {
        "uid" : "60a607082a0537c4",
        "reportUrl" : "https://MohabMohie.github.io/using_SHAFT_ENGINE/allure/589//#testresult/60a607082a0537c4",
        "status" : "skipped",
        "statusDetails" : "unknown error: Chrome failed to start: exited abnormally.\n  (unknown error: DevToolsActivePort file doesn't exist)\n  (The process started from chrome location /usr/bin/google-chrome is no longer running, so ChromeDriver is assuming that Chrome has crashed.)\nBuild info: version: '3.141.59', revision: 'e82be7d358', time: '2018-11-14T08:17:03'\nSystem info: host: 'fv-az212-186', ip: '10.1.1.47', os.name: 'Linux', os.arch: 'amd64', os.version: '5.8.0-1036-azure', java.version: '15.0.3'\nDriver info: driver.version: A_Search_FlatTest_NativeSeleniumWebDriver\nremote stacktrace: #0 0x5596f648f949 <unknown>\n",
        "time" : {
          "start" : 1625144179630,
          "stop" : 1625144179638,
          "duration" : 8
        }
      }, {
        "uid" : "f6ead4c908028329",
        "reportUrl" : "https://MohabMohie.github.io/using_SHAFT_ENGINE/allure/588//#testresult/f6ead4c908028329",
        "status" : "skipped",
        "statusDetails" : "unknown error: Chrome failed to start: exited abnormally.\n  (unknown error: DevToolsActivePort file doesn't exist)\n  (The process started from chrome location /usr/bin/google-chrome is no longer running, so ChromeDriver is assuming that Chrome has crashed.)\nBuild info: version: '3.141.59', revision: 'e82be7d358', time: '2018-11-14T08:17:03'\nSystem info: host: 'fv-az292-378', ip: '10.1.1.209', os.name: 'Linux', os.arch: 'amd64', os.version: '5.8.0-1036-azure', java.version: '15.0.3'\nDriver info: driver.version: A_Search_FlatTest_NativeSeleniumWebDriver\nremote stacktrace: #0 0x55d66355e949 <unknown>\n",
        "time" : {
          "start" : 1625121930778,
          "stop" : 1625121930783,
          "duration" : 5
        }
      }, {
        "uid" : "50cf641576bb0e56",
        "reportUrl" : "https://MohabMohie.github.io/using_SHAFT_ENGINE/allure/587//#testresult/50cf641576bb0e56",
        "status" : "skipped",
        "statusDetails" : "unknown error: Chrome failed to start: exited abnormally.\n  (unknown error: DevToolsActivePort file doesn't exist)\n  (The process started from chrome location /usr/bin/google-chrome is no longer running, so ChromeDriver is assuming that Chrome has crashed.)\nBuild info: version: '3.141.59', revision: 'e82be7d358', time: '2018-11-14T08:17:03'\nSystem info: host: 'fv-az219-529', ip: '10.1.0.201', os.name: 'Linux', os.arch: 'amd64', os.version: '5.8.0-1036-azure', java.version: '15.0.3'\nDriver info: driver.version: A_Search_FlatTest_NativeSeleniumWebDriver\nremote stacktrace: #0 0x55b79e3bb949 <unknown>\n",
        "time" : {
          "start" : 1625103260092,
          "stop" : 1625103260104,
          "duration" : 12
        }
      }, {
        "uid" : "69b8b1e111c5be32",
        "reportUrl" : "https://MohabMohie.github.io/using_SHAFT_ENGINE/allure/586//#testresult/69b8b1e111c5be32",
        "status" : "skipped",
        "statusDetails" : "unknown error: Chrome failed to start: exited abnormally.\n  (unknown error: DevToolsActivePort file doesn't exist)\n  (The process started from chrome location /usr/bin/google-chrome is no longer running, so ChromeDriver is assuming that Chrome has crashed.)\nBuild info: version: '3.141.59', revision: 'e82be7d358', time: '2018-11-14T08:17:03'\nSystem info: host: 'fv-az216-965', ip: '10.1.0.97', os.name: 'Linux', os.arch: 'amd64', os.version: '5.8.0-1036-azure', java.version: '15.0.3'\nDriver info: driver.version: A_Search_FlatTest_NativeSeleniumWebDriver\nremote stacktrace: #0 0x563565d17949 <unknown>\n",
        "time" : {
          "start" : 1625078545408,
          "stop" : 1625078545423,
          "duration" : 15
        }
      }, {
        "uid" : "d7a4ca8eaae7ae84",
        "reportUrl" : "https://MohabMohie.github.io/using_SHAFT_ENGINE/allure/585//#testresult/d7a4ca8eaae7ae84",
        "status" : "skipped",
        "statusDetails" : "unknown error: Chrome failed to start: exited abnormally.\n  (unknown error: DevToolsActivePort file doesn't exist)\n  (The process started from chrome location /usr/bin/google-chrome is no longer running, so ChromeDriver is assuming that Chrome has crashed.)\nBuild info: version: '3.141.59', revision: 'e82be7d358', time: '2018-11-14T08:17:03'\nSystem info: host: 'fv-az292-378', ip: '10.1.1.224', os.name: 'Linux', os.arch: 'amd64', os.version: '5.8.0-1036-azure', java.version: '15.0.3'\nDriver info: driver.version: A_Search_FlatTest_NativeSeleniumWebDriver\nremote stacktrace: #0 0x557355358949 <unknown>\n",
        "time" : {
          "start" : 1625057627202,
          "stop" : 1625057627207,
          "duration" : 5
        }
      }, {
        "uid" : "bf67a1547fa62546",
        "reportUrl" : "https://MohabMohie.github.io/using_SHAFT_ENGINE/allure/584//#testresult/bf67a1547fa62546",
        "status" : "skipped",
        "statusDetails" : "unknown error: Chrome failed to start: exited abnormally.\n  (unknown error: DevToolsActivePort file doesn't exist)\n  (The process started from chrome location /usr/bin/google-chrome is no longer running, so ChromeDriver is assuming that Chrome has crashed.)\nBuild info: version: '3.141.59', revision: 'e82be7d358', time: '2018-11-14T08:17:03'\nSystem info: host: 'fv-az292-378', ip: '10.1.1.208', os.name: 'Linux', os.arch: 'amd64', os.version: '5.8.0-1036-azure', java.version: '15.0.3'\nDriver info: driver.version: A_Search_FlatTest_NativeSeleniumWebDriver\nremote stacktrace: #0 0x556c782f2949 <unknown>\n",
        "time" : {
          "start" : 1625035449625,
          "stop" : 1625035449635,
          "duration" : 10
        }
      }, {
        "uid" : "5680efd6a4c8aa4e",
        "reportUrl" : "https://MohabMohie.github.io/using_SHAFT_ENGINE/allure/583//#testresult/5680efd6a4c8aa4e",
        "status" : "skipped",
        "statusDetails" : "unknown error: Chrome failed to start: exited abnormally.\n  (unknown error: DevToolsActivePort file doesn't exist)\n  (The process started from chrome location /usr/bin/google-chrome is no longer running, so ChromeDriver is assuming that Chrome has crashed.)\nBuild info: version: '3.141.59', revision: 'e82be7d358', time: '2018-11-14T08:17:03'\nSystem info: host: 'fv-az290-942', ip: '10.1.0.192', os.name: 'Linux', os.arch: 'amd64', os.version: '5.8.0-1033-azure', java.version: '15.0.3'\nDriver info: driver.version: A_Search_FlatTest_NativeSeleniumWebDriver\nremote stacktrace: #0 0x55dae1d72949 <unknown>\n",
        "time" : {
          "start" : 1625016907133,
          "stop" : 1625016907144,
          "duration" : 11
        }
      }, {
        "uid" : "9afa67ccaf19cfc7",
        "reportUrl" : "https://MohabMohie.github.io/using_SHAFT_ENGINE/allure/582//#testresult/9afa67ccaf19cfc7",
        "status" : "skipped",
        "statusDetails" : "unknown error: Chrome failed to start: exited abnormally.\n  (unknown error: DevToolsActivePort file doesn't exist)\n  (The process started from chrome location /usr/bin/google-chrome is no longer running, so ChromeDriver is assuming that Chrome has crashed.)\nBuild info: version: '3.141.59', revision: 'e82be7d358', time: '2018-11-14T08:17:03'\nSystem info: host: 'fv-az216-914', ip: '10.1.1.5', os.name: 'Linux', os.arch: 'amd64', os.version: '5.8.0-1033-azure', java.version: '15.0.3'\nDriver info: driver.version: A_Search_FlatTest_NativeSeleniumWebDriver\nremote stacktrace: #0 0x558410975949 <unknown>\n",
        "time" : {
          "start" : 1624992151212,
          "stop" : 1624992151227,
          "duration" : 15
        }
      }, {
        "uid" : "a27a429d2545d02",
        "reportUrl" : "https://MohabMohie.github.io/using_SHAFT_ENGINE/allure/581//#testresult/a27a429d2545d02",
        "status" : "skipped",
        "statusDetails" : "unknown error: Chrome failed to start: exited abnormally.\n  (unknown error: DevToolsActivePort file doesn't exist)\n  (The process started from chrome location /usr/bin/google-chrome is no longer running, so ChromeDriver is assuming that Chrome has crashed.)\nBuild info: version: '3.141.59', revision: 'e82be7d358', time: '2018-11-14T08:17:03'\nSystem info: host: 'fv-az154-370', ip: '10.1.0.194', os.name: 'Linux', os.arch: 'amd64', os.version: '5.8.0-1033-azure', java.version: '15.0.3'\nDriver info: driver.version: A_Search_FlatTest_NativeSeleniumWebDriver\nremote stacktrace: #0 0x55caf2940949 <unknown>\n",
        "time" : {
          "start" : 1624971394054,
          "stop" : 1624971394058,
          "duration" : 4
        }
      }, {
        "uid" : "a133a082f88c2bc8",
        "reportUrl" : "https://MohabMohie.github.io/using_SHAFT_ENGINE/allure/580//#testresult/a133a082f88c2bc8",
        "status" : "skipped",
        "statusDetails" : "unknown error: Chrome failed to start: exited abnormally.\n  (unknown error: DevToolsActivePort file doesn't exist)\n  (The process started from chrome location /usr/bin/google-chrome is no longer running, so ChromeDriver is assuming that Chrome has crashed.)\nBuild info: version: '3.141.59', revision: 'e82be7d358', time: '2018-11-14T08:17:03'\nSystem info: host: 'fv-az292-531', ip: '10.1.1.111', os.name: 'Linux', os.arch: 'amd64', os.version: '5.8.0-1033-azure', java.version: '15.0.3'\nDriver info: driver.version: A_Search_FlatTest_NativeSeleniumWebDriver\nremote stacktrace: #0 0x557a3bf2d949 <unknown>\n",
        "time" : {
          "start" : 1624949070303,
          "stop" : 1624949070311,
          "duration" : 8
        }
      }, {
        "uid" : "ba6464e439ae1ffb",
        "reportUrl" : "https://MohabMohie.github.io/using_SHAFT_ENGINE/allure/579//#testresult/ba6464e439ae1ffb",
        "status" : "skipped",
        "statusDetails" : "unknown error: Chrome failed to start: exited abnormally.\n  (unknown error: DevToolsActivePort file doesn't exist)\n  (The process started from chrome location /usr/bin/google-chrome is no longer running, so ChromeDriver is assuming that Chrome has crashed.)\nBuild info: version: '3.141.59', revision: 'e82be7d358', time: '2018-11-14T08:17:03'\nSystem info: host: 'fv-az219-522', ip: '10.1.1.58', os.name: 'Linux', os.arch: 'amd64', os.version: '5.8.0-1033-azure', java.version: '15.0.3'\nDriver info: driver.version: A_Search_FlatTest_NativeSeleniumWebDriver\nremote stacktrace: #0 0x55719ae1e949 <unknown>\n",
        "time" : {
          "start" : 1624930222176,
          "stop" : 1624930222181,
          "duration" : 5
        }
      } ]
    },
    "tags" : [ ]
  },
  "source" : "63fb08b9d30a1cef.json",
  "parameterValues" : [ ]
}