################################################################################################################################################
Detected SHAFT Engine Version: [SHAFT Engine v5.3.20210519]
################################################################################################################################################
[ReportManager] Successfully loaded the following test data file [src/test/resources/TestDataFiles/Google/SimpleSearch.xlsx]. @27-05-2021 02:31:24.0019 AM
[ReportManager] Successfully created attachment [Test Data - Excel] @27-05-2021 02:31:24.0023 A
[ReportManager] File Action [getAbsolutePath] successfully performed. With the following test data [Relative Folder Path: "target/downloadedFiles/"]. @27-05-2021 02:31:24.0064 AM
[ReportManager] Attempting to run remotely on: [Linux-64], [GoogleChrome], [http://localhost:4444/wd/hub], Headless Execution. @27-05-2021 02:31:24.0091 AM
[ReportManager] Successfully Opened [GoogleChrome]. @27-05-2021 02:31:25.0490 AM
[ReportManager] Target URL: [https://www.google.com/ncr], and after redirection: [https://www.google.com] @27-05-2021 02:31:25.0549 AM
[ReportManager] Initial URL: [data:,] @27-05-2021 02:31:25.0685 AM
[ReportManager] Browser Action [navigateToURL] successfully performed. With the following test data [https://www.google.com/ncr]. @27-05-2021 02:31:27.0730 A

################################################################################################################################################
Starting Execution:	[1 out of 23] test cases in the current suite
Test Method:		[tests.gui.google.D_Search_PageObjectModel_Traditional_DataDriven.navigateToGoogleHomeAndAssertGoogleLogoIsDisplayed]
################################################################################################################################################
[ReportManager] Element Action [identifyUniqueElement] failed. With the following test data [zero elements found matching this locator "By.xpath: //img[@id='hplogo' or @alt='Google']".]. @27-05-2021 02:31:53.0751 AM
[ReportManager] Successfully created attachment [Screenshot - 1622082713519_navigateToGoogleHomeAndAssertGoogleLogoIsDisplayed_identifyUniqueElement_failed] @27-05-2021 02:31:53.0770 A
[ReportManager] Successfully created attachment [Selenium WebDriver Logs - server] @27-05-2021 02:31:54.0024 AM
[ReportManager] Successfully created attachment [Selenium WebDriver Logs - performance] @27-05-2021 02:31:54.0086 AM
[ReportManager] Successfully created attachment [Selenium WebDriver Logs - browser] @27-05-2021 02:31:54.0101 AM
[ReportManager] Successfully created attachment [Selenium WebDriver Logs - driver] @27-05-2021 02:31:54.0232 AM
[ReportManager] Browser Action [closeCurrentWindow] successfully performed. @27-05-2021 02:31:54.0297 AM
[ReportManager] Successfully created attachment [Browser Action Test Data - closeCurrentWindow - Actual Value] @27-05-2021 02:31:54.0309 A
[ReportManager] File Action [getAbsolutePath] successfully performed. With the following test data [Relative Folder Path: "target/downloadedFiles/"]. @27-05-2021 02:31:54.0329 AM
[ReportManager] Attempting to run remotely on: [Linux-64], [GoogleChrome], [http://localhost:4444/wd/hub], Headless Execution. @27-05-2021 02:31:54.0329 AM
[ReportManager] Successfully Opened [GoogleChrome]. @27-05-2021 02:31:54.0899 AM
[ReportManager] Target URL: [https://www.google.com/ncr], and after redirection: [https://www.google.com] @27-05-2021 02:31:54.0920 AM
[ReportManager] Initial URL: [data:,] @27-05-2021 02:31:54.0981 AM
[ReportManager] Browser Action [navigateToURL] successfully performed. With the following test data [https://www.google.com/ncr]. @27-05-2021 02:31:56.0789 A

################################################################################################################################################
Starting Execution:	[2 out of 23] test cases in the current suite
Test Method:		[tests.gui.google.D_Search_PageObjectModel_Traditional_DataDriven.navigateToGoogleHomeAndAssertPageTitle]
################################################################################################################################################
[ReportManager] Browser Action [getCurrentWindowTitle] successfully performed. With the following test data [Google]. @27-05-2021 02:31:56.0850 AM
[ReportManager] Asserting that the page title is Google... @27-05-2021 02:31:56.0855 AM
[ReportManager] AssertEquals PASSED; Expected [Google] and Actual [Google]. Comparison Type [EQUALS]. Validation Type [POSITIVE]. @27-05-2021 02:31:56.0856 A
[ReportManager] Successfully created attachment [Selenium WebDriver Logs - server] @27-05-2021 02:31:57.0115 AM
[ReportManager] Successfully created attachment [Selenium WebDriver Logs - performance] @27-05-2021 02:31:57.0163 AM
[ReportManager] Successfully created attachment [Selenium WebDriver Logs - browser] @27-05-2021 02:31:57.0181 AM
[ReportManager] Successfully created attachment [Selenium WebDriver Logs - driver] @27-05-2021 02:31:57.0282 AM
[ReportManager] Browser Action [closeCurrentWindow] successfully performed. @27-05-2021 02:31:57.0345 AM
[ReportManager] Successfully created attachment [Browser Action Test Data - closeCurrentWindow - Actual Value] @27-05-2021 02:31:57.0348 A
[ReportManager] File Action [getAbsolutePath] successfully performed. With the following test data [Relative Folder Path: "target/downloadedFiles/"]. @27-05-2021 02:31:57.0353 AM
[ReportManager] Attempting to run remotely on: [Linux-64], [GoogleChrome], [http://localhost:4444/wd/hub], Headless Execution. @27-05-2021 02:31:57.0353 AM
[ReportManager] Successfully Opened [GoogleChrome]. @27-05-2021 02:31:57.0894 AM
[ReportManager] Target URL: [https://www.google.com/ncr], and after redirection: [https://www.google.com] @27-05-2021 02:31:57.0923 AM
[ReportManager] Initial URL: [data:,] @27-05-2021 02:31:58.0001 AM
[ReportManager] Browser Action [navigateToURL] successfully performed. With the following test data [https://www.google.com/ncr]. @27-05-2021 02:31:59.0762 A

################################################################################################################################################
Starting Execution:	[3 out of 23] test cases in the current suite
Test Method:		[tests.gui.google.D_Search_PageObjectModel_Traditional_DataDriven.searchForQueryAndAssertFirstResultTextIsCorrect]
################################################################################################################################################
[ReportManager] Element Action [type] successfully performed. With the following test data [SHAFT_Engine]. @27-05-2021 02:32:00.0418 AM
[ReportManager] Element Action [keyPress] successfully performed. With the following test data [ENTER]. @27-05-2021 02:32:01.0732 AM
[ReportManager] Element Action [getText] successfully performed. With the following test data [MohabMohie/SHAFT_ENGINE: SHAFT_ENGINE is a ... - GitHub]. @27-05-2021 02:32:01.0826 AM
[ReportManager] Asserting that the correct first result is displayed... @27-05-2021 02:32:01.0828 AM
[ReportManager] AssertEquals PASSED; Expected [MohabMohie] and Actual [MohabMohie/SHAFT_ENGINE: SHAFT_ENGINE is a ... - GitHub]. Comparison Type [CONTAINS]. Validation Type [POSITIVE]. @27-05-2021 02:32:01.0829 A
[ReportManager] Successfully created attachment [Selenium WebDriver Logs - server] @27-05-2021 02:32:02.0034 AM
[ReportManager] Successfully created attachment [Selenium WebDriver Logs - performance] @27-05-2021 02:32:02.0197 AM
[ReportManager] Successfully created attachment [Selenium WebDriver Logs - browser] @27-05-2021 02:32:02.0209 AM
[ReportManager] Successfully created attachment [Selenium WebDriver Logs - driver] @27-05-2021 02:32:02.0454 AM
[ReportManager] Browser Action [closeCurrentWindow] successfully performed. @27-05-2021 02:32:02.0515 AM
[ReportManager] Successfully created attachment [Browser Action Test Data - closeCurrentWindow - Actual Value] @27-05-2021 02:32:02.0518 A
[ReportManager] Successfully loaded the following test data file [src/test/resources/TestDataFiles/Google/SimpleSearch.xlsx]. @27-05-2021 02:32:02.0578 AM
[ReportManager] Successfully created attachment [Test Data - Excel] @27-05-2021 02:32:02.0578 A
[ReportManager] File Action [getAbsolutePath] successfully performed. With the following test data [Relative Folder Path: "target/downloadedFiles/"]. @27-05-2021 02:32:02.0580 AM
[ReportManager] Attempting to run remotely on: [Linux-64], [GoogleChrome], [http://localhost:4444/wd/hub], Headless Execution. @27-05-2021 02:32:02.0580 AM
[ReportManager] Successfully Opened [GoogleChrome]. @27-05-2021 02:32:03.0114 AM
[ReportManager] Target URL: [https://www.google.com/ncr], and after redirection: [https://www.google.com] @27-05-2021 02:32:03.0134 AM
[ReportManager] Initial URL: [data:,] @27-05-2021 02:32:03.0193 AM
[ReportManager] Browser Action [navigateToURL] successfully performed. With the following test data [https://www.google.com/ncr]. @27-05-2021 02:32:04.0952 A

################################################################################################################################################
Starting Execution:	[4 out of 23] test cases in the current suite
Test Method:		[tests.gui.google.F_Search_PageObjectModel_Fluent.navigateToGoogleHomeAndAssertGoogleLogoIsDisplayed]
################################################################################################################################################
[ReportManager] Asserting that the Google logo is displayed... @27-05-2021 02:32:04.0959 AM
[ReportManager] File Action [doesFileExist] successfully performed. With the following test data [File Path: "src/test/resources/DynamicObjectRepository/tests_gui_google_F_Search_PageObjectModel_Fluent_navigateToGoogleHomeAndAssertGoogleLogoIsDisplayed_By_xpath_img_id_hplogo_or_alt_Google.png"]. @27-05-2021 02:32:04.0982 AM
[ReportManager] File Action [getAbsolutePath] successfully performed. With the following test data [Relative Folder Path: "src/test/resources/DynamicObjectRepository/tests_gui_google_F_Search_PageObjectModel_Fluent_navigateToGoogleHomeAndAssertGoogleLogoIsDisplayed_By_xpath_img_id_hplogo_or_alt_Google.png"]. @27-05-2021 02:32:04.0982 AM
[ReportManager] File Action [readFromImageFile] successfully performed. With the following test data [File Path: "/home/runner/work/using_SHAFT_ENGINE/using_SHAFT_ENGINE/src/test/resources/DynamicObjectRepository/tests_gui_google_F_Search_PageObjectModel_Fluent_navigateToGoogleHomeAndAssertGoogleLogoIsDisplayed_By_xpath_img_id_hplogo_or_alt_Google.png"]. @27-05-2021 02:32:04.0983 AM
[ReportManager] AssertElementMatches FAILED; Expected [Element should match the reference screenshot] and Actual [ELEMENT NOT FOUND]. Comparison Type [EXACT_OPENCV]. Validation Type [POSITIVE]. @27-05-2021 02:32:30.0774 AM
[ReportManager] Successfully created attachment [Validation Test Data - Reference Screenshot] @27-05-2021 02:32:30.0775 AM
[ReportManager] Successfully created attachment [Validation Test Data - Actual Screenshot] @27-05-2021 02:32:30.0775 A
[ReportManager] Successfully created attachment [Selenium WebDriver Logs - server] @27-05-2021 02:32:30.0957 AM
[ReportManager] Successfully created attachment [Selenium WebDriver Logs - performance] @27-05-2021 02:32:31.0021 AM
[ReportManager] Successfully created attachment [Selenium WebDriver Logs - browser] @27-05-2021 02:32:31.0030 AM
[ReportManager] Successfully created attachment [Selenium WebDriver Logs - driver] @27-05-2021 02:32:31.0127 AM
[ReportManager] Browser Action [closeCurrentWindow] successfully performed. @27-05-2021 02:32:31.0188 AM
[ReportManager] Successfully created attachment [Browser Action Test Data - closeCurrentWindow - Actual Value] @27-05-2021 02:32:31.0191 A
[ReportManager] File Action [getAbsolutePath] successfully performed. With the following test data [Relative Folder Path: "target/downloadedFiles/"]. @27-05-2021 02:32:31.0199 AM
[ReportManager] Attempting to run remotely on: [Linux-64], [GoogleChrome], [http://localhost:4444/wd/hub], Headless Execution. @27-05-2021 02:32:31.0200 AM
[ReportManager] Successfully Opened [GoogleChrome]. @27-05-2021 02:32:31.0412 AM
[ReportManager] Target URL: [https://www.google.com/ncr], and after redirection: [https://www.google.com] @27-05-2021 02:32:31.0429 AM
[ReportManager] Initial URL: [data:,] @27-05-2021 02:32:31.0487 AM
[ReportManager] Browser Action [navigateToURL] successfully performed. With the following test data [https://www.google.com/ncr]. @27-05-2021 02:32:33.0154 A

################################################################################################################################################
Starting Execution:	[5 out of 23] test cases in the current suite
Test Method:		[tests.gui.google.F_Search_PageObjectModel_Fluent.navigateToGoogleHomeAndAssertPageTitle]
################################################################################################################################################
[ReportManager] Asserting that the page title is Google... @27-05-2021 02:32:33.0172 AM
[ReportManager] Browser Action [getCurrentWindowTitle] successfully performed. With the following test data [Google]. @27-05-2021 02:32:33.0219 AM
[ReportManager] AssertBrowserAttribute PASSED; Expected [Value Should be 'Google' for the 'Title' attribute] and Actual [Google]. Comparison Type [EQUALS]. Validation Type [POSITIVE]. @27-05-2021 02:32:33.0220 A
[ReportManager] Successfully created attachment [Selenium WebDriver Logs - server] @27-05-2021 02:32:33.0409 AM
[ReportManager] Successfully created attachment [Selenium WebDriver Logs - performance] @27-05-2021 02:32:33.0452 AM
[ReportManager] Successfully created attachment [Selenium WebDriver Logs - browser] @27-05-2021 02:32:33.0463 AM
[ReportManager] Successfully created attachment [Selenium WebDriver Logs - driver] @27-05-2021 02:32:33.0534 AM
[ReportManager] Browser Action [closeCurrentWindow] successfully performed. @27-05-2021 02:32:33.0594 AM
[ReportManager] Successfully created attachment [Browser Action Test Data - closeCurrentWindow - Actual Value] @27-05-2021 02:32:33.0600 A
[ReportManager] File Action [getAbsolutePath] successfully performed. With the following test data [Relative Folder Path: "target/downloadedFiles/"]. @27-05-2021 02:32:33.0607 AM
[ReportManager] Attempting to run remotely on: [Linux-64], [GoogleChrome], [http://localhost:4444/wd/hub], Headless Execution. @27-05-2021 02:32:33.0608 AM
[ReportManager] Successfully Opened [GoogleChrome]. @27-05-2021 02:32:33.0826 AM
[ReportManager] Target URL: [https://www.google.com/ncr], and after redirection: [https://www.google.com] @27-05-2021 02:32:33.0848 AM
[ReportManager] Initial URL: [data:,] @27-05-2021 02:32:33.0905 AM
[ReportManager] Browser Action [navigateToURL] successfully performed. With the following test data [https://www.google.com/ncr]. @27-05-2021 02:32:35.0627 A

################################################################################################################################################
Starting Execution:	[6 out of 23] test cases in the current suite
Test Method:		[tests.gui.google.F_Search_PageObjectModel_Fluent.searchForQueryAndAssertFirstResultTextIsCorrect]
################################################################################################################################################
[ReportManager] Element Action [type] successfully performed. With the following test data [SHAFT_Engine]. @27-05-2021 02:32:36.0254 AM
[ReportManager] Element Action [keyPress] successfully performed. With the following test data [ENTER]. @27-05-2021 02:32:37.0518 AM
[ReportManager] Asserting that the correct first result is displayed... @27-05-2021 02:32:37.0519 AM
[ReportManager] Element Action [getText] successfully performed. With the following test data [MohabMohie/SHAFT_ENGINE: SHAFT_ENGINE is a ... - GitHub]. @27-05-2021 02:32:37.0613 AM
[ReportManager] Loaded Shared OpenCV @27-05-2021 02:32:38.0190 AM
[ReportManager] AssertElementAttribute PASSED; Expected [Value Should be 'MohabMohie' for the 'Text' attribute, element locator 'By.xpath: (//h1[contains(text(),'Search Result')]/following-sibling::div//a/h3)[1]'] and Actual [MohabMohie/SHAFT_ENGINE: SHAFT_ENGINE is a ... - GitHub]. Comparison Type [CONTAINS]. Validation Type [POSITIVE]. @27-05-2021 02:32:38.0305 AM
[ReportManager] Successfully created attachment [Screenshot - 1622082757787_searchForQueryAndAssertFirstResultTextIsCorrect_AssertElementAttribute_passed] @27-05-2021 02:32:38.0311 A
[ReportManager] Successfully created attachment [Selenium WebDriver Logs - server] @27-05-2021 02:32:38.0483 AM
[ReportManager] Successfully created attachment [Selenium WebDriver Logs - performance] @27-05-2021 02:32:38.0627 AM
[ReportManager] Successfully created attachment [Selenium WebDriver Logs - browser] @27-05-2021 02:32:38.0636 AM
[ReportManager] Successfully created attachment [Selenium WebDriver Logs - driver] @27-05-2021 02:32:38.0915 AM
[ReportManager] Browser Action [closeCurrentWindow] successfully performed. @27-05-2021 02:32:38.0977 AM
[ReportManager] Successfully created attachment [Browser Action Test Data - closeCurrentWindow - Actual Value] @27-05-2021 02:32:38.0980 A
[ReportManager] Successfully loaded the following test data file [src/test/resources/TestDataFiles/Google/SimpleSearch.xlsx]. @27-05-2021 02:32:39.0020 AM
[ReportManager] Successfully created attachment [Test Data - Excel] @27-05-2021 02:32:39.0020 A
[ReportManager] File Action [getAbsolutePath] successfully performed. With the following test data [Relative Folder Path: "target/downloadedFiles/"]. @27-05-2021 02:32:39.0022 AM
[ReportManager] Attempting to run remotely on: [Linux-64], [GoogleChrome], [http://localhost:4444/wd/hub], Headless Execution. @27-05-2021 02:32:39.0022 AM
[ReportManager] Successfully Opened [GoogleChrome]. @27-05-2021 02:32:39.0246 AM
[ReportManager] Target URL: [https://www.google.com/ncr], and after redirection: [https://www.google.com] @27-05-2021 02:32:39.0274 AM
[ReportManager] Initial URL: [data:,] @27-05-2021 02:32:39.0339 AM
[ReportManager] Browser Action [navigateToURL] successfully performed. With the following test data [https://www.google.com/ncr]. @27-05-2021 02:32:41.0082 A

################################################################################################################################################
Starting Execution:	[7 out of 23] test cases in the current suite
Test Method:		[tests.gui.google.E_Search_PageObjectModel_Traditional_SHAFTAssertions.navigateToGoogleHomeAndAssertGoogleLogoIsDisplayed]
################################################################################################################################################
[ReportManager] Asserting that the Google logo is displayed... @27-05-2021 02:32:41.0084 AM
[ReportManager] File Action [doesFileExist] successfully performed. With the following test data [File Path: "src/test/resources/DynamicObjectRepository/tests_gui_google_E_Search_PageObjectModel_Traditional_SHAFTAssertions_navigateToGoogleHomeAndAssertGoogleLogoIsDisplayed_By_xpath_img_id_hplogo_or_alt_Google.png"]. @27-05-2021 02:32:41.0085 AM
[ReportManager] File Action [getAbsolutePath] successfully performed. With the following test data [Relative Folder Path: "src/test/resources/DynamicObjectRepository/tests_gui_google_E_Search_PageObjectModel_Traditional_SHAFTAssertions_navigateToGoogleHomeAndAssertGoogleLogoIsDisplayed_By_xpath_img_id_hplogo_or_alt_Google.png"]. @27-05-2021 02:32:41.0085 AM
[ReportManager] File Action [readFromImageFile] successfully performed. With the following test data [File Path: "/home/runner/work/using_SHAFT_ENGINE/using_SHAFT_ENGINE/src/test/resources/DynamicObjectRepository/tests_gui_google_E_Search_PageObjectModel_Traditional_SHAFTAssertions_navigateToGoogleHomeAndAssertGoogleLogoIsDisplayed_By_xpath_img_id_hplogo_or_alt_Google.png"]. @27-05-2021 02:32:41.0085 AM
[ReportManager] AssertElementMatches FAILED; Expected [Element should match the reference screenshot] and Actual [ELEMENT NOT FOUND]. Comparison Type [EXACT_OPENCV]. Validation Type [POSITIVE]. @27-05-2021 02:33:06.0808 AM
[ReportManager] Successfully created attachment [Validation Test Data - Reference Screenshot] @27-05-2021 02:33:06.0809 AM
[ReportManager] Successfully created attachment [Validation Test Data - Actual Screenshot] @27-05-2021 02:33:06.0809 A
[ReportManager] Successfully created attachment [Selenium WebDriver Logs - server] @27-05-2021 02:33:07.0004 AM
[ReportManager] Successfully created attachment [Selenium WebDriver Logs - performance] @27-05-2021 02:33:07.0042 AM
[ReportManager] Successfully created attachment [Selenium WebDriver Logs - browser] @27-05-2021 02:33:07.0050 AM
[ReportManager] Successfully created attachment [Selenium WebDriver Logs - driver] @27-05-2021 02:33:07.0138 AM
[ReportManager] Browser Action [closeCurrentWindow] successfully performed. @27-05-2021 02:33:07.0197 AM
[ReportManager] Successfully created attachment [Browser Action Test Data - closeCurrentWindow - Actual Value] @27-05-2021 02:33:07.0202 A
[ReportManager] File Action [getAbsolutePath] successfully performed. With the following test data [Relative Folder Path: "target/downloadedFiles/"]. @27-05-2021 02:33:07.0206 AM
[ReportManager] Attempting to run remotely on: [Linux-64], [GoogleChrome], [http://localhost:4444/wd/hub], Headless Execution. @27-05-2021 02:33:07.0207 AM
[ReportManager] Successfully Opened [GoogleChrome]. @27-05-2021 02:33:07.0507 AM
[ReportManager] Target URL: [https://www.google.com/ncr], and after redirection: [https://www.google.com] @27-05-2021 02:33:07.0537 AM
[ReportManager] Initial URL: [data:,] @27-05-2021 02:33:07.0583 AM
[ReportManager] Browser Action [navigateToURL] successfully performed. With the following test data [https://www.google.com/ncr]. @27-05-2021 02:33:09.0233 A

################################################################################################################################################
Starting Execution:	[8 out of 23] test cases in the current suite
Test Method:		[tests.gui.google.E_Search_PageObjectModel_Traditional_SHAFTAssertions.navigateToGoogleHomeAndAssertPageTitle]
################################################################################################################################################
[ReportManager] Asserting that the page title is Google... @27-05-2021 02:33:09.0246 AM
[ReportManager] Browser Action [getCurrentWindowTitle] successfully performed. With the following test data [Google]. @27-05-2021 02:33:09.0294 AM
[ReportManager] AssertBrowserAttribute PASSED; Expected [Value Should be 'Google' for the 'Title' attribute] and Actual [Google]. Comparison Type [EQUALS]. Validation Type [POSITIVE]. @27-05-2021 02:33:09.0295 A
[ReportManager] Successfully created attachment [Selenium WebDriver Logs - server] @27-05-2021 02:33:09.0469 AM
[ReportManager] Successfully created attachment [Selenium WebDriver Logs - performance] @27-05-2021 02:33:09.0507 AM
[ReportManager] Successfully created attachment [Selenium WebDriver Logs - browser] @27-05-2021 02:33:09.0514 AM
[ReportManager] Successfully created attachment [Selenium WebDriver Logs - driver] @27-05-2021 02:33:09.0592 AM
[ReportManager] Browser Action [closeCurrentWindow] successfully performed. @27-05-2021 02:33:09.0653 AM
[ReportManager] Successfully created attachment [Browser Action Test Data - closeCurrentWindow - Actual Value] @27-05-2021 02:33:09.0656 A
[ReportManager] File Action [getAbsolutePath] successfully performed. With the following test data [Relative Folder Path: "target/downloadedFiles/"]. @27-05-2021 02:33:09.0662 AM
[ReportManager] Attempting to run remotely on: [Linux-64], [GoogleChrome], [http://localhost:4444/wd/hub], Headless Execution. @27-05-2021 02:33:09.0662 AM
[ReportManager] Successfully Opened [GoogleChrome]. @27-05-2021 02:33:09.0902 AM
[ReportManager] Target URL: [https://www.google.com/ncr], and after redirection: [https://www.google.com] @27-05-2021 02:33:09.0914 AM
[ReportManager] Initial URL: [data:,] @27-05-2021 02:33:09.0965 AM
[ReportManager] Browser Action [navigateToURL] successfully performed. With the following test data [https://www.google.com/ncr]. @27-05-2021 02:33:11.0638 A

################################################################################################################################################
Starting Execution:	[9 out of 23] test cases in the current suite
Test Method:		[tests.gui.google.E_Search_PageObjectModel_Traditional_SHAFTAssertions.searchForQueryAndAssertFirstResultTextIsCorrect]
################################################################################################################################################
[ReportManager] Element Action [type] successfully performed. With the following test data [SHAFT_Engine]. @27-05-2021 02:33:12.0265 AM
[ReportManager] Element Action [keyPress] successfully performed. With the following test data [ENTER]. @27-05-2021 02:33:13.0396 AM
[ReportManager] Asserting that the correct first result is displayed... @27-05-2021 02:33:13.0397 AM
[ReportManager] Element Action [getText] successfully performed. With the following test data [MohabMohie/SHAFT_ENGINE: SHAFT_ENGINE is a ... - GitHub]. @27-05-2021 02:33:13.0481 AM
[ReportManager] Loaded Shared OpenCV @27-05-2021 02:33:13.0645 AM
[ReportManager] AssertElementAttribute PASSED; Expected [Value Should be 'MohabMohie' for the 'Text' attribute, element locator 'By.xpath: (//h1[contains(text(),'Search Result')]/following-sibling::div//a/h3)[1]'] and Actual [MohabMohie/SHAFT_ENGINE: SHAFT_ENGINE is a ... - GitHub]. Comparison Type [CONTAINS]. Validation Type [POSITIVE]. @27-05-2021 02:33:13.0708 AM
[ReportManager] Successfully created attachment [Screenshot - 1622082793645_searchForQueryAndAssertFirstResultTextIsCorrect_AssertElementAttribute_passed] @27-05-2021 02:33:13.0711 A
[ReportManager] Successfully created attachment [Selenium WebDriver Logs - server] @27-05-2021 02:33:13.0879 AM
[ReportManager] Successfully created attachment [Selenium WebDriver Logs - performance] @27-05-2021 02:33:14.0041 AM
[ReportManager] Successfully created attachment [Selenium WebDriver Logs - browser] @27-05-2021 02:33:14.0049 AM
[ReportManager] Successfully created attachment [Selenium WebDriver Logs - driver] @27-05-2021 02:33:14.0248 AM
[ReportManager] Browser Action [closeCurrentWindow] successfully performed. @27-05-2021 02:33:14.0310 AM
[ReportManager] Successfully created attachment [Browser Action Test Data - closeCurrentWindow - Actual Value] @27-05-2021 02:33:14.0313 A
[ReportManager] File Action [getAbsolutePath] successfully performed. With the following test data [Relative Folder Path: "target/downloadedFiles/"]. @27-05-2021 02:33:14.0318 AM
[ReportManager] Attempting to run remotely on: [Linux-64], [GoogleChrome], [http://localhost:4444/wd/hub], Headless Execution. @27-05-2021 02:33:14.0318 AM
[ReportManager] Successfully Opened [GoogleChrome]. @27-05-2021 02:33:14.0534 AM
[ReportManager] Target URL: [https://www.google.com/ncr], and after redirection: [https://www.google.com] @27-05-2021 02:33:14.0545 AM
[ReportManager] Initial URL: [data:,] @27-05-2021 02:33:14.0594 AM
[ReportManager] Browser Action [navigateToURL] successfully performed. With the following test data [https://www.google.com/ncr]. @27-05-2021 02:33:16.0269 A

################################################################################################################################################
Starting Execution:	[10 out of 23] test cases in the current suite
Test Method:		[tests.gui.google.C_Search_PageObjectModel_Traditional.navigateToGoogleHomeAndAssertGoogleLogoIsDisplayed]
################################################################################################################################################
[ReportManager] Element Action [identifyUniqueElement] failed. With the following test data [zero elements found matching this locator "By.xpath: //img[@id='hplogo' or @alt='Google']".]. @27-05-2021 02:33:41.0852 AM
[ReportManager] Successfully created attachment [Screenshot - 1622082821808_navigateToGoogleHomeAndAssertGoogleLogoIsDisplayed_identifyUniqueElement_failed] @27-05-2021 02:33:41.0853 A
[ReportManager] Successfully created attachment [Selenium WebDriver Logs - server] @27-05-2021 02:33:42.0057 AM
[ReportManager] Successfully created attachment [Selenium WebDriver Logs - performance] @27-05-2021 02:33:42.0102 AM
[ReportManager] Successfully created attachment [Selenium WebDriver Logs - browser] @27-05-2021 02:33:42.0114 AM
[ReportManager] Successfully created attachment [Selenium WebDriver Logs - driver] @27-05-2021 02:33:42.0207 AM
[ReportManager] Browser Action [closeCurrentWindow] successfully performed. @27-05-2021 02:33:42.0265 AM
[ReportManager] Successfully created attachment [Browser Action Test Data - closeCurrentWindow - Actual Value] @27-05-2021 02:33:42.0267 A
[ReportManager] File Action [getAbsolutePath] successfully performed. With the following test data [Relative Folder Path: "target/downloadedFiles/"]. @27-05-2021 02:33:42.0274 AM
[ReportManager] Attempting to run remotely on: [Linux-64], [GoogleChrome], [http://localhost:4444/wd/hub], Headless Execution. @27-05-2021 02:33:42.0274 AM
[ReportManager] Successfully Opened [GoogleChrome]. @27-05-2021 02:33:42.0498 AM
[ReportManager] Target URL: [https://www.google.com/ncr], and after redirection: [https://www.google.com] @27-05-2021 02:33:42.0510 AM
[ReportManager] Initial URL: [data:,] @27-05-2021 02:33:42.0554 AM
[ReportManager] Browser Action [navigateToURL] successfully performed. With the following test data [https://www.google.com/ncr]. @27-05-2021 02:33:44.0306 A

################################################################################################################################################
Starting Execution:	[11 out of 23] test cases in the current suite
Test Method:		[tests.gui.google.C_Search_PageObjectModel_Traditional.navigateToGoogleHomeAndAssertPageTitle]
################################################################################################################################################
[ReportManager] Browser Action [getCurrentWindowTitle] successfully performed. With the following test data [Google]. @27-05-2021 02:33:44.0351 AM
[ReportManager] Asserting that the page title is Google... @27-05-2021 02:33:44.0351 AM
[ReportManager] AssertEquals PASSED; Expected [Google] and Actual [Google]. Comparison Type [EQUALS]. Validation Type [POSITIVE]. @27-05-2021 02:33:44.0351 A
[ReportManager] Successfully created attachment [Selenium WebDriver Logs - server] @27-05-2021 02:33:44.0551 AM
[ReportManager] Successfully created attachment [Selenium WebDriver Logs - performance] @27-05-2021 02:33:44.0599 AM
[ReportManager] Successfully created attachment [Selenium WebDriver Logs - browser] @27-05-2021 02:33:44.0607 AM
[ReportManager] Successfully created attachment [Selenium WebDriver Logs - driver] @27-05-2021 02:33:44.0677 AM
[ReportManager] Browser Action [closeCurrentWindow] successfully performed. @27-05-2021 02:33:44.0737 AM
[ReportManager] Successfully created attachment [Browser Action Test Data - closeCurrentWindow - Actual Value] @27-05-2021 02:33:44.0741 A
[ReportManager] File Action [getAbsolutePath] successfully performed. With the following test data [Relative Folder Path: "target/downloadedFiles/"]. @27-05-2021 02:33:44.0745 AM
[ReportManager] Attempting to run remotely on: [Linux-64], [GoogleChrome], [http://localhost:4444/wd/hub], Headless Execution. @27-05-2021 02:33:44.0745 AM
[ReportManager] Successfully Opened [GoogleChrome]. @27-05-2021 02:33:45.0017 AM
[ReportManager] Target URL: [https://www.google.com/ncr], and after redirection: [https://www.google.com] @27-05-2021 02:33:45.0030 AM
[ReportManager] Initial URL: [data:,] @27-05-2021 02:33:45.0086 AM
[ReportManager] Browser Action [navigateToURL] successfully performed. With the following test data [https://www.google.com/ncr]. @27-05-2021 02:33:46.0794 A

################################################################################################################################################
Starting Execution:	[12 out of 23] test cases in the current suite
Test Method:		[tests.gui.google.C_Search_PageObjectModel_Traditional.searchForQueryAndAssertFirstResultTextIsCorrect]
################################################################################################################################################
[ReportManager] Element Action [type] successfully performed. With the following test data [SHAFT_Engine]. @27-05-2021 02:33:47.0408 AM
[ReportManager] Element Action [keyPress] successfully performed. With the following test data [ENTER]. @27-05-2021 02:33:48.0727 AM
[ReportManager] Element Action [getText] successfully performed. With the following test data [MohabMohie/SHAFT_ENGINE: SHAFT_ENGINE is a ... - GitHub]. @27-05-2021 02:33:48.0815 AM
[ReportManager] Asserting that the correct first result is displayed... @27-05-2021 02:33:48.0815 AM
[ReportManager] AssertEquals PASSED; Expected [MohabMohie] and Actual [MohabMohie/SHAFT_ENGINE: SHAFT_ENGINE is a ... - GitHub]. Comparison Type [CONTAINS]. Validation Type [POSITIVE]. @27-05-2021 02:33:48.0816 A
[ReportManager] Successfully created attachment [Selenium WebDriver Logs - server] @27-05-2021 02:33:49.0011 AM
[ReportManager] Successfully created attachment [Selenium WebDriver Logs - performance] @27-05-2021 02:33:49.0176 AM
[ReportManager] Successfully created attachment [Selenium WebDriver Logs - browser] @27-05-2021 02:33:49.0185 AM
[ReportManager] Successfully created attachment [Selenium WebDriver Logs - driver] @27-05-2021 02:33:49.0384 AM
[ReportManager] Browser Action [closeCurrentWindow] successfully performed. @27-05-2021 02:33:49.0445 AM
[ReportManager] Successfully created attachment [Browser Action Test Data - closeCurrentWindow - Actual Value] @27-05-2021 02:33:49.0446 A
[ReportManager] File Action [getAbsolutePath] successfully performed. With the following test data [Relative Folder Path: "target/downloadedFiles/"]. @27-05-2021 02:33:49.0450 AM
[ReportManager] Attempting to run remotely on: [Linux-64], [GoogleChrome], [http://localhost:4444/wd/hub], Headless Execution. @27-05-2021 02:33:49.0451 AM
[ReportManager] Successfully Opened [GoogleChrome]. @27-05-2021 02:33:49.0668 AM
[ReportManager] Target URL: [https://www.google.com/ncr], and after redirection: [https://www.google.com] @27-05-2021 02:33:49.0681 AM
[ReportManager] Initial URL: [data:,] @27-05-2021 02:33:49.0733 AM
[ReportManager] Browser Action [navigateToURL] successfully performed. With the following test data [https://www.google.com/ncr]. @27-05-2021 02:33:51.0493 A

################################################################################################################################################
Starting Execution:	[13 out of 23] test cases in the current suite
Test Method:		[tests.gui.google.B_Search_FlatTest_SHAFT.navigateToGoogleHomeAndAssertGoogleLogoIsDisplayed]
################################################################################################################################################
[ReportManager] Asserting that the Google logo is displayed... @27-05-2021 02:33:51.0495 AM
[ReportManager] File Action [doesFileExist] successfully performed. With the following test data [File Path: "src/test/resources/DynamicObjectRepository/tests_gui_google_B_Search_FlatTest_SHAFT_navigateToGoogleHomeAndAssertGoogleLogoIsDisplayed_By_xpath_img_id_hplogo_or_alt_Google.png"]. @27-05-2021 02:33:51.0496 AM
[ReportManager] File Action [getAbsolutePath] successfully performed. With the following test data [Relative Folder Path: "src/test/resources/DynamicObjectRepository/tests_gui_google_B_Search_FlatTest_SHAFT_navigateToGoogleHomeAndAssertGoogleLogoIsDisplayed_By_xpath_img_id_hplogo_or_alt_Google.png"]. @27-05-2021 02:33:51.0496 AM
[ReportManager] File Action [readFromImageFile] successfully performed. With the following test data [File Path: "/home/runner/work/using_SHAFT_ENGINE/using_SHAFT_ENGINE/src/test/resources/DynamicObjectRepository/tests_gui_google_B_Search_FlatTest_SHAFT_navigateToGoogleHomeAndAssertGoogleLogoIsDisplayed_By_xpath_img_id_hplogo_or_alt_Google.png"]. @27-05-2021 02:33:51.0496 AM
[ReportManager] AssertElementMatches FAILED; Expected [Element should match the reference screenshot] and Actual [ELEMENT NOT FOUND]. Comparison Type [EXACT_OPENCV]. Validation Type [POSITIVE]. @27-05-2021 02:34:17.0202 AM
[ReportManager] Successfully created attachment [Validation Test Data - Reference Screenshot] @27-05-2021 02:34:17.0203 AM
[ReportManager] Successfully created attachment [Validation Test Data - Actual Screenshot] @27-05-2021 02:34:17.0203 A
[ReportManager] Successfully created attachment [Selenium WebDriver Logs - server] @27-05-2021 02:34:17.0384 AM
[ReportManager] Successfully created attachment [Selenium WebDriver Logs - performance] @27-05-2021 02:34:17.0427 AM
[ReportManager] Successfully created attachment [Selenium WebDriver Logs - browser] @27-05-2021 02:34:17.0435 AM
[ReportManager] Successfully created attachment [Selenium WebDriver Logs - driver] @27-05-2021 02:34:17.0529 AM
[ReportManager] Browser Action [closeCurrentWindow] successfully performed. @27-05-2021 02:34:17.0594 AM
[ReportManager] Successfully created attachment [Browser Action Test Data - closeCurrentWindow - Actual Value] @27-05-2021 02:34:17.0597 A
[ReportManager] File Action [getAbsolutePath] successfully performed. With the following test data [Relative Folder Path: "target/downloadedFiles/"]. @27-05-2021 02:34:17.0602 AM
[ReportManager] Attempting to run remotely on: [Linux-64], [GoogleChrome], [http://localhost:4444/wd/hub], Headless Execution. @27-05-2021 02:34:17.0603 AM
[ReportManager] Successfully Opened [GoogleChrome]. @27-05-2021 02:34:17.0804 AM
[ReportManager] Target URL: [https://www.google.com/ncr], and after redirection: [https://www.google.com] @27-05-2021 02:34:17.0816 AM
[ReportManager] Initial URL: [data:,] @27-05-2021 02:34:17.0869 AM
[ReportManager] Browser Action [navigateToURL] successfully performed. With the following test data [https://www.google.com/ncr]. @27-05-2021 02:34:19.0505 A

################################################################################################################################################
Starting Execution:	[14 out of 23] test cases in the current suite
Test Method:		[tests.gui.google.B_Search_FlatTest_SHAFT.navigateToGoogleHomeAndAssertPageTitle]
################################################################################################################################################
[ReportManager] Asserting that the page title is Google... @27-05-2021 02:34:19.0508 AM
[ReportManager] Browser Action [getCurrentWindowTitle] successfully performed. With the following test data [Google]. @27-05-2021 02:34:19.0546 AM
[ReportManager] AssertBrowserAttribute PASSED; Expected [Value Should be 'Google' for the 'Title' attribute] and Actual [Google]. Comparison Type [EQUALS]. Validation Type [POSITIVE]. @27-05-2021 02:34:19.0547 A
[ReportManager] Successfully created attachment [Selenium WebDriver Logs - server] @27-05-2021 02:34:19.0720 AM
[ReportManager] Successfully created attachment [Selenium WebDriver Logs - performance] @27-05-2021 02:34:19.0766 AM
[ReportManager] Successfully created attachment [Selenium WebDriver Logs - browser] @27-05-2021 02:34:19.0776 AM
[ReportManager] Successfully created attachment [Selenium WebDriver Logs - driver] @27-05-2021 02:34:19.0844 AM
[ReportManager] Browser Action [closeCurrentWindow] successfully performed. @27-05-2021 02:34:19.0903 AM
[ReportManager] Successfully created attachment [Browser Action Test Data - closeCurrentWindow - Actual Value] @27-05-2021 02:34:19.0906 A
[ReportManager] File Action [getAbsolutePath] successfully performed. With the following test data [Relative Folder Path: "target/downloadedFiles/"]. @27-05-2021 02:34:19.0909 AM
[ReportManager] Attempting to run remotely on: [Linux-64], [GoogleChrome], [http://localhost:4444/wd/hub], Headless Execution. @27-05-2021 02:34:19.0909 AM
[ReportManager] Successfully Opened [GoogleChrome]. @27-05-2021 02:34:20.0146 AM
[ReportManager] Target URL: [https://www.google.com/ncr], and after redirection: [https://www.google.com] @27-05-2021 02:34:20.0159 AM
[ReportManager] Initial URL: [data:,] @27-05-2021 02:34:20.0210 AM
[ReportManager] Browser Action [navigateToURL] successfully performed. With the following test data [https://www.google.com/ncr]. @27-05-2021 02:34:21.0875 A

################################################################################################################################################
Starting Execution:	[15 out of 23] test cases in the current suite
Test Method:		[tests.gui.google.B_Search_FlatTest_SHAFT.searchForQueryAndAssertFirstResultTextIsCorrect]
################################################################################################################################################
[ReportManager] Element Action [type] successfully performed. With the following test data [SHAFT_Engine]. @27-05-2021 02:34:22.0479 AM
[ReportManager] Element Action [keyPress] successfully performed. With the following test data [ENTER]. @27-05-2021 02:34:23.0579 AM
[ReportManager] Asserting that the correct first result is displayed... @27-05-2021 02:34:23.0580 AM
[ReportManager] Element Action [getText] successfully performed. With the following test data [MohabMohie/SHAFT_ENGINE: SHAFT_ENGINE is a ... - GitHub]. @27-05-2021 02:34:23.0659 AM
[ReportManager] Loaded Shared OpenCV @27-05-2021 02:34:23.0846 AM
[ReportManager] AssertElementAttribute PASSED; Expected [Value Should be 'MohabMohie' for the 'Text' attribute, element locator 'By.xpath: (//h1[contains(text(),'Search Result')]/following-sibling::div//a/h3)[1]'] and Actual [MohabMohie/SHAFT_ENGINE: SHAFT_ENGINE is a ... - GitHub]. Comparison Type [CONTAINS]. Validation Type [POSITIVE]. @27-05-2021 02:34:23.0915 AM
[ReportManager] Successfully created attachment [Screenshot - 1622082863846_searchForQueryAndAssertFirstResultTextIsCorrect_AssertElementAttribute_passed] @27-05-2021 02:34:23.0916 A
[ReportManager] Successfully created attachment [Selenium WebDriver Logs - server] @27-05-2021 02:34:24.0095 AM
[ReportManager] Successfully created attachment [Selenium WebDriver Logs - performance] @27-05-2021 02:34:24.0262 AM
[ReportManager] Successfully created attachment [Selenium WebDriver Logs - browser] @27-05-2021 02:34:24.0271 AM
[ReportManager] Successfully created attachment [Selenium WebDriver Logs - driver] @27-05-2021 02:34:24.0491 AM
[ReportManager] Browser Action [closeCurrentWindow] successfully performed. @27-05-2021 02:34:24.0549 AM
[ReportManager] Successfully created attachment [Browser Action Test Data - closeCurrentWindow - Actual Value] @27-05-2021 02:34:24.0553 A



################################################################################################################################################
Starting Execution:	[16 out of 23] test cases in the current suite
Test Method:		[tests.gui.google.A_Search_FlatTest_NativeSeleniumWebDriver.navigateToGoogleHomeAndAssertGoogleLogoIsDisplayed]
###############################################################################################################################################



################################################################################################################################################
Starting Execution:	[17 out of 23] test cases in the current suite
Test Method:		[tests.gui.google.A_Search_FlatTest_NativeSeleniumWebDriver.navigateToGoogleHomeAndAssertPageTitle]
###############################################################################################################################################



################################################################################################################################################
Starting Execution:	[18 out of 23] test cases in the current suite
Test Method:		[tests.gui.google.A_Search_FlatTest_NativeSeleniumWebDriver.searchForQueryAndAssertFirstResultTextIsCorrect]
###############################################################################################################################################

[ReportManager] Successfully loaded the following test data file [src/test/resources/TestDataFiles/Google/SimpleSearch.xlsx]. @27-05-2021 02:34:28.0642 AM
[ReportManager] Successfully created attachment [Test Data - Excel] @27-05-2021 02:34:28.0642 A
[ReportManager] File Action [getAbsolutePath] successfully performed. With the following test data [Relative Folder Path: "target/downloadedFiles/"]. @27-05-2021 02:34:28.0645 AM
[ReportManager] Attempting to run remotely on: [Linux-64], [GoogleChrome], [http://localhost:4444/wd/hub], Headless Execution. @27-05-2021 02:34:28.0645 AM
[ReportManager] Successfully Opened [GoogleChrome]. @27-05-2021 02:34:28.0891 AM
[ReportManager] Target URL: [https://www.google.com/ncr], and after redirection: [https://www.google.com] @27-05-2021 02:34:28.0902 AM
[ReportManager] Initial URL: [data:,] @27-05-2021 02:34:28.0964 AM
[ReportManager] Browser Action [navigateToURL] successfully performed. With the following test data [https://www.google.com/ncr]. @27-05-2021 02:34:30.0729 A

################################################################################################################################################
Starting Execution:	[19 out of 23] test cases in the current suite
Test Method:		[tests.gui.google.G_Search_PageObjectModel_ThreadSafe.navigateToGoogleHomeAndAssertGoogleLogoIsDisplayed]
################################################################################################################################################
[ReportManager] Asserting that the Google logo is displayed... @27-05-2021 02:34:30.0734 AM
[ReportManager] File Action [doesFileExist] successfully performed. With the following test data [File Path: "src/test/resources/DynamicObjectRepository/tests_gui_google_G_Search_PageObjectModel_ThreadSafe_navigateToGoogleHomeAndAssertGoogleLogoIsDisplayed_By_xpath_img_id_hplogo_or_alt_Google.png"]. @27-05-2021 02:34:30.0735 AM
[ReportManager] File Action [getAbsolutePath] successfully performed. With the following test data [Relative Folder Path: "src/test/resources/DynamicObjectRepository/tests_gui_google_G_Search_PageObjectModel_ThreadSafe_navigateToGoogleHomeAndAssertGoogleLogoIsDisplayed_By_xpath_img_id_hplogo_or_alt_Google.png"]. @27-05-2021 02:34:30.0735 AM
[ReportManager] File Action [readFromImageFile] successfully performed. With the following test data [File Path: "/home/runner/work/using_SHAFT_ENGINE/using_SHAFT_ENGINE/src/test/resources/DynamicObjectRepository/tests_gui_google_G_Search_PageObjectModel_ThreadSafe_navigateToGoogleHomeAndAssertGoogleLogoIsDisplayed_By_xpath_img_id_hplogo_or_alt_Google.png"]. @27-05-2021 02:34:30.0735 AM
[ReportManager] AssertElementMatches FAILED; Expected [Element should match the reference screenshot] and Actual [ELEMENT NOT FOUND]. Comparison Type [EXACT_OPENCV]. Validation Type [POSITIVE]. @27-05-2021 02:34:56.0438 AM
[ReportManager] Successfully created attachment [Validation Test Data - Reference Screenshot] @27-05-2021 02:34:56.0439 AM
[ReportManager] Successfully created attachment [Validation Test Data - Actual Screenshot] @27-05-2021 02:34:56.0439 A
[ReportManager] Successfully created attachment [Selenium WebDriver Logs - server] @27-05-2021 02:34:56.0607 AM
[ReportManager] Successfully created attachment [Selenium WebDriver Logs - performance] @27-05-2021 02:34:56.0645 AM
[ReportManager] Successfully created attachment [Selenium WebDriver Logs - browser] @27-05-2021 02:34:56.0654 AM
[ReportManager] Successfully created attachment [Selenium WebDriver Logs - driver] @27-05-2021 02:34:56.0746 AM
[ReportManager] Browser Action [closeCurrentWindow] successfully performed. @27-05-2021 02:34:56.0807 AM
[ReportManager] Successfully created attachment [Browser Action Test Data - closeCurrentWindow - Actual Value] @27-05-2021 02:34:56.0810 A
[ReportManager] File Action [getAbsolutePath] successfully performed. With the following test data [Relative Folder Path: "target/downloadedFiles/"]. @27-05-2021 02:34:56.0814 AM
[ReportManager] Attempting to run remotely on: [Linux-64], [GoogleChrome], [http://localhost:4444/wd/hub], Headless Execution. @27-05-2021 02:34:56.0814 AM
[ReportManager] Successfully Opened [GoogleChrome]. @27-05-2021 02:34:57.0017 AM
[ReportManager] Target URL: [https://www.google.com/ncr], and after redirection: [https://www.google.com] @27-05-2021 02:34:57.0032 AM
[ReportManager] Initial URL: [data:,] @27-05-2021 02:34:57.0079 AM
[ReportManager] Browser Action [navigateToURL] successfully performed. With the following test data [https://www.google.com/ncr]. @27-05-2021 02:34:58.0708 A

################################################################################################################################################
Starting Execution:	[20 out of 23] test cases in the current suite
Test Method:		[tests.gui.google.G_Search_PageObjectModel_ThreadSafe.navigateToGoogleHomeAndAssertPageTitle]
################################################################################################################################################
[ReportManager] Asserting that the page title is Google... @27-05-2021 02:34:58.0710 AM
[ReportManager] Browser Action [getCurrentWindowTitle] successfully performed. With the following test data [Google]. @27-05-2021 02:34:58.0743 AM
[ReportManager] AssertBrowserAttribute PASSED; Expected [Value Should be 'Google' for the 'Title' attribute] and Actual [Google]. Comparison Type [EQUALS]. Validation Type [POSITIVE]. @27-05-2021 02:34:58.0743 A
[ReportManager] Successfully created attachment [Selenium WebDriver Logs - server] @27-05-2021 02:34:58.0903 AM
[ReportManager] Successfully created attachment [Selenium WebDriver Logs - performance] @27-05-2021 02:34:58.0946 AM
[ReportManager] Successfully created attachment [Selenium WebDriver Logs - browser] @27-05-2021 02:34:58.0958 AM
[ReportManager] Successfully created attachment [Selenium WebDriver Logs - driver] @27-05-2021 02:34:59.0031 AM
[ReportManager] Browser Action [closeCurrentWindow] successfully performed. @27-05-2021 02:34:59.0092 AM
[ReportManager] Successfully created attachment [Browser Action Test Data - closeCurrentWindow - Actual Value] @27-05-2021 02:34:59.0096 A
[ReportManager] File Action [getAbsolutePath] successfully performed. With the following test data [Relative Folder Path: "target/downloadedFiles/"]. @27-05-2021 02:34:59.0100 AM
[ReportManager] Attempting to run remotely on: [Linux-64], [GoogleChrome], [http://localhost:4444/wd/hub], Headless Execution. @27-05-2021 02:34:59.0100 AM
[ReportManager] Successfully Opened [GoogleChrome]. @27-05-2021 02:34:59.0362 AM
[ReportManager] Target URL: [https://www.google.com/ncr], and after redirection: [https://www.google.com] @27-05-2021 02:34:59.0377 AM
[ReportManager] Initial URL: [data:,] @27-05-2021 02:34:59.0421 AM
[ReportManager] Browser Action [navigateToURL] successfully performed. With the following test data [https://www.google.com/ncr]. @27-05-2021 02:35:01.0075 A

################################################################################################################################################
Starting Execution:	[21 out of 23] test cases in the current suite
Test Method:		[tests.gui.google.G_Search_PageObjectModel_ThreadSafe.searchForQueryAndAssertFirstResultTextIsCorrect]
################################################################################################################################################
[ReportManager] Element Action [type] successfully performed. With the following test data [SHAFT_Engine]. @27-05-2021 02:35:01.0681 AM
[ReportManager] Element Action [keyPress] successfully performed. With the following test data [ENTER]. @27-05-2021 02:35:02.0896 AM
[ReportManager] Asserting that the correct first result is displayed... @27-05-2021 02:35:02.0896 AM
[ReportManager] Element Action [getText] successfully performed. With the following test data [MohabMohie/SHAFT_ENGINE: SHAFT_ENGINE is a ... - GitHub]. @27-05-2021 02:35:02.0989 AM
[ReportManager] Loaded Shared OpenCV @27-05-2021 02:35:03.0165 AM
[ReportManager] AssertElementAttribute PASSED; Expected [Value Should be 'MohabMohie' for the 'Text' attribute, element locator 'By.xpath: (//h1[contains(text(),'Search Result')]/following-sibling::div//a/h3)[1]'] and Actual [MohabMohie/SHAFT_ENGINE: SHAFT_ENGINE is a ... - GitHub]. Comparison Type [CONTAINS]. Validation Type [POSITIVE]. @27-05-2021 02:35:03.0225 AM
[ReportManager] Successfully created attachment [Screenshot - 1622082903165_searchForQueryAndAssertFirstResultTextIsCorrect_AssertElementAttribute_passed] @27-05-2021 02:35:03.0226 A
[ReportManager] Successfully created attachment [Selenium WebDriver Logs - server] @27-05-2021 02:35:03.0395 AM
[ReportManager] Successfully created attachment [Selenium WebDriver Logs - performance] @27-05-2021 02:35:03.0566 AM
[ReportManager] Successfully created attachment [Selenium WebDriver Logs - browser] @27-05-2021 02:35:03.0575 AM
[ReportManager] Successfully created attachment [Selenium WebDriver Logs - driver] @27-05-2021 02:35:03.0803 AM
[ReportManager] Browser Action [closeCurrentWindow] successfully performed. @27-05-2021 02:35:03.0864 AM
[ReportManager] Successfully created attachment [Browser Action Test Data - closeCurrentWindow - Actual Value] @27-05-2021 02:35:03.0866 A

################################################################################################################################################
Starting Execution:	[22 out of 23] test cases in the current suite
Test Method:		[tests.api.users.UserData.validateUserEmail]
################################################################################################################################################
[ReportManager] Response status code: [200], status line: [HTTP/1.1 200 OK] @27-05-2021 02:35:05.0799 AM
[ReportManager] Evaluating the actual response status code against the expected one...... @27-05-2021 02:35:05.0799 AM
[ReportManager] AssertEquals PASSED; Expected [200] and Actual [200]. Comparison Type [EQUALS]. Validation Type [POSITIVE]. @27-05-2021 02:35:05.0799 AM
[ReportManager] API Action [performRequest] successfully performed. With the following test data [Request Type: "GET" | Target Status Code: "200" | Service URL: "https://jsonplaceholder.typicode.com/users" | Content Type: "*/*" | Response Time: "632ms"]. @27-05-2021 02:35:06.0628 AM
[ReportManager] Successfully created attachment [API Response - JSON Body] @27-05-2021 02:35:06.0827 AM
[ReportManager] AssertEquals PASSED; Expected and Actual values are attached. Comparison Type [CONTAINS]. Validation Type [POSITIVE]. @27-05-2021 02:35:06.0828 AM
[ReportManager] Successfully created attachment [Validation Test Data - Expected Value] @27-05-2021 02:35:06.0828 AM
[ReportManager] Successfully created attachment [Validation Test Data - Actual Value] @27-05-2021 02:35:06.0828 AM
[ReportManager] API Action [getResponseJSONValueAsList] successfully performed. With the following test data [$]. @27-05-2021 02:35:06.0843 AM
[ReportManager] API Action [getResponseJSONValue] successfully performed. With the following test data [name]. @27-05-2021 02:35:06.0871 AM
[ReportManager] API Action [getResponseJSONValue] successfully performed. With the following test data [email]. @27-05-2021 02:35:06.0890 AM
[ReportManager] AssertEquals PASSED; Expected [Sincere@april.biz] and Actual [Sincere@april.biz]. Comparison Type [EQUALS]. Validation Type [POSITIVE]. @27-05-2021 02:35:06.0890 AM
[ReportManager] API Action [getResponseJSONValue] successfully performed. With the following test data [name]. @27-05-2021 02:35:06.0958 AM
[ReportManager] API Action [getResponseJSONValue] successfully performed. With the following test data [name]. @27-05-2021 02:35:06.0971 AM
[ReportManager] API Action [getResponseJSONValue] successfully performed. With the following test data [name]. @27-05-2021 02:35:06.0988 AM
[ReportManager] API Action [getResponseJSONValue] successfully performed. With the following test data [name]. @27-05-2021 02:35:07.0002 AM
[ReportManager] API Action [getResponseJSONValue] successfully performed. With the following test data [name]. @27-05-2021 02:35:07.0018 AM
[ReportManager] API Action [getResponseJSONValue] successfully performed. With the following test data [name]. @27-05-2021 02:35:07.0032 AM
[ReportManager] API Action [getResponseJSONValue] successfully performed. With the following test data [name]. @27-05-2021 02:35:07.0043 AM
[ReportManager] API Action [getResponseJSONValue] successfully performed. With the following test data [name]. @27-05-2021 02:35:07.0055 AM
[ReportManager] API Action [getResponseJSONValue] successfully performed. With the following test data [name]. @27-05-2021 02:35:07.0067 A

################################################################################################################################################
Starting Execution:	[23 out of 23] test cases in the current suite
Test Method:		[tests.cli.demo.cliTest.sampleTestCase]
################################################################################################################################################
[ReportManager] Attempting to perform the following command locally. Command: [ls] @27-05-2021 02:35:07.0074 AM
[ReportManager] Terminal Action [performTerminalCommands] successfully performed. With the following test data [Host Name: "localHost" | Command: "ls" | Exit Status: "0"]. @27-05-2021 02:35:07.0080 AM
[ReportManager] Successfully created attachment [Terminal Action Actual Result - Command Log] @27-05-2021 02:35:07.0080 AM
[ReportManager] Demoing local terminal actions... @27-05-2021 02:35:07.0080 AM
[ReportManager] AssertEquals PASSED; Expected [pom.xml] and Actual [LICENSE
README.md
allure-results
docker-compose_native.yml
docker-compose_zalenium.yml
extent-reports
pom.xml
src
target]. Comparison Type [CONTAINS]. Validation Type [POSITIVE]. @27-05-2021 02:35:07.0080 A

################################################################################################################################################
Test Closure Activities
################################################################################################################################################
[ReportManager] Successfully created attachment [SHAFT Engine Logs - Execution log] @27-05-2021 02:35:07.0103 AM

################################################################################################################################################
This test run was powered by SHAFT Engine Version: [SHAFT Engine v5.3.20210519]
SHAFT Engine is licensed under the MIT License: [https://github.com/MohabMohie/SHAFT_ENGINE/blob/master/LICENSE].
################################################################################################################################################