{
  "uid" : "5cbb8c1cd6921b18",
  "name" : "searchForQueryAndAssertFirstResultTextIsCorrect",
  "fullName" : "tests.gui.google.A_Search_FlatTest_NativeSeleniumWebDriver.searchForQueryAndAssertFirstResultTextIsCorrect",
  "historyId" : "fdc05655c0baedca02c68f2849cb257b",
  "time" : {
    "start" : 1625121930804,
    "stop" : 1625121930806,
    "duration" : 2
  },
  "status" : "skipped",
  "statusMessage" : "unknown error: Chrome failed to start: exited abnormally.\n  (unknown error: DevToolsActivePort file doesn't exist)\n  (The process started from chrome location /usr/bin/google-chrome is no longer running, so ChromeDriver is assuming that Chrome has crashed.)\nBuild info: version: '3.141.59', revision: 'e82be7d358', time: '2018-11-14T08:17:03'\nSystem info: host: 'fv-az292-378', ip: '10.1.1.209', os.name: 'Linux', os.arch: 'amd64', os.version: '5.8.0-1036-azure', java.version: '15.0.3'\nDriver info: driver.version: A_Search_FlatTest_NativeSeleniumWebDriver\nremote stacktrace: #0 0x55d66355e949 <unknown>\n",
  "statusTrace" : "org.openqa.selenium.WebDriverException: unknown error: Chrome failed to start: exited abnormally.\n  (unknown error: DevToolsActivePort file doesn't exist)\n  (The process started from chrome location /usr/bin/google-chrome is no longer running, so ChromeDriver is assuming that Chrome has crashed.)\nBuild info: version: '3.141.59', revision: 'e82be7d358', time: '2018-11-14T08:17:03'\nSystem info: host: 'fv-az292-378', ip: '10.1.1.209', os.name: 'Linux', os.arch: 'amd64', os.version: '5.8.0-1036-azure', java.version: '15.0.3'\nDriver info: driver.version: A_Search_FlatTest_NativeSeleniumWebDriver\nremote stacktrace: #0 0x55d66355e949 <unknown>\n\n\tat java.base/jdk.internal.reflect.NativeConstructorAccessorImpl.newInstance0(Native Method)\n\tat java.base/jdk.internal.reflect.NativeConstructorAccessorImpl.newInstance(NativeConstructorAccessorImpl.java:64)\n\tat java.base/jdk.internal.reflect.DelegatingConstructorAccessorImpl.newInstance(DelegatingConstructorAccessorImpl.java:45)\n\tat java.base/java.lang.reflect.Constructor.newInstanceWithCaller(Constructor.java:500)\n\tat java.base/java.lang.reflect.Constructor.newInstance(Constructor.java:481)\n\tat org.openqa.selenium.remote.W3CHandshakeResponse.lambda$errorHandler$0(W3CHandshakeResponse.java:62)\n\tat org.openqa.selenium.remote.HandshakeResponse.lambda$getResponseFunction$0(HandshakeResponse.java:30)\n\tat org.openqa.selenium.remote.ProtocolHandshake.lambda$createSession$0(ProtocolHandshake.java:126)\n\tat java.base/java.util.stream.ReferencePipeline$3$1.accept(ReferencePipeline.java:195)\n\tat java.base/java.util.Spliterators$ArraySpliterator.tryAdvance(Spliterators.java:958)\n\tat java.base/java.util.stream.ReferencePipeline.forEachWithCancel(ReferencePipeline.java:127)\n\tat java.base/java.util.stream.AbstractPipeline.copyIntoWithCancel(AbstractPipeline.java:502)\n\tat java.base/java.util.stream.AbstractPipeline.copyInto(AbstractPipeline.java:488)\n\tat java.base/java.util.stream.AbstractPipeline.wrapAndCopyInto(AbstractPipeline.java:474)\n\tat java.base/java.util.stream.FindOps$FindOp.evaluateSequential(FindOps.java:150)\n\tat java.base/java.util.stream.AbstractPipeline.evaluate(AbstractPipeline.java:234)\n\tat java.base/java.util.stream.ReferencePipeline.findFirst(ReferencePipeline.java:543)\n\tat org.openqa.selenium.remote.ProtocolHandshake.createSession(ProtocolHandshake.java:128)\n\tat org.openqa.selenium.remote.ProtocolHandshake.createSession(ProtocolHandshake.java:74)\n\tat org.openqa.selenium.remote.HttpCommandExecutor.execute(HttpCommandExecutor.java:136)\n\tat org.openqa.selenium.remote.service.DriverCommandExecutor.execute(DriverCommandExecutor.java:83)\n\tat org.openqa.selenium.remote.RemoteWebDriver.execute(RemoteWebDriver.java:552)\n\tat org.openqa.selenium.remote.RemoteWebDriver.startSession(RemoteWebDriver.java:213)\n\tat org.openqa.selenium.remote.RemoteWebDriver.<init>(RemoteWebDriver.java:131)\n\tat org.openqa.selenium.chrome.ChromeDriver.<init>(ChromeDriver.java:181)\n\tat org.openqa.selenium.chrome.ChromeDriver.<init>(ChromeDriver.java:168)\n\tat org.openqa.selenium.chrome.ChromeDriver.<init>(ChromeDriver.java:123)\n\tat tests.gui.google.A_Search_FlatTest_NativeSeleniumWebDriver.beforeMethod(A_Search_FlatTest_NativeSeleniumWebDriver.java:46)\n\tat java.base/jdk.internal.reflect.NativeMethodAccessorImpl.invoke0(Native Method)\n\tat java.base/jdk.internal.reflect.NativeMethodAccessorImpl.invoke(NativeMethodAccessorImpl.java:64)\n\tat java.base/jdk.internal.reflect.DelegatingMethodAccessorImpl.invoke(DelegatingMethodAccessorImpl.java:43)\n\tat java.base/java.lang.reflect.Method.invoke(Method.java:564)\n\tat org.testng.internal.MethodInvocationHelper.invokeMethod(MethodInvocationHelper.java:133)\n\tat org.testng.internal.MethodInvocationHelper.invokeMethodConsideringTimeout(MethodInvocationHelper.java:62)\n\tat org.testng.internal.ConfigInvoker.invokeConfigurationMethod(ConfigInvoker.java:385)\n\tat org.testng.internal.ConfigInvoker.invokeConfigurations(ConfigInvoker.java:321)\n\tat org.testng.internal.TestInvoker.runConfigMethods(TestInvoker.java:700)\n\tat org.testng.internal.TestInvoker.invokeMethod(TestInvoker.java:527)\n\tat org.testng.internal.TestInvoker.invokeTestMethod(TestInvoker.java:173)\n\tat org.testng.internal.MethodRunner.runInSequence(MethodRunner.java:46)\n\tat org.testng.internal.TestInvoker$MethodInvocationAgent.invoke(TestInvoker.java:824)\n\tat org.testng.internal.TestInvoker.invokeTestMethods(TestInvoker.java:146)\n\tat org.testng.internal.TestMethodWorker.invokeTestMethods(TestMethodWorker.java:146)\n\tat org.testng.internal.TestMethodWorker.run(TestMethodWorker.java:128)\n\tat java.base/java.util.ArrayList.forEach(ArrayList.java:1511)\n\tat org.testng.TestRunner.privateRun(TestRunner.java:794)\n\tat org.testng.TestRunner.run(TestRunner.java:596)\n\tat org.testng.SuiteRunner.runTest(SuiteRunner.java:377)\n\tat org.testng.SuiteRunner.runSequentially(SuiteRunner.java:371)\n\tat org.testng.SuiteRunner.privateRun(SuiteRunner.java:332)\n\tat org.testng.SuiteRunner.run(SuiteRunner.java:276)\n\tat org.testng.SuiteRunnerWorker.runSuite(SuiteRunnerWorker.java:53)\n\tat org.testng.SuiteRunnerWorker.run(SuiteRunnerWorker.java:96)\n\tat org.testng.TestNG.runSuitesSequentially(TestNG.java:1212)\n\tat org.testng.TestNG.runSuitesLocally(TestNG.java:1134)\n\tat org.testng.TestNG.runSuites(TestNG.java:1063)\n\tat org.testng.TestNG.run(TestNG.java:1031)\n\tat org.apache.maven.surefire.testng.TestNGExecutor.run(TestNGExecutor.java:136)\n\tat org.apache.maven.surefire.testng.TestNGDirectoryTestSuite.executeMulti(TestNGDirectoryTestSuite.java:193)\n\tat org.apache.maven.surefire.testng.TestNGDirectoryTestSuite.execute(TestNGDirectoryTestSuite.java:94)\n\tat org.apache.maven.surefire.testng.TestNGProvider.invoke(TestNGProvider.java:145)\n\tat org.apache.maven.surefire.booter.ForkedBooter.runSuitesInProcess(ForkedBooter.java:428)\n\tat org.apache.maven.surefire.booter.ForkedBooter.execute(ForkedBooter.java:162)\n\tat org.apache.maven.surefire.booter.ForkedBooter.run(ForkedBooter.java:562)\n\tat org.apache.maven.surefire.booter.ForkedBooter.main(ForkedBooter.java:548)\n",
  "flaky" : false,
  "newFailed" : false,
  "beforeStages" : [ {
    "name" : "beforeMethod",
    "time" : {
      "start" : 1625121930799,
      "stop" : 1625121930799,
      "duration" : 0
    },
    "description" : "",
    "status" : "broken",
    "steps" : [ ],
    "attachments" : [ ],
    "parameters" : [ ],
    "stepsCount" : 0,
    "attachmentsCount" : 0,
    "shouldDisplayMessage" : false,
    "hasContent" : false
  }, {
    "name" : "beforeClass",
    "time" : {
      "start" : 1625121928731,
      "stop" : 1625121930314,
      "duration" : 1583
    },
    "description" : "",
    "status" : "passed",
    "steps" : [ ],
    "attachments" : [ ],
    "parameters" : [ ],
    "stepsCount" : 0,
    "attachmentsCount" : 0,
    "shouldDisplayMessage" : false,
    "hasContent" : false
  } ],
  "testStage" : {
    "status" : "skipped",
    "statusMessage" : "unknown error: Chrome failed to start: exited abnormally.\n  (unknown error: DevToolsActivePort file doesn't exist)\n  (The process started from chrome location /usr/bin/google-chrome is no longer running, so ChromeDriver is assuming that Chrome has crashed.)\nBuild info: version: '3.141.59', revision: 'e82be7d358', time: '2018-11-14T08:17:03'\nSystem info: host: 'fv-az292-378', ip: '10.1.1.209', os.name: 'Linux', os.arch: 'amd64', os.version: '5.8.0-1036-azure', java.version: '15.0.3'\nDriver info: driver.version: A_Search_FlatTest_NativeSeleniumWebDriver\nremote stacktrace: #0 0x55d66355e949 <unknown>\n",
    "statusTrace" : "org.openqa.selenium.WebDriverException: unknown error: Chrome failed to start: exited abnormally.\n  (unknown error: DevToolsActivePort file doesn't exist)\n  (The process started from chrome location /usr/bin/google-chrome is no longer running, so ChromeDriver is assuming that Chrome has crashed.)\nBuild info: version: '3.141.59', revision: 'e82be7d358', time: '2018-11-14T08:17:03'\nSystem info: host: 'fv-az292-378', ip: '10.1.1.209', os.name: 'Linux', os.arch: 'amd64', os.version: '5.8.0-1036-azure', java.version: '15.0.3'\nDriver info: driver.version: A_Search_FlatTest_NativeSeleniumWebDriver\nremote stacktrace: #0 0x55d66355e949 <unknown>\n\n\tat java.base/jdk.internal.reflect.NativeConstructorAccessorImpl.newInstance0(Native Method)\n\tat java.base/jdk.internal.reflect.NativeConstructorAccessorImpl.newInstance(NativeConstructorAccessorImpl.java:64)\n\tat java.base/jdk.internal.reflect.DelegatingConstructorAccessorImpl.newInstance(DelegatingConstructorAccessorImpl.java:45)\n\tat java.base/java.lang.reflect.Constructor.newInstanceWithCaller(Constructor.java:500)\n\tat java.base/java.lang.reflect.Constructor.newInstance(Constructor.java:481)\n\tat org.openqa.selenium.remote.W3CHandshakeResponse.lambda$errorHandler$0(W3CHandshakeResponse.java:62)\n\tat org.openqa.selenium.remote.HandshakeResponse.lambda$getResponseFunction$0(HandshakeResponse.java:30)\n\tat org.openqa.selenium.remote.ProtocolHandshake.lambda$createSession$0(ProtocolHandshake.java:126)\n\tat java.base/java.util.stream.ReferencePipeline$3$1.accept(ReferencePipeline.java:195)\n\tat java.base/java.util.Spliterators$ArraySpliterator.tryAdvance(Spliterators.java:958)\n\tat java.base/java.util.stream.ReferencePipeline.forEachWithCancel(ReferencePipeline.java:127)\n\tat java.base/java.util.stream.AbstractPipeline.copyIntoWithCancel(AbstractPipeline.java:502)\n\tat java.base/java.util.stream.AbstractPipeline.copyInto(AbstractPipeline.java:488)\n\tat java.base/java.util.stream.AbstractPipeline.wrapAndCopyInto(AbstractPipeline.java:474)\n\tat java.base/java.util.stream.FindOps$FindOp.evaluateSequential(FindOps.java:150)\n\tat java.base/java.util.stream.AbstractPipeline.evaluate(AbstractPipeline.java:234)\n\tat java.base/java.util.stream.ReferencePipeline.findFirst(ReferencePipeline.java:543)\n\tat org.openqa.selenium.remote.ProtocolHandshake.createSession(ProtocolHandshake.java:128)\n\tat org.openqa.selenium.remote.ProtocolHandshake.createSession(ProtocolHandshake.java:74)\n\tat org.openqa.selenium.remote.HttpCommandExecutor.execute(HttpCommandExecutor.java:136)\n\tat org.openqa.selenium.remote.service.DriverCommandExecutor.execute(DriverCommandExecutor.java:83)\n\tat org.openqa.selenium.remote.RemoteWebDriver.execute(RemoteWebDriver.java:552)\n\tat org.openqa.selenium.remote.RemoteWebDriver.startSession(RemoteWebDriver.java:213)\n\tat org.openqa.selenium.remote.RemoteWebDriver.<init>(RemoteWebDriver.java:131)\n\tat org.openqa.selenium.chrome.ChromeDriver.<init>(ChromeDriver.java:181)\n\tat org.openqa.selenium.chrome.ChromeDriver.<init>(ChromeDriver.java:168)\n\tat org.openqa.selenium.chrome.ChromeDriver.<init>(ChromeDriver.java:123)\n\tat tests.gui.google.A_Search_FlatTest_NativeSeleniumWebDriver.beforeMethod(A_Search_FlatTest_NativeSeleniumWebDriver.java:46)\n\tat java.base/jdk.internal.reflect.NativeMethodAccessorImpl.invoke0(Native Method)\n\tat java.base/jdk.internal.reflect.NativeMethodAccessorImpl.invoke(NativeMethodAccessorImpl.java:64)\n\tat java.base/jdk.internal.reflect.DelegatingMethodAccessorImpl.invoke(DelegatingMethodAccessorImpl.java:43)\n\tat java.base/java.lang.reflect.Method.invoke(Method.java:564)\n\tat org.testng.internal.MethodInvocationHelper.invokeMethod(MethodInvocationHelper.java:133)\n\tat org.testng.internal.MethodInvocationHelper.invokeMethodConsideringTimeout(MethodInvocationHelper.java:62)\n\tat org.testng.internal.ConfigInvoker.invokeConfigurationMethod(ConfigInvoker.java:385)\n\tat org.testng.internal.ConfigInvoker.invokeConfigurations(ConfigInvoker.java:321)\n\tat org.testng.internal.TestInvoker.runConfigMethods(TestInvoker.java:700)\n\tat org.testng.internal.TestInvoker.invokeMethod(TestInvoker.java:527)\n\tat org.testng.internal.TestInvoker.invokeTestMethod(TestInvoker.java:173)\n\tat org.testng.internal.MethodRunner.runInSequence(MethodRunner.java:46)\n\tat org.testng.internal.TestInvoker$MethodInvocationAgent.invoke(TestInvoker.java:824)\n\tat org.testng.internal.TestInvoker.invokeTestMethods(TestInvoker.java:146)\n\tat org.testng.internal.TestMethodWorker.invokeTestMethods(TestMethodWorker.java:146)\n\tat org.testng.internal.TestMethodWorker.run(TestMethodWorker.java:128)\n\tat java.base/java.util.ArrayList.forEach(ArrayList.java:1511)\n\tat org.testng.TestRunner.privateRun(TestRunner.java:794)\n\tat org.testng.TestRunner.run(TestRunner.java:596)\n\tat org.testng.SuiteRunner.runTest(SuiteRunner.java:377)\n\tat org.testng.SuiteRunner.runSequentially(SuiteRunner.java:371)\n\tat org.testng.SuiteRunner.privateRun(SuiteRunner.java:332)\n\tat org.testng.SuiteRunner.run(SuiteRunner.java:276)\n\tat org.testng.SuiteRunnerWorker.runSuite(SuiteRunnerWorker.java:53)\n\tat org.testng.SuiteRunnerWorker.run(SuiteRunnerWorker.java:96)\n\tat org.testng.TestNG.runSuitesSequentially(TestNG.java:1212)\n\tat org.testng.TestNG.runSuitesLocally(TestNG.java:1134)\n\tat org.testng.TestNG.runSuites(TestNG.java:1063)\n\tat org.testng.TestNG.run(TestNG.java:1031)\n\tat org.apache.maven.surefire.testng.TestNGExecutor.run(TestNGExecutor.java:136)\n\tat org.apache.maven.surefire.testng.TestNGDirectoryTestSuite.executeMulti(TestNGDirectoryTestSuite.java:193)\n\tat org.apache.maven.surefire.testng.TestNGDirectoryTestSuite.execute(TestNGDirectoryTestSuite.java:94)\n\tat org.apache.maven.surefire.testng.TestNGProvider.invoke(TestNGProvider.java:145)\n\tat org.apache.maven.surefire.booter.ForkedBooter.runSuitesInProcess(ForkedBooter.java:428)\n\tat org.apache.maven.surefire.booter.ForkedBooter.execute(ForkedBooter.java:162)\n\tat org.apache.maven.surefire.booter.ForkedBooter.run(ForkedBooter.java:562)\n\tat org.apache.maven.surefire.booter.ForkedBooter.main(ForkedBooter.java:548)\n",
    "steps" : [ ],
    "attachments" : [ {
      "uid" : "923f618d497a953c",
      "name" : "Attachment: SHAFT Engine Logs - Current Method log: searchForQueryAndAssertFirstResultTextIsCorrect",
      "source" : "923f618d497a953c.txt",
      "type" : "text/plain",
      "size" : 479
    } ],
    "parameters" : [ ],
    "stepsCount" : 0,
    "attachmentsCount" : 1,
    "shouldDisplayMessage" : true,
    "hasContent" : true
  },
  "afterStages" : [ {
    "name" : "afterMethod",
    "time" : {
      "start" : 1625121930806,
      "stop" : 1625121930806,
      "duration" : 0
    },
    "description" : "",
    "status" : "broken",
    "steps" : [ ],
    "attachments" : [ ],
    "parameters" : [ ],
    "stepsCount" : 0,
    "attachmentsCount" : 0,
    "shouldDisplayMessage" : false,
    "hasContent" : false
  }, {
    "name" : "closureActivities",
    "time" : {
      "start" : 1625121946588,
      "stop" : 1625121946835,
      "duration" : 247
    },
    "description" : "",
    "status" : "passed",
    "steps" : [ {
      "name" : "Successfully Closed All Drivers.",
      "time" : {
        "start" : 1625121946589,
        "stop" : 1625121946589,
        "duration" : 0
      },
      "status" : "passed",
      "steps" : [ ],
      "attachments" : [ ],
      "parameters" : [ {
        "name" : "actionCounter",
        "value" : "120"
      }, {
        "name" : "logText",
        "value" : "Successfully Closed All Drivers."
      } ],
      "stepsCount" : 0,
      "attachmentsCount" : 0,
      "shouldDisplayMessage" : false,
      "hasContent" : true
    } ],
    "attachments" : [ {
      "uid" : "27e9b06dd140ca92",
      "name" : "Attachment: SHAFT Engine Logs - Execution log: 20210701-064546",
      "source" : "27e9b06dd140ca92.txt",
      "type" : "text/plain",
      "size" : 61767
    }, {
      "uid" : "916cbc8baaea9c9a",
      "name" : "Attachment: HTML - Extent Emailable Execution Report",
      "source" : "916cbc8baaea9c9a.html",
      "type" : "text/html",
      "size" : 1472252
    } ],
    "parameters" : [ ],
    "stepsCount" : 1,
    "attachmentsCount" : 2,
    "shouldDisplayMessage" : false,
    "hasContent" : true
  } ],
  "labels" : [ {
    "name" : "package",
    "value" : "tests.gui.google.A_Search_FlatTest_NativeSeleniumWebDriver"
  }, {
    "name" : "testClass",
    "value" : "tests.gui.google.A_Search_FlatTest_NativeSeleniumWebDriver"
  }, {
    "name" : "testMethod",
    "value" : "searchForQueryAndAssertFirstResultTextIsCorrect"
  }, {
    "name" : "parentSuite",
    "value" : "SHAFT: Custom Suite"
  }, {
    "name" : "suite",
    "value" : "SHAFT: Custom Test"
  }, {
    "name" : "subSuite",
    "value" : "tests.gui.google.A_Search_FlatTest_NativeSeleniumWebDriver"
  }, {
    "name" : "host",
    "value" : "fv-az292-378"
  }, {
    "name" : "thread",
    "value" : "3830@fv-az292-378.main(1)"
  }, {
    "name" : "framework",
    "value" : "testng"
  }, {
    "name" : "language",
    "value" : "java"
  }, {
    "name" : "resultFormat",
    "value" : "allure2"
  } ],
  "parameters" : [ ],
  "links" : [ ],
  "hidden" : false,
  "retry" : false,
  "extra" : {
    "severity" : "normal",
    "retries" : [ ],
    "categories" : [ ],
    "history" : {
      "statistic" : {
        "failed" : 0,
        "broken" : 0,
        "skipped" : 174,
        "passed" : 0,
        "unknown" : 0,
        "total" : 174
      },
      "items" : [ {
        "uid" : "dce8acffe89f211d",
        "reportUrl" : "https://MohabMohie.github.io/using_SHAFT_ENGINE/allure/587//#testresult/dce8acffe89f211d",
        "status" : "skipped",
        "statusDetails" : "unknown error: Chrome failed to start: exited abnormally.\n  (unknown error: DevToolsActivePort file doesn't exist)\n  (The process started from chrome location /usr/bin/google-chrome is no longer running, so ChromeDriver is assuming that Chrome has crashed.)\nBuild info: version: '3.141.59', revision: 'e82be7d358', time: '2018-11-14T08:17:03'\nSystem info: host: 'fv-az219-529', ip: '10.1.0.201', os.name: 'Linux', os.arch: 'amd64', os.version: '5.8.0-1036-azure', java.version: '15.0.3'\nDriver info: driver.version: A_Search_FlatTest_NativeSeleniumWebDriver\nremote stacktrace: #0 0x55b79e3bb949 <unknown>\n",
        "time" : {
          "start" : 1625103260120,
          "stop" : 1625103260122,
          "duration" : 2
        }
      }, {
        "uid" : "495429a9414a1c76",
        "reportUrl" : "https://MohabMohie.github.io/using_SHAFT_ENGINE/allure/586//#testresult/495429a9414a1c76",
        "status" : "skipped",
        "statusDetails" : "unknown error: Chrome failed to start: exited abnormally.\n  (unknown error: DevToolsActivePort file doesn't exist)\n  (The process started from chrome location /usr/bin/google-chrome is no longer running, so ChromeDriver is assuming that Chrome has crashed.)\nBuild info: version: '3.141.59', revision: 'e82be7d358', time: '2018-11-14T08:17:03'\nSystem info: host: 'fv-az216-965', ip: '10.1.0.97', os.name: 'Linux', os.arch: 'amd64', os.version: '5.8.0-1036-azure', java.version: '15.0.3'\nDriver info: driver.version: A_Search_FlatTest_NativeSeleniumWebDriver\nremote stacktrace: #0 0x563565d17949 <unknown>\n",
        "time" : {
          "start" : 1625078545444,
          "stop" : 1625078545447,
          "duration" : 3
        }
      }, {
        "uid" : "dc4d0a1c1a539aa9",
        "reportUrl" : "https://MohabMohie.github.io/using_SHAFT_ENGINE/allure/585//#testresult/dc4d0a1c1a539aa9",
        "status" : "skipped",
        "statusDetails" : "unknown error: Chrome failed to start: exited abnormally.\n  (unknown error: DevToolsActivePort file doesn't exist)\n  (The process started from chrome location /usr/bin/google-chrome is no longer running, so ChromeDriver is assuming that Chrome has crashed.)\nBuild info: version: '3.141.59', revision: 'e82be7d358', time: '2018-11-14T08:17:03'\nSystem info: host: 'fv-az292-378', ip: '10.1.1.224', os.name: 'Linux', os.arch: 'amd64', os.version: '5.8.0-1036-azure', java.version: '15.0.3'\nDriver info: driver.version: A_Search_FlatTest_NativeSeleniumWebDriver\nremote stacktrace: #0 0x557355358949 <unknown>\n",
        "time" : {
          "start" : 1625057627223,
          "stop" : 1625057627225,
          "duration" : 2
        }
      }, {
        "uid" : "3547008f0a0b7831",
        "reportUrl" : "https://MohabMohie.github.io/using_SHAFT_ENGINE/allure/584//#testresult/3547008f0a0b7831",
        "status" : "skipped",
        "statusDetails" : "unknown error: Chrome failed to start: exited abnormally.\n  (unknown error: DevToolsActivePort file doesn't exist)\n  (The process started from chrome location /usr/bin/google-chrome is no longer running, so ChromeDriver is assuming that Chrome has crashed.)\nBuild info: version: '3.141.59', revision: 'e82be7d358', time: '2018-11-14T08:17:03'\nSystem info: host: 'fv-az292-378', ip: '10.1.1.208', os.name: 'Linux', os.arch: 'amd64', os.version: '5.8.0-1036-azure', java.version: '15.0.3'\nDriver info: driver.version: A_Search_FlatTest_NativeSeleniumWebDriver\nremote stacktrace: #0 0x556c782f2949 <unknown>\n",
        "time" : {
          "start" : 1625035449648,
          "stop" : 1625035449651,
          "duration" : 3
        }
      }, {
        "uid" : "4a779ab1711eefb9",
        "reportUrl" : "https://MohabMohie.github.io/using_SHAFT_ENGINE/allure/583//#testresult/4a779ab1711eefb9",
        "status" : "skipped",
        "statusDetails" : "unknown error: Chrome failed to start: exited abnormally.\n  (unknown error: DevToolsActivePort file doesn't exist)\n  (The process started from chrome location /usr/bin/google-chrome is no longer running, so ChromeDriver is assuming that Chrome has crashed.)\nBuild info: version: '3.141.59', revision: 'e82be7d358', time: '2018-11-14T08:17:03'\nSystem info: host: 'fv-az290-942', ip: '10.1.0.192', os.name: 'Linux', os.arch: 'amd64', os.version: '5.8.0-1033-azure', java.version: '15.0.3'\nDriver info: driver.version: A_Search_FlatTest_NativeSeleniumWebDriver\nremote stacktrace: #0 0x55dae1d72949 <unknown>\n",
        "time" : {
          "start" : 1625016907155,
          "stop" : 1625016907156,
          "duration" : 1
        }
      }, {
        "uid" : "508f5859dfd0ccaa",
        "reportUrl" : "https://MohabMohie.github.io/using_SHAFT_ENGINE/allure/582//#testresult/508f5859dfd0ccaa",
        "status" : "skipped",
        "statusDetails" : "unknown error: Chrome failed to start: exited abnormally.\n  (unknown error: DevToolsActivePort file doesn't exist)\n  (The process started from chrome location /usr/bin/google-chrome is no longer running, so ChromeDriver is assuming that Chrome has crashed.)\nBuild info: version: '3.141.59', revision: 'e82be7d358', time: '2018-11-14T08:17:03'\nSystem info: host: 'fv-az216-914', ip: '10.1.1.5', os.name: 'Linux', os.arch: 'amd64', os.version: '5.8.0-1033-azure', java.version: '15.0.3'\nDriver info: driver.version: A_Search_FlatTest_NativeSeleniumWebDriver\nremote stacktrace: #0 0x558410975949 <unknown>\n",
        "time" : {
          "start" : 1624992151233,
          "stop" : 1624992151234,
          "duration" : 1
        }
      }, {
        "uid" : "6ffb046cb1474002",
        "reportUrl" : "https://MohabMohie.github.io/using_SHAFT_ENGINE/allure/581//#testresult/6ffb046cb1474002",
        "status" : "skipped",
        "statusDetails" : "unknown error: Chrome failed to start: exited abnormally.\n  (unknown error: DevToolsActivePort file doesn't exist)\n  (The process started from chrome location /usr/bin/google-chrome is no longer running, so ChromeDriver is assuming that Chrome has crashed.)\nBuild info: version: '3.141.59', revision: 'e82be7d358', time: '2018-11-14T08:17:03'\nSystem info: host: 'fv-az154-370', ip: '10.1.0.194', os.name: 'Linux', os.arch: 'amd64', os.version: '5.8.0-1033-azure', java.version: '15.0.3'\nDriver info: driver.version: A_Search_FlatTest_NativeSeleniumWebDriver\nremote stacktrace: #0 0x55caf2940949 <unknown>\n",
        "time" : {
          "start" : 1624971394064,
          "stop" : 1624971394065,
          "duration" : 1
        }
      }, {
        "uid" : "8a25ba8673ade130",
        "reportUrl" : "https://MohabMohie.github.io/using_SHAFT_ENGINE/allure/580//#testresult/8a25ba8673ade130",
        "status" : "skipped",
        "statusDetails" : "unknown error: Chrome failed to start: exited abnormally.\n  (unknown error: DevToolsActivePort file doesn't exist)\n  (The process started from chrome location /usr/bin/google-chrome is no longer running, so ChromeDriver is assuming that Chrome has crashed.)\nBuild info: version: '3.141.59', revision: 'e82be7d358', time: '2018-11-14T08:17:03'\nSystem info: host: 'fv-az292-531', ip: '10.1.1.111', os.name: 'Linux', os.arch: 'amd64', os.version: '5.8.0-1033-azure', java.version: '15.0.3'\nDriver info: driver.version: A_Search_FlatTest_NativeSeleniumWebDriver\nremote stacktrace: #0 0x557a3bf2d949 <unknown>\n",
        "time" : {
          "start" : 1624949070325,
          "stop" : 1624949070328,
          "duration" : 3
        }
      }, {
        "uid" : "f85e5d044417e1cc",
        "reportUrl" : "https://MohabMohie.github.io/using_SHAFT_ENGINE/allure/579//#testresult/f85e5d044417e1cc",
        "status" : "skipped",
        "statusDetails" : "unknown error: Chrome failed to start: exited abnormally.\n  (unknown error: DevToolsActivePort file doesn't exist)\n  (The process started from chrome location /usr/bin/google-chrome is no longer running, so ChromeDriver is assuming that Chrome has crashed.)\nBuild info: version: '3.141.59', revision: 'e82be7d358', time: '2018-11-14T08:17:03'\nSystem info: host: 'fv-az219-522', ip: '10.1.1.58', os.name: 'Linux', os.arch: 'amd64', os.version: '5.8.0-1033-azure', java.version: '15.0.3'\nDriver info: driver.version: A_Search_FlatTest_NativeSeleniumWebDriver\nremote stacktrace: #0 0x55719ae1e949 <unknown>\n",
        "time" : {
          "start" : 1624930222188,
          "stop" : 1624930222190,
          "duration" : 2
        }
      }, {
        "uid" : "c957b1c819fd37e2",
        "reportUrl" : "https://MohabMohie.github.io/using_SHAFT_ENGINE/allure/578//#testresult/c957b1c819fd37e2",
        "status" : "skipped",
        "statusDetails" : "unknown error: Chrome failed to start: exited abnormally.\n  (unknown error: DevToolsActivePort file doesn't exist)\n  (The process started from chrome location /usr/bin/google-chrome is no longer running, so ChromeDriver is assuming that Chrome has crashed.)\nBuild info: version: '3.141.59', revision: 'e82be7d358', time: '2018-11-14T08:17:03'\nSystem info: host: 'fv-az290-942', ip: '10.1.0.130', os.name: 'Linux', os.arch: 'amd64', os.version: '5.8.0-1033-azure', java.version: '15.0.3'\nDriver info: driver.version: A_Search_FlatTest_NativeSeleniumWebDriver\nremote stacktrace: #0 0x5582ac6c0949 <unknown>\n",
        "time" : {
          "start" : 1624906231251,
          "stop" : 1624906231254,
          "duration" : 3
        }
      }, {
        "uid" : "f55da6ca11b2a74f",
        "reportUrl" : "https://MohabMohie.github.io/using_SHAFT_ENGINE/allure/577//#testresult/f55da6ca11b2a74f",
        "status" : "skipped",
        "statusDetails" : "unknown error: Chrome failed to start: exited abnormally.\n  (unknown error: DevToolsActivePort file doesn't exist)\n  (The process started from chrome location /usr/bin/google-chrome is no longer running, so ChromeDriver is assuming that Chrome has crashed.)\nBuild info: version: '3.141.59', revision: 'e82be7d358', time: '2018-11-14T08:17:03'\nSystem info: host: 'fv-az154-370', ip: '10.1.0.237', os.name: 'Linux', os.arch: 'amd64', os.version: '5.8.0-1033-azure', java.version: '15.0.3'\nDriver info: driver.version: A_Search_FlatTest_NativeSeleniumWebDriver\nremote stacktrace: #0 0x5623daefa949 <unknown>\n",
        "time" : {
          "start" : 1624884784171,
          "stop" : 1624884784176,
          "duration" : 5
        }
      }, {
        "uid" : "995dd7ca507cc16b",
        "reportUrl" : "https://MohabMohie.github.io/using_SHAFT_ENGINE/allure/576//#testresult/995dd7ca507cc16b",
        "status" : "skipped",
        "statusDetails" : "unknown error: Chrome failed to start: exited abnormally.\n  (unknown error: DevToolsActivePort file doesn't exist)\n  (The process started from chrome location /usr/bin/google-chrome is no longer running, so ChromeDriver is assuming that Chrome has crashed.)\nBuild info: version: '3.141.59', revision: 'e82be7d358', time: '2018-11-14T08:17:03'\nSystem info: host: 'fv-az292-531', ip: '10.1.0.167', os.name: 'Linux', os.arch: 'amd64', os.version: '5.8.0-1033-azure', java.version: '15.0.3'\nDriver info: driver.version: A_Search_FlatTest_NativeSeleniumWebDriver\nremote stacktrace: #0 0x55d132e50949 <unknown>\n",
        "time" : {
          "start" : 1624862716228,
          "stop" : 1624862716229,
          "duration" : 1
        }
      }, {
        "uid" : "593b494df32a5fa8",
        "reportUrl" : "https://MohabMohie.github.io/using_SHAFT_ENGINE/allure/575//#testresult/593b494df32a5fa8",
        "status" : "skipped",
        "statusDetails" : "unknown error: Chrome failed to start: exited abnormally.\n  (unknown error: DevToolsActivePort file doesn't exist)\n  (The process started from chrome location /usr/bin/google-chrome is no longer running, so ChromeDriver is assuming that Chrome has crashed.)\nBuild info: version: '3.141.59', revision: 'e82be7d358', time: '2018-11-14T08:17:03'\nSystem info: host: 'fv-az198-578', ip: '10.1.1.85', os.name: 'Linux', os.arch: 'amd64', os.version: '5.8.0-1033-azure', java.version: '15.0.3'\nDriver info: driver.version: A_Search_FlatTest_NativeSeleniumWebDriver\nremote stacktrace: #0 0x55b0c8c1f949 <unknown>\n",
        "time" : {
          "start" : 1624843908438,
          "stop" : 1624843908444,
          "duration" : 6
        }
      }, {
        "uid" : "df5c482fe955ed96",
        "reportUrl" : "https://MohabMohie.github.io/using_SHAFT_ENGINE/allure/574//#testresult/df5c482fe955ed96",
        "status" : "skipped",
        "statusDetails" : "unknown error: Chrome failed to start: exited abnormally.\n  (unknown error: DevToolsActivePort file doesn't exist)\n  (The process started from chrome location /usr/bin/google-chrome is no longer running, so ChromeDriver is assuming that Chrome has crashed.)\nBuild info: version: '3.141.59', revision: 'e82be7d358', time: '2018-11-14T08:17:03'\nSystem info: host: 'fv-az204-524', ip: '10.1.1.56', os.name: 'Linux', os.arch: 'amd64', os.version: '5.8.0-1033-azure', java.version: '15.0.3'\nDriver info: driver.version: A_Search_FlatTest_NativeSeleniumWebDriver\nremote stacktrace: #0 0x55ec8049a949 <unknown>\n",
        "time" : {
          "start" : 1624819245974,
          "stop" : 1624819245976,
          "duration" : 2
        }
      }, {
        "uid" : "4cca3d8de00233b5",
        "reportUrl" : "https://MohabMohie.github.io/using_SHAFT_ENGINE/allure/573//#testresult/4cca3d8de00233b5",
        "status" : "skipped",
        "statusDetails" : "unknown error: Chrome failed to start: exited abnormally.\n  (unknown error: DevToolsActivePort file doesn't exist)\n  (The process started from chrome location /usr/bin/google-chrome is no longer running, so ChromeDriver is assuming that Chrome has crashed.)\nBuild info: version: '3.141.59', revision: 'e82be7d358', time: '2018-11-14T08:17:03'\nSystem info: host: 'fv-az212-536', ip: '10.1.0.129', os.name: 'Linux', os.arch: 'amd64', os.version: '5.8.0-1033-azure', java.version: '15.0.3'\nDriver info: driver.version: A_Search_FlatTest_NativeSeleniumWebDriver\nremote stacktrace: #0 0x5624e6410949 <unknown>\n",
        "time" : {
          "start" : 1624798269997,
          "stop" : 1624798269999,
          "duration" : 2
        }
      }, {
        "uid" : "1476e443179d5ff2",
        "reportUrl" : "https://MohabMohie.github.io/using_SHAFT_ENGINE/allure/572//#testresult/1476e443179d5ff2",
        "status" : "skipped",
        "statusDetails" : "unknown error: Chrome failed to start: exited abnormally.\n  (unknown error: DevToolsActivePort file doesn't exist)\n  (The process started from chrome location /usr/bin/google-chrome is no longer running, so ChromeDriver is assuming that Chrome has crashed.)\nBuild info: version: '3.141.59', revision: 'e82be7d358', time: '2018-11-14T08:17:03'\nSystem info: host: 'fv-az290-942', ip: '10.1.0.44', os.name: 'Linux', os.arch: 'amd64', os.version: '5.8.0-1033-azure', java.version: '15.0.3'\nDriver info: driver.version: A_Search_FlatTest_NativeSeleniumWebDriver\nremote stacktrace: #0 0x56140af59949 <unknown>\n",
        "time" : {
          "start" : 1624776209135,
          "stop" : 1624776209138,
          "duration" : 3
        }
      }, {
        "uid" : "b963af006c60e319",
        "reportUrl" : "https://MohabMohie.github.io/using_SHAFT_ENGINE/allure/571//#testresult/b963af006c60e319",
        "status" : "skipped",
        "statusDetails" : "unknown error: Chrome failed to start: exited abnormally.\n  (unknown error: DevToolsActivePort file doesn't exist)\n  (The process started from chrome location /usr/bin/google-chrome is no longer running, so ChromeDriver is assuming that Chrome has crashed.)\nBuild info: version: '3.141.59', revision: 'e82be7d358', time: '2018-11-14T08:17:03'\nSystem info: host: 'fv-az292-531', ip: '10.1.0.239', os.name: 'Linux', os.arch: 'amd64', os.version: '5.8.0-1033-azure', java.version: '15.0.3'\nDriver info: driver.version: A_Search_FlatTest_NativeSeleniumWebDriver\nremote stacktrace: #0 0x55c9aa095949 <unknown>\n",
        "time" : {
          "start" : 1624757898414,
          "stop" : 1624757898415,
          "duration" : 1
        }
      }, {
        "uid" : "5a9f815d388df9e6",
        "reportUrl" : "https://MohabMohie.github.io/using_SHAFT_ENGINE/allure/570//#testresult/5a9f815d388df9e6",
        "status" : "skipped",
        "statusDetails" : "unknown error: Chrome failed to start: exited abnormally.\n  (unknown error: DevToolsActivePort file doesn't exist)\n  (The process started from chrome location /usr/bin/google-chrome is no longer running, so ChromeDriver is assuming that Chrome has crashed.)\nBuild info: version: '3.141.59', revision: 'e82be7d358', time: '2018-11-14T08:17:03'\nSystem info: host: 'fv-az292-531', ip: '10.1.0.157', os.name: 'Linux', os.arch: 'amd64', os.version: '5.8.0-1033-azure', java.version: '15.0.3'\nDriver info: driver.version: A_Search_FlatTest_NativeSeleniumWebDriver\nremote stacktrace: #0 0x55a658313949 <unknown>\n",
        "time" : {
          "start" : 1624732869946,
          "stop" : 1624732869948,
          "duration" : 2
        }
      }, {
        "uid" : "cd3a1da955cb3bda",
        "reportUrl" : "https://MohabMohie.github.io/using_SHAFT_ENGINE/allure/569//#testresult/cd3a1da955cb3bda",
        "status" : "skipped",
        "statusDetails" : "unknown error: Chrome failed to start: exited abnormally.\n  (unknown error: DevToolsActivePort file doesn't exist)\n  (The process started from chrome location /usr/bin/google-chrome is no longer running, so ChromeDriver is assuming that Chrome has crashed.)\nBuild info: version: '3.141.59', revision: 'e82be7d358', time: '2018-11-14T08:17:03'\nSystem info: host: 'fv-az213-998', ip: '10.1.0.9', os.name: 'Linux', os.arch: 'amd64', os.version: '5.8.0-1033-azure', java.version: '15.0.3'\nDriver info: driver.version: A_Search_FlatTest_NativeSeleniumWebDriver\nremote stacktrace: #0 0x563e2f9bc949 <unknown>\n",
        "time" : {
          "start" : 1624711831065,
          "stop" : 1624711831067,
          "duration" : 2
        }
      }, {
        "uid" : "8aef3a9ff60b13cd",
        "reportUrl" : "https://MohabMohie.github.io/using_SHAFT_ENGINE/allure/568//#testresult/8aef3a9ff60b13cd",
        "status" : "skipped",
        "statusDetails" : "unknown error: Chrome failed to start: exited abnormally.\n  (unknown error: DevToolsActivePort file doesn't exist)\n  (The process started from chrome location /usr/bin/google-chrome is no longer running, so ChromeDriver is assuming that Chrome has crashed.)\nBuild info: version: '3.141.59', revision: 'e82be7d358', time: '2018-11-14T08:17:03'\nSystem info: host: 'fv-az292-531', ip: '10.1.0.133', os.name: 'Linux', os.arch: 'amd64', os.version: '5.8.0-1033-azure', java.version: '15.0.3'\nDriver info: driver.version: A_Search_FlatTest_NativeSeleniumWebDriver\nremote stacktrace: #0 0x55e04622f949 <unknown>\n",
        "time" : {
          "start" : 1624689809281,
          "stop" : 1624689809284,
          "duration" : 3
        }
      } ]
    },
    "tags" : [ ]
  },
  "source" : "5cbb8c1cd6921b18.json",
  "parameterValues" : [ ]
}