################################################################################################################################################
Detected SHAFT Engine Version: [SHAFT Engine v5.3.20210519]
################################################################################################################################################
[ReportManager] Successfully loaded the following test data file [src/test/resources/TestDataFiles/Google/SimpleSearch.xlsx]. @26-05-2021 07:05:32.0749 AM
[ReportManager] Successfully created attachment [Test Data - Excel] @26-05-2021 07:05:32.0752 A
[ReportManager] File Action [getAbsolutePath] successfully performed. With the following test data [Relative Folder Path: "target/downloadedFiles/"]. @26-05-2021 07:05:32.0780 AM
[ReportManager] Attempting to run remotely on: [Linux-64], [GoogleChrome], [http://localhost:4444/wd/hub], Headless Execution. @26-05-2021 07:05:32.0803 AM
[ReportManager] Successfully Opened [GoogleChrome]. @26-05-2021 07:05:34.0108 AM
[ReportManager] Target URL: [https://www.google.com/ncr], and after redirection: [https://www.google.com] @26-05-2021 07:05:34.0178 AM
[ReportManager] Initial URL: [data:,] @26-05-2021 07:05:34.0280 AM
[ReportManager] Browser Action [navigateToURL] successfully performed. With the following test data [https://www.google.com/ncr]. @26-05-2021 07:05:36.0700 A

################################################################################################################################################
Starting Execution:	[1 out of 23] test cases in the current suite
Test Method:		[tests.gui.google.D_Search_PageObjectModel_Traditional_DataDriven.navigateToGoogleHomeAndAssertGoogleLogoIsDisplayed]
################################################################################################################################################
[ReportManager] Element Action [identifyUniqueElement] failed. With the following test data [zero elements found matching this locator "By.xpath: //img[@id='hplogo' or @alt='Google']".]. @26-05-2021 07:06:02.0748 AM
[ReportManager] Successfully created attachment [Screenshot - 1622012762532_navigateToGoogleHomeAndAssertGoogleLogoIsDisplayed_identifyUniqueElement_failed] @26-05-2021 07:06:02.0768 A
[ReportManager] Successfully created attachment [Selenium WebDriver Logs - server] @26-05-2021 07:06:03.0084 AM
[ReportManager] Successfully created attachment [Selenium WebDriver Logs - performance] @26-05-2021 07:06:03.0222 AM
[ReportManager] Successfully created attachment [Selenium WebDriver Logs - browser] @26-05-2021 07:06:03.0238 AM
[ReportManager] Successfully created attachment [Selenium WebDriver Logs - driver] @26-05-2021 07:06:03.0458 AM
[ReportManager] Browser Action [closeCurrentWindow] successfully performed. @26-05-2021 07:06:03.0523 AM
[ReportManager] Successfully created attachment [Browser Action Test Data - closeCurrentWindow - Actual Value] @26-05-2021 07:06:03.0537 A
[ReportManager] File Action [getAbsolutePath] successfully performed. With the following test data [Relative Folder Path: "target/downloadedFiles/"]. @26-05-2021 07:06:03.0555 AM
[ReportManager] Attempting to run remotely on: [Linux-64], [GoogleChrome], [http://localhost:4444/wd/hub], Headless Execution. @26-05-2021 07:06:03.0556 AM
[ReportManager] Successfully Opened [GoogleChrome]. @26-05-2021 07:06:04.0128 AM
[ReportManager] Target URL: [https://www.google.com/ncr], and after redirection: [https://www.google.com] @26-05-2021 07:06:04.0152 AM
[ReportManager] Initial URL: [data:,] @26-05-2021 07:06:04.0224 AM
[ReportManager] Browser Action [navigateToURL] successfully performed. With the following test data [https://www.google.com/ncr]. @26-05-2021 07:06:06.0130 A

################################################################################################################################################
Starting Execution:	[2 out of 23] test cases in the current suite
Test Method:		[tests.gui.google.D_Search_PageObjectModel_Traditional_DataDriven.navigateToGoogleHomeAndAssertPageTitle]
################################################################################################################################################
[ReportManager] Browser Action [getCurrentWindowTitle] successfully performed. With the following test data [Google]. @26-05-2021 07:06:06.0198 AM
[ReportManager] Asserting that the page title is Google... @26-05-2021 07:06:06.0203 AM
[ReportManager] AssertEquals PASSED; Expected [Google] and Actual [Google]. Comparison Type [EQUALS]. Validation Type [POSITIVE]. @26-05-2021 07:06:06.0205 A
[ReportManager] Successfully created attachment [Selenium WebDriver Logs - server] @26-05-2021 07:06:06.0428 AM
[ReportManager] Successfully created attachment [Selenium WebDriver Logs - performance] @26-05-2021 07:06:06.0529 AM
[ReportManager] Successfully created attachment [Selenium WebDriver Logs - browser] @26-05-2021 07:06:06.0557 AM
[ReportManager] Successfully created attachment [Selenium WebDriver Logs - driver] @26-05-2021 07:06:06.0661 AM
[ReportManager] Browser Action [closeCurrentWindow] successfully performed. @26-05-2021 07:06:06.0725 AM
[ReportManager] Successfully created attachment [Browser Action Test Data - closeCurrentWindow - Actual Value] @26-05-2021 07:06:06.0728 A
[ReportManager] File Action [getAbsolutePath] successfully performed. With the following test data [Relative Folder Path: "target/downloadedFiles/"]. @26-05-2021 07:06:06.0733 AM
[ReportManager] Attempting to run remotely on: [Linux-64], [GoogleChrome], [http://localhost:4444/wd/hub], Headless Execution. @26-05-2021 07:06:06.0733 AM
[ReportManager] Successfully Opened [GoogleChrome]. @26-05-2021 07:06:07.0279 AM
[ReportManager] Target URL: [https://www.google.com/ncr], and after redirection: [https://www.google.com] @26-05-2021 07:06:07.0314 AM
[ReportManager] Initial URL: [data:,] @26-05-2021 07:06:07.0376 AM
[ReportManager] Browser Action [navigateToURL] successfully performed. With the following test data [https://www.google.com/ncr]. @26-05-2021 07:06:09.0213 A

################################################################################################################################################
Starting Execution:	[3 out of 23] test cases in the current suite
Test Method:		[tests.gui.google.D_Search_PageObjectModel_Traditional_DataDriven.searchForQueryAndAssertFirstResultTextIsCorrect]
################################################################################################################################################
[ReportManager] Element Action [type] successfully performed. With the following test data [SHAFT_Engine]. @26-05-2021 07:06:10.0058 AM
[ReportManager] Element Action [keyPress] successfully performed. With the following test data [ENTER]. @26-05-2021 07:06:11.0432 AM
[ReportManager] Element Action [getText] successfully performed. With the following test data [MohabMohie/SHAFT_ENGINE: SHAFT_ENGINE is a ... - GitHub]. @26-05-2021 07:06:11.0542 AM
[ReportManager] Asserting that the correct first result is displayed... @26-05-2021 07:06:11.0544 AM
[ReportManager] AssertEquals PASSED; Expected [MohabMohie] and Actual [MohabMohie/SHAFT_ENGINE: SHAFT_ENGINE is a ... - GitHub]. Comparison Type [CONTAINS]. Validation Type [POSITIVE]. @26-05-2021 07:06:11.0545 A
[ReportManager] Successfully created attachment [Selenium WebDriver Logs - server] @26-05-2021 07:06:11.0784 AM
[ReportManager] Successfully created attachment [Selenium WebDriver Logs - performance] @26-05-2021 07:06:11.0981 AM
[ReportManager] Successfully created attachment [Selenium WebDriver Logs - browser] @26-05-2021 07:06:11.0998 AM
[ReportManager] Successfully created attachment [Selenium WebDriver Logs - driver] @26-05-2021 07:06:12.0304 AM
[ReportManager] Browser Action [closeCurrentWindow] successfully performed. @26-05-2021 07:06:12.0388 AM
[ReportManager] Successfully created attachment [Browser Action Test Data - closeCurrentWindow - Actual Value] @26-05-2021 07:06:12.0398 A
[ReportManager] Successfully loaded the following test data file [src/test/resources/TestDataFiles/Google/SimpleSearch.xlsx]. @26-05-2021 07:06:12.0498 AM
[ReportManager] Successfully created attachment [Test Data - Excel] @26-05-2021 07:06:12.0499 A
[ReportManager] File Action [getAbsolutePath] successfully performed. With the following test data [Relative Folder Path: "target/downloadedFiles/"]. @26-05-2021 07:06:12.0507 AM
[ReportManager] Attempting to run remotely on: [Linux-64], [GoogleChrome], [http://localhost:4444/wd/hub], Headless Execution. @26-05-2021 07:06:12.0508 AM
[ReportManager] Successfully Opened [GoogleChrome]. @26-05-2021 07:06:13.0057 AM
[ReportManager] Target URL: [https://www.google.com/ncr], and after redirection: [https://www.google.com] @26-05-2021 07:06:13.0083 AM
[ReportManager] Initial URL: [data:,] @26-05-2021 07:06:13.0136 AM
[ReportManager] Browser Action [navigateToURL] successfully performed. With the following test data [https://www.google.com/ncr]. @26-05-2021 07:06:15.0046 A

################################################################################################################################################
Starting Execution:	[4 out of 23] test cases in the current suite
Test Method:		[tests.gui.google.F_Search_PageObjectModel_Fluent.navigateToGoogleHomeAndAssertGoogleLogoIsDisplayed]
################################################################################################################################################
[ReportManager] Asserting that the Google logo is displayed... @26-05-2021 07:06:15.0067 AM
[ReportManager] File Action [doesFileExist] successfully performed. With the following test data [File Path: "src/test/resources/DynamicObjectRepository/tests_gui_google_F_Search_PageObjectModel_Fluent_navigateToGoogleHomeAndAssertGoogleLogoIsDisplayed_By_xpath_img_id_hplogo_or_alt_Google.png"]. @26-05-2021 07:06:15.0078 AM
[ReportManager] File Action [getAbsolutePath] successfully performed. With the following test data [Relative Folder Path: "src/test/resources/DynamicObjectRepository/tests_gui_google_F_Search_PageObjectModel_Fluent_navigateToGoogleHomeAndAssertGoogleLogoIsDisplayed_By_xpath_img_id_hplogo_or_alt_Google.png"]. @26-05-2021 07:06:15.0078 AM
[ReportManager] File Action [readFromImageFile] successfully performed. With the following test data [File Path: "/home/runner/work/using_SHAFT_ENGINE/using_SHAFT_ENGINE/src/test/resources/DynamicObjectRepository/tests_gui_google_F_Search_PageObjectModel_Fluent_navigateToGoogleHomeAndAssertGoogleLogoIsDisplayed_By_xpath_img_id_hplogo_or_alt_Google.png"]. @26-05-2021 07:06:15.0078 AM
[ReportManager] AssertElementMatches FAILED; Expected [Element should match the reference screenshot] and Actual [ELEMENT NOT FOUND]. Comparison Type [EXACT_OPENCV]. Validation Type [POSITIVE]. @26-05-2021 07:06:40.0914 AM
[ReportManager] Successfully created attachment [Validation Test Data - Reference Screenshot] @26-05-2021 07:06:40.0915 AM
[ReportManager] Successfully created attachment [Validation Test Data - Actual Screenshot] @26-05-2021 07:06:40.0915 A
[ReportManager] Successfully created attachment [Selenium WebDriver Logs - server] @26-05-2021 07:06:41.0125 AM
[ReportManager] Successfully created attachment [Selenium WebDriver Logs - performance] @26-05-2021 07:06:41.0178 AM
[ReportManager] Successfully created attachment [Selenium WebDriver Logs - browser] @26-05-2021 07:06:41.0188 AM
[ReportManager] Successfully created attachment [Selenium WebDriver Logs - driver] @26-05-2021 07:06:41.0300 AM
[ReportManager] Browser Action [closeCurrentWindow] successfully performed. @26-05-2021 07:06:41.0362 AM
[ReportManager] Successfully created attachment [Browser Action Test Data - closeCurrentWindow - Actual Value] @26-05-2021 07:06:41.0364 A
[ReportManager] File Action [getAbsolutePath] successfully performed. With the following test data [Relative Folder Path: "target/downloadedFiles/"]. @26-05-2021 07:06:41.0369 AM
[ReportManager] Attempting to run remotely on: [Linux-64], [GoogleChrome], [http://localhost:4444/wd/hub], Headless Execution. @26-05-2021 07:06:41.0369 AM
[ReportManager] Successfully Opened [GoogleChrome]. @26-05-2021 07:06:41.0587 AM
[ReportManager] Target URL: [https://www.google.com/ncr], and after redirection: [https://www.google.com] @26-05-2021 07:06:41.0604 AM
[ReportManager] Initial URL: [data:,] @26-05-2021 07:06:41.0673 AM
[ReportManager] Browser Action [navigateToURL] successfully performed. With the following test data [https://www.google.com/ncr]. @26-05-2021 07:06:43.0469 A

################################################################################################################################################
Starting Execution:	[5 out of 23] test cases in the current suite
Test Method:		[tests.gui.google.F_Search_PageObjectModel_Fluent.navigateToGoogleHomeAndAssertPageTitle]
################################################################################################################################################
[ReportManager] Asserting that the page title is Google... @26-05-2021 07:06:43.0471 AM
[ReportManager] Browser Action [getCurrentWindowTitle] successfully performed. With the following test data [Google]. @26-05-2021 07:06:43.0515 AM
[ReportManager] AssertBrowserAttribute PASSED; Expected [Value Should be 'Google' for the 'Title' attribute] and Actual [Google]. Comparison Type [EQUALS]. Validation Type [POSITIVE]. @26-05-2021 07:06:43.0516 A
[ReportManager] Successfully created attachment [Selenium WebDriver Logs - server] @26-05-2021 07:06:43.0707 AM
[ReportManager] Successfully created attachment [Selenium WebDriver Logs - performance] @26-05-2021 07:06:43.0758 AM
[ReportManager] Successfully created attachment [Selenium WebDriver Logs - browser] @26-05-2021 07:06:43.0778 AM
[ReportManager] Successfully created attachment [Selenium WebDriver Logs - driver] @26-05-2021 07:06:43.0868 AM
[ReportManager] Browser Action [closeCurrentWindow] successfully performed. @26-05-2021 07:06:43.0930 AM
[ReportManager] Successfully created attachment [Browser Action Test Data - closeCurrentWindow - Actual Value] @26-05-2021 07:06:43.0933 A
[ReportManager] File Action [getAbsolutePath] successfully performed. With the following test data [Relative Folder Path: "target/downloadedFiles/"]. @26-05-2021 07:06:43.0938 AM
[ReportManager] Attempting to run remotely on: [Linux-64], [GoogleChrome], [http://localhost:4444/wd/hub], Headless Execution. @26-05-2021 07:06:43.0938 AM
[ReportManager] Successfully Opened [GoogleChrome]. @26-05-2021 07:06:44.0203 AM
[ReportManager] Target URL: [https://www.google.com/ncr], and after redirection: [https://www.google.com] @26-05-2021 07:06:44.0228 AM
[ReportManager] Initial URL: [data:,] @26-05-2021 07:06:44.0292 AM
[ReportManager] Browser Action [navigateToURL] successfully performed. With the following test data [https://www.google.com/ncr]. @26-05-2021 07:06:46.0059 A

################################################################################################################################################
Starting Execution:	[6 out of 23] test cases in the current suite
Test Method:		[tests.gui.google.F_Search_PageObjectModel_Fluent.searchForQueryAndAssertFirstResultTextIsCorrect]
################################################################################################################################################
[ReportManager] Element Action [type] successfully performed. With the following test data [SHAFT_Engine]. @26-05-2021 07:06:46.0703 AM
[ReportManager] Element Action [keyPress] successfully performed. With the following test data [ENTER]. @26-05-2021 07:06:47.0975 AM
[ReportManager] Asserting that the correct first result is displayed... @26-05-2021 07:06:47.0976 AM
[ReportManager] Element Action [getText] successfully performed. With the following test data [MohabMohie/SHAFT_ENGINE: SHAFT_ENGINE is a ... - GitHub]. @26-05-2021 07:06:48.0082 AM
[ReportManager] Loaded Shared OpenCV @26-05-2021 07:06:48.0680 AM
[ReportManager] AssertElementAttribute PASSED; Expected [Value Should be 'MohabMohie' for the 'Text' attribute, element locator 'By.xpath: (//h1[contains(text(),'Search Result')]/following-sibling::div//a/h3)[1]'] and Actual [MohabMohie/SHAFT_ENGINE: SHAFT_ENGINE is a ... - GitHub]. Comparison Type [CONTAINS]. Validation Type [POSITIVE]. @26-05-2021 07:06:48.0800 AM
[ReportManager] Successfully created attachment [Screenshot - 1622012808262_searchForQueryAndAssertFirstResultTextIsCorrect_AssertElementAttribute_passed] @26-05-2021 07:06:48.0806 A
[ReportManager] Successfully created attachment [Selenium WebDriver Logs - server] @26-05-2021 07:06:49.0010 AM
[ReportManager] Successfully created attachment [Selenium WebDriver Logs - performance] @26-05-2021 07:06:49.0179 AM
[ReportManager] Successfully created attachment [Selenium WebDriver Logs - browser] @26-05-2021 07:06:49.0189 AM
[ReportManager] Successfully created attachment [Selenium WebDriver Logs - driver] @26-05-2021 07:06:49.0416 AM
[ReportManager] Browser Action [closeCurrentWindow] successfully performed. @26-05-2021 07:06:49.0490 AM
[ReportManager] Successfully created attachment [Browser Action Test Data - closeCurrentWindow - Actual Value] @26-05-2021 07:06:49.0492 A
[ReportManager] Successfully loaded the following test data file [src/test/resources/TestDataFiles/Google/SimpleSearch.xlsx]. @26-05-2021 07:06:49.0557 AM
[ReportManager] Successfully created attachment [Test Data - Excel] @26-05-2021 07:06:49.0558 A
[ReportManager] File Action [getAbsolutePath] successfully performed. With the following test data [Relative Folder Path: "target/downloadedFiles/"]. @26-05-2021 07:06:49.0561 AM
[ReportManager] Attempting to run remotely on: [Linux-64], [GoogleChrome], [http://localhost:4444/wd/hub], Headless Execution. @26-05-2021 07:06:49.0561 AM
[ReportManager] Successfully Opened [GoogleChrome]. @26-05-2021 07:06:49.0805 AM
[ReportManager] Target URL: [https://www.google.com/ncr], and after redirection: [https://www.google.com] @26-05-2021 07:06:49.0830 AM
[ReportManager] Initial URL: [data:,] @26-05-2021 07:06:49.0903 AM
[ReportManager] Browser Action [navigateToURL] successfully performed. With the following test data [https://www.google.com/ncr]. @26-05-2021 07:06:51.0712 A

################################################################################################################################################
Starting Execution:	[7 out of 23] test cases in the current suite
Test Method:		[tests.gui.google.E_Search_PageObjectModel_Traditional_SHAFTAssertions.navigateToGoogleHomeAndAssertGoogleLogoIsDisplayed]
################################################################################################################################################
[ReportManager] Asserting that the Google logo is displayed... @26-05-2021 07:06:51.0717 AM
[ReportManager] File Action [doesFileExist] successfully performed. With the following test data [File Path: "src/test/resources/DynamicObjectRepository/tests_gui_google_E_Search_PageObjectModel_Traditional_SHAFTAssertions_navigateToGoogleHomeAndAssertGoogleLogoIsDisplayed_By_xpath_img_id_hplogo_or_alt_Google.png"]. @26-05-2021 07:06:51.0717 AM
[ReportManager] File Action [getAbsolutePath] successfully performed. With the following test data [Relative Folder Path: "src/test/resources/DynamicObjectRepository/tests_gui_google_E_Search_PageObjectModel_Traditional_SHAFTAssertions_navigateToGoogleHomeAndAssertGoogleLogoIsDisplayed_By_xpath_img_id_hplogo_or_alt_Google.png"]. @26-05-2021 07:06:51.0717 AM
[ReportManager] File Action [readFromImageFile] successfully performed. With the following test data [File Path: "/home/runner/work/using_SHAFT_ENGINE/using_SHAFT_ENGINE/src/test/resources/DynamicObjectRepository/tests_gui_google_E_Search_PageObjectModel_Traditional_SHAFTAssertions_navigateToGoogleHomeAndAssertGoogleLogoIsDisplayed_By_xpath_img_id_hplogo_or_alt_Google.png"]. @26-05-2021 07:06:51.0718 AM
[ReportManager] AssertElementMatches FAILED; Expected [Element should match the reference screenshot] and Actual [ELEMENT NOT FOUND]. Comparison Type [EXACT_OPENCV]. Validation Type [POSITIVE]. @26-05-2021 07:07:17.0451 AM
[ReportManager] Successfully created attachment [Validation Test Data - Reference Screenshot] @26-05-2021 07:07:17.0452 AM
[ReportManager] Successfully created attachment [Validation Test Data - Actual Screenshot] @26-05-2021 07:07:17.0452 A
[ReportManager] Successfully created attachment [Selenium WebDriver Logs - server] @26-05-2021 07:07:17.0658 AM
[ReportManager] Successfully created attachment [Selenium WebDriver Logs - performance] @26-05-2021 07:07:17.0704 AM
[ReportManager] Successfully created attachment [Selenium WebDriver Logs - browser] @26-05-2021 07:07:17.0713 AM
[ReportManager] Successfully created attachment [Selenium WebDriver Logs - driver] @26-05-2021 07:07:17.0813 AM
[ReportManager] Browser Action [closeCurrentWindow] successfully performed. @26-05-2021 07:07:17.0874 AM
[ReportManager] Successfully created attachment [Browser Action Test Data - closeCurrentWindow - Actual Value] @26-05-2021 07:07:17.0878 A
[ReportManager] File Action [getAbsolutePath] successfully performed. With the following test data [Relative Folder Path: "target/downloadedFiles/"]. @26-05-2021 07:07:17.0889 AM
[ReportManager] Attempting to run remotely on: [Linux-64], [GoogleChrome], [http://localhost:4444/wd/hub], Headless Execution. @26-05-2021 07:07:17.0890 AM
[ReportManager] Successfully Opened [GoogleChrome]. @26-05-2021 07:07:18.0139 AM
[ReportManager] Target URL: [https://www.google.com/ncr], and after redirection: [https://www.google.com] @26-05-2021 07:07:18.0158 AM
[ReportManager] Initial URL: [data:,] @26-05-2021 07:07:18.0214 AM
[ReportManager] Browser Action [navigateToURL] successfully performed. With the following test data [https://www.google.com/ncr]. @26-05-2021 07:07:19.0949 A

################################################################################################################################################
Starting Execution:	[8 out of 23] test cases in the current suite
Test Method:		[tests.gui.google.E_Search_PageObjectModel_Traditional_SHAFTAssertions.navigateToGoogleHomeAndAssertPageTitle]
################################################################################################################################################
[ReportManager] Asserting that the page title is Google... @26-05-2021 07:07:19.0957 AM
[ReportManager] Browser Action [getCurrentWindowTitle] successfully performed. With the following test data [Google]. @26-05-2021 07:07:19.0991 AM
[ReportManager] AssertBrowserAttribute PASSED; Expected [Value Should be 'Google' for the 'Title' attribute] and Actual [Google]. Comparison Type [EQUALS]. Validation Type [POSITIVE]. @26-05-2021 07:07:19.0992 A
[ReportManager] Successfully created attachment [Selenium WebDriver Logs - server] @26-05-2021 07:07:20.0182 AM
[ReportManager] Successfully created attachment [Selenium WebDriver Logs - performance] @26-05-2021 07:07:20.0225 AM
[ReportManager] Successfully created attachment [Selenium WebDriver Logs - browser] @26-05-2021 07:07:20.0233 AM
[ReportManager] Successfully created attachment [Selenium WebDriver Logs - driver] @26-05-2021 07:07:20.0310 AM
[ReportManager] Browser Action [closeCurrentWindow] successfully performed. @26-05-2021 07:07:20.0368 AM
[ReportManager] Successfully created attachment [Browser Action Test Data - closeCurrentWindow - Actual Value] @26-05-2021 07:07:20.0371 A
[ReportManager] File Action [getAbsolutePath] successfully performed. With the following test data [Relative Folder Path: "target/downloadedFiles/"]. @26-05-2021 07:07:20.0381 AM
[ReportManager] Attempting to run remotely on: [Linux-64], [GoogleChrome], [http://localhost:4444/wd/hub], Headless Execution. @26-05-2021 07:07:20.0381 AM
[ReportManager] Successfully Opened [GoogleChrome]. @26-05-2021 07:07:20.0608 AM
[ReportManager] Target URL: [https://www.google.com/ncr], and after redirection: [https://www.google.com] @26-05-2021 07:07:20.0631 AM
[ReportManager] Initial URL: [data:,] @26-05-2021 07:07:20.0696 AM
[ReportManager] Browser Action [navigateToURL] successfully performed. With the following test data [https://www.google.com/ncr]. @26-05-2021 07:07:22.0385 A

################################################################################################################################################
Starting Execution:	[9 out of 23] test cases in the current suite
Test Method:		[tests.gui.google.E_Search_PageObjectModel_Traditional_SHAFTAssertions.searchForQueryAndAssertFirstResultTextIsCorrect]
################################################################################################################################################
[ReportManager] Element Action [type] successfully performed. With the following test data [SHAFT_Engine]. @26-05-2021 07:07:23.0035 AM
[ReportManager] Element Action [keyPress] successfully performed. With the following test data [ENTER]. @26-05-2021 07:07:24.0296 AM
[ReportManager] Asserting that the correct first result is displayed... @26-05-2021 07:07:24.0297 AM
[ReportManager] Element Action [getText] successfully performed. With the following test data [MohabMohie/SHAFT_ENGINE: SHAFT_ENGINE is a ... - GitHub]. @26-05-2021 07:07:24.0388 AM
[ReportManager] Loaded Shared OpenCV @26-05-2021 07:07:24.0565 AM
[ReportManager] AssertElementAttribute PASSED; Expected [Value Should be 'MohabMohie' for the 'Text' attribute, element locator 'By.xpath: (//h1[contains(text(),'Search Result')]/following-sibling::div//a/h3)[1]'] and Actual [MohabMohie/SHAFT_ENGINE: SHAFT_ENGINE is a ... - GitHub]. Comparison Type [CONTAINS]. Validation Type [POSITIVE]. @26-05-2021 07:07:24.0627 AM
[ReportManager] Successfully created attachment [Screenshot - 1622012844565_searchForQueryAndAssertFirstResultTextIsCorrect_AssertElementAttribute_passed] @26-05-2021 07:07:24.0629 A
[ReportManager] Successfully created attachment [Selenium WebDriver Logs - server] @26-05-2021 07:07:24.0819 AM
[ReportManager] Successfully created attachment [Selenium WebDriver Logs - performance] @26-05-2021 07:07:24.0974 AM
[ReportManager] Successfully created attachment [Selenium WebDriver Logs - browser] @26-05-2021 07:07:24.0985 AM
[ReportManager] Successfully created attachment [Selenium WebDriver Logs - driver] @26-05-2021 07:07:25.0198 AM
[ReportManager] Browser Action [closeCurrentWindow] successfully performed. @26-05-2021 07:07:25.0258 AM
[ReportManager] Successfully created attachment [Browser Action Test Data - closeCurrentWindow - Actual Value] @26-05-2021 07:07:25.0260 A
[ReportManager] File Action [getAbsolutePath] successfully performed. With the following test data [Relative Folder Path: "target/downloadedFiles/"]. @26-05-2021 07:07:25.0269 AM
[ReportManager] Attempting to run remotely on: [Linux-64], [GoogleChrome], [http://localhost:4444/wd/hub], Headless Execution. @26-05-2021 07:07:25.0270 AM
[ReportManager] Successfully Opened [GoogleChrome]. @26-05-2021 07:07:25.0492 AM
[ReportManager] Target URL: [https://www.google.com/ncr], and after redirection: [https://www.google.com] @26-05-2021 07:07:25.0509 AM
[ReportManager] Initial URL: [data:,] @26-05-2021 07:07:25.0564 AM
[ReportManager] Browser Action [navigateToURL] successfully performed. With the following test data [https://www.google.com/ncr]. @26-05-2021 07:07:27.0280 A

################################################################################################################################################
Starting Execution:	[10 out of 23] test cases in the current suite
Test Method:		[tests.gui.google.C_Search_PageObjectModel_Traditional.navigateToGoogleHomeAndAssertGoogleLogoIsDisplayed]
################################################################################################################################################
[ReportManager] Element Action [identifyUniqueElement] failed. With the following test data [zero elements found matching this locator "By.xpath: //img[@id='hplogo' or @alt='Google']".]. @26-05-2021 07:07:52.0883 AM
[ReportManager] Successfully created attachment [Screenshot - 1622012872835_navigateToGoogleHomeAndAssertGoogleLogoIsDisplayed_identifyUniqueElement_failed] @26-05-2021 07:07:52.0884 A
[ReportManager] Successfully created attachment [Selenium WebDriver Logs - server] @26-05-2021 07:07:53.0079 AM
[ReportManager] Successfully created attachment [Selenium WebDriver Logs - performance] @26-05-2021 07:07:53.0127 AM
[ReportManager] Successfully created attachment [Selenium WebDriver Logs - browser] @26-05-2021 07:07:53.0135 AM
[ReportManager] Successfully created attachment [Selenium WebDriver Logs - driver] @26-05-2021 07:07:53.0227 AM
[ReportManager] Browser Action [closeCurrentWindow] successfully performed. @26-05-2021 07:07:53.0285 AM
[ReportManager] Successfully created attachment [Browser Action Test Data - closeCurrentWindow - Actual Value] @26-05-2021 07:07:53.0288 A
[ReportManager] File Action [getAbsolutePath] successfully performed. With the following test data [Relative Folder Path: "target/downloadedFiles/"]. @26-05-2021 07:07:53.0294 AM
[ReportManager] Attempting to run remotely on: [Linux-64], [GoogleChrome], [http://localhost:4444/wd/hub], Headless Execution. @26-05-2021 07:07:53.0294 AM
[ReportManager] Successfully Opened [GoogleChrome]. @26-05-2021 07:07:53.0518 AM
[ReportManager] Target URL: [https://www.google.com/ncr], and after redirection: [https://www.google.com] @26-05-2021 07:07:53.0532 AM
[ReportManager] Initial URL: [data:,] @26-05-2021 07:07:53.0580 AM
[ReportManager] Browser Action [navigateToURL] successfully performed. With the following test data [https://www.google.com/ncr]. @26-05-2021 07:07:55.0281 A

################################################################################################################################################
Starting Execution:	[11 out of 23] test cases in the current suite
Test Method:		[tests.gui.google.C_Search_PageObjectModel_Traditional.navigateToGoogleHomeAndAssertPageTitle]
################################################################################################################################################
[ReportManager] Browser Action [getCurrentWindowTitle] successfully performed. With the following test data [Google]. @26-05-2021 07:07:55.0323 AM
[ReportManager] Asserting that the page title is Google... @26-05-2021 07:07:55.0323 AM
[ReportManager] AssertEquals PASSED; Expected [Google] and Actual [Google]. Comparison Type [EQUALS]. Validation Type [POSITIVE]. @26-05-2021 07:07:55.0324 A
[ReportManager] Successfully created attachment [Selenium WebDriver Logs - server] @26-05-2021 07:07:55.0532 AM
[ReportManager] Successfully created attachment [Selenium WebDriver Logs - performance] @26-05-2021 07:07:55.0575 AM
[ReportManager] Successfully created attachment [Selenium WebDriver Logs - browser] @26-05-2021 07:07:55.0593 AM
[ReportManager] Successfully created attachment [Selenium WebDriver Logs - driver] @26-05-2021 07:07:55.0671 AM
[ReportManager] Browser Action [closeCurrentWindow] successfully performed. @26-05-2021 07:07:55.0729 AM
[ReportManager] Successfully created attachment [Browser Action Test Data - closeCurrentWindow - Actual Value] @26-05-2021 07:07:55.0731 A
[ReportManager] File Action [getAbsolutePath] successfully performed. With the following test data [Relative Folder Path: "target/downloadedFiles/"]. @26-05-2021 07:07:55.0735 AM
[ReportManager] Attempting to run remotely on: [Linux-64], [GoogleChrome], [http://localhost:4444/wd/hub], Headless Execution. @26-05-2021 07:07:55.0735 AM
[ReportManager] Successfully Opened [GoogleChrome]. @26-05-2021 07:07:55.0952 AM
[ReportManager] Target URL: [https://www.google.com/ncr], and after redirection: [https://www.google.com] @26-05-2021 07:07:55.0967 AM
[ReportManager] Initial URL: [data:,] @26-05-2021 07:07:56.0019 AM
[ReportManager] Browser Action [navigateToURL] successfully performed. With the following test data [https://www.google.com/ncr]. @26-05-2021 07:07:57.0749 A

################################################################################################################################################
Starting Execution:	[12 out of 23] test cases in the current suite
Test Method:		[tests.gui.google.C_Search_PageObjectModel_Traditional.searchForQueryAndAssertFirstResultTextIsCorrect]
################################################################################################################################################
[ReportManager] Element Action [type] successfully performed. With the following test data [SHAFT_Engine]. @26-05-2021 07:07:58.0399 AM
[ReportManager] Element Action [keyPress] successfully performed. With the following test data [ENTER]. @26-05-2021 07:07:59.0654 AM
[ReportManager] Element Action [getText] successfully performed. With the following test data [MohabMohie/SHAFT_ENGINE: SHAFT_ENGINE is a ... - GitHub]. @26-05-2021 07:07:59.0735 AM
[ReportManager] Asserting that the correct first result is displayed... @26-05-2021 07:07:59.0735 AM
[ReportManager] AssertEquals PASSED; Expected [MohabMohie] and Actual [MohabMohie/SHAFT_ENGINE: SHAFT_ENGINE is a ... - GitHub]. Comparison Type [CONTAINS]. Validation Type [POSITIVE]. @26-05-2021 07:07:59.0735 A
[ReportManager] Successfully created attachment [Selenium WebDriver Logs - server] @26-05-2021 07:07:59.0921 AM
[ReportManager] Successfully created attachment [Selenium WebDriver Logs - performance] @26-05-2021 07:08:00.0106 AM
[ReportManager] Successfully created attachment [Selenium WebDriver Logs - browser] @26-05-2021 07:08:00.0115 AM
[ReportManager] Successfully created attachment [Selenium WebDriver Logs - driver] @26-05-2021 07:08:00.0343 AM
[ReportManager] Browser Action [closeCurrentWindow] successfully performed. @26-05-2021 07:08:00.0404 AM
[ReportManager] Successfully created attachment [Browser Action Test Data - closeCurrentWindow - Actual Value] @26-05-2021 07:08:00.0406 A
[ReportManager] File Action [getAbsolutePath] successfully performed. With the following test data [Relative Folder Path: "target/downloadedFiles/"]. @26-05-2021 07:08:00.0411 AM
[ReportManager] Attempting to run remotely on: [Linux-64], [GoogleChrome], [http://localhost:4444/wd/hub], Headless Execution. @26-05-2021 07:08:00.0412 AM
[ReportManager] Successfully Opened [GoogleChrome]. @26-05-2021 07:08:00.0657 AM
[ReportManager] Target URL: [https://www.google.com/ncr], and after redirection: [https://www.google.com] @26-05-2021 07:08:00.0670 AM
[ReportManager] Initial URL: [data:,] @26-05-2021 07:08:00.0716 AM
[ReportManager] Browser Action [navigateToURL] successfully performed. With the following test data [https://www.google.com/ncr]. @26-05-2021 07:08:02.0398 A

################################################################################################################################################
Starting Execution:	[13 out of 23] test cases in the current suite
Test Method:		[tests.gui.google.B_Search_FlatTest_SHAFT.navigateToGoogleHomeAndAssertGoogleLogoIsDisplayed]
################################################################################################################################################
[ReportManager] Asserting that the Google logo is displayed... @26-05-2021 07:08:02.0402 AM
[ReportManager] File Action [doesFileExist] successfully performed. With the following test data [File Path: "src/test/resources/DynamicObjectRepository/tests_gui_google_B_Search_FlatTest_SHAFT_navigateToGoogleHomeAndAssertGoogleLogoIsDisplayed_By_xpath_img_id_hplogo_or_alt_Google.png"]. @26-05-2021 07:08:02.0405 AM
[ReportManager] File Action [getAbsolutePath] successfully performed. With the following test data [Relative Folder Path: "src/test/resources/DynamicObjectRepository/tests_gui_google_B_Search_FlatTest_SHAFT_navigateToGoogleHomeAndAssertGoogleLogoIsDisplayed_By_xpath_img_id_hplogo_or_alt_Google.png"]. @26-05-2021 07:08:02.0406 AM
[ReportManager] File Action [readFromImageFile] successfully performed. With the following test data [File Path: "/home/runner/work/using_SHAFT_ENGINE/using_SHAFT_ENGINE/src/test/resources/DynamicObjectRepository/tests_gui_google_B_Search_FlatTest_SHAFT_navigateToGoogleHomeAndAssertGoogleLogoIsDisplayed_By_xpath_img_id_hplogo_or_alt_Google.png"]. @26-05-2021 07:08:02.0407 AM
[ReportManager] AssertElementMatches FAILED; Expected [Element should match the reference screenshot] and Actual [ELEMENT NOT FOUND]. Comparison Type [EXACT_OPENCV]. Validation Type [POSITIVE]. @26-05-2021 07:08:28.0098 AM
[ReportManager] Successfully created attachment [Validation Test Data - Reference Screenshot] @26-05-2021 07:08:28.0098 AM
[ReportManager] Successfully created attachment [Validation Test Data - Actual Screenshot] @26-05-2021 07:08:28.0099 A
[ReportManager] Successfully created attachment [Selenium WebDriver Logs - server] @26-05-2021 07:08:28.0281 AM
[ReportManager] Successfully created attachment [Selenium WebDriver Logs - performance] @26-05-2021 07:08:28.0326 AM
[ReportManager] Successfully created attachment [Selenium WebDriver Logs - browser] @26-05-2021 07:08:28.0341 AM
[ReportManager] Successfully created attachment [Selenium WebDriver Logs - driver] @26-05-2021 07:08:28.0438 AM
[ReportManager] Browser Action [closeCurrentWindow] successfully performed. @26-05-2021 07:08:28.0497 AM
[ReportManager] Successfully created attachment [Browser Action Test Data - closeCurrentWindow - Actual Value] @26-05-2021 07:08:28.0499 A
[ReportManager] File Action [getAbsolutePath] successfully performed. With the following test data [Relative Folder Path: "target/downloadedFiles/"]. @26-05-2021 07:08:28.0503 AM
[ReportManager] Attempting to run remotely on: [Linux-64], [GoogleChrome], [http://localhost:4444/wd/hub], Headless Execution. @26-05-2021 07:08:28.0503 AM
[ReportManager] Successfully Opened [GoogleChrome]. @26-05-2021 07:08:28.0719 AM
[ReportManager] Target URL: [https://www.google.com/ncr], and after redirection: [https://www.google.com] @26-05-2021 07:08:28.0732 AM
[ReportManager] Initial URL: [data:,] @26-05-2021 07:08:28.0776 AM
[ReportManager] Browser Action [navigateToURL] successfully performed. With the following test data [https://www.google.com/ncr]. @26-05-2021 07:08:30.0454 A

################################################################################################################################################
Starting Execution:	[14 out of 23] test cases in the current suite
Test Method:		[tests.gui.google.B_Search_FlatTest_SHAFT.navigateToGoogleHomeAndAssertPageTitle]
################################################################################################################################################
[ReportManager] Asserting that the page title is Google... @26-05-2021 07:08:30.0463 AM
[ReportManager] Browser Action [getCurrentWindowTitle] successfully performed. With the following test data [Google]. @26-05-2021 07:08:30.0500 AM
[ReportManager] AssertBrowserAttribute PASSED; Expected [Value Should be 'Google' for the 'Title' attribute] and Actual [Google]. Comparison Type [EQUALS]. Validation Type [POSITIVE]. @26-05-2021 07:08:30.0501 A
[ReportManager] Successfully created attachment [Selenium WebDriver Logs - server] @26-05-2021 07:08:30.0696 AM
[ReportManager] Successfully created attachment [Selenium WebDriver Logs - performance] @26-05-2021 07:08:30.0741 AM
[ReportManager] Successfully created attachment [Selenium WebDriver Logs - browser] @26-05-2021 07:08:30.0750 AM
[ReportManager] Successfully created attachment [Selenium WebDriver Logs - driver] @26-05-2021 07:08:30.0825 AM
[ReportManager] Browser Action [closeCurrentWindow] successfully performed. @26-05-2021 07:08:30.0882 AM
[ReportManager] Successfully created attachment [Browser Action Test Data - closeCurrentWindow - Actual Value] @26-05-2021 07:08:30.0885 A
[ReportManager] File Action [getAbsolutePath] successfully performed. With the following test data [Relative Folder Path: "target/downloadedFiles/"]. @26-05-2021 07:08:30.0889 AM
[ReportManager] Attempting to run remotely on: [Linux-64], [GoogleChrome], [http://localhost:4444/wd/hub], Headless Execution. @26-05-2021 07:08:30.0889 AM
[ReportManager] Successfully Opened [GoogleChrome]. @26-05-2021 07:08:31.0103 AM
[ReportManager] Target URL: [https://www.google.com/ncr], and after redirection: [https://www.google.com] @26-05-2021 07:08:31.0118 AM
[ReportManager] Initial URL: [data:,] @26-05-2021 07:08:31.0157 AM
[ReportManager] Browser Action [navigateToURL] successfully performed. With the following test data [https://www.google.com/ncr]. @26-05-2021 07:08:32.0839 A

################################################################################################################################################
Starting Execution:	[15 out of 23] test cases in the current suite
Test Method:		[tests.gui.google.B_Search_FlatTest_SHAFT.searchForQueryAndAssertFirstResultTextIsCorrect]
################################################################################################################################################
[ReportManager] Element Action [type] successfully performed. With the following test data [SHAFT_Engine]. @26-05-2021 07:08:33.0476 AM
[ReportManager] Element Action [keyPress] successfully performed. With the following test data [ENTER]. @26-05-2021 07:08:35.0106 AM
[ReportManager] Asserting that the correct first result is displayed... @26-05-2021 07:08:35.0106 AM
[ReportManager] Element Action [getText] successfully performed. With the following test data [MohabMohie/SHAFT_ENGINE: SHAFT_ENGINE is a ... - GitHub]. @26-05-2021 07:08:35.0210 AM
[ReportManager] Loaded Shared OpenCV @26-05-2021 07:08:35.0391 AM
[ReportManager] AssertElementAttribute PASSED; Expected [Value Should be 'MohabMohie' for the 'Text' attribute, element locator 'By.xpath: (//h1[contains(text(),'Search Result')]/following-sibling::div//a/h3)[1]'] and Actual [MohabMohie/SHAFT_ENGINE: SHAFT_ENGINE is a ... - GitHub]. Comparison Type [CONTAINS]. Validation Type [POSITIVE]. @26-05-2021 07:08:35.0456 AM
[ReportManager] Successfully created attachment [Screenshot - 1622012915391_searchForQueryAndAssertFirstResultTextIsCorrect_AssertElementAttribute_passed] @26-05-2021 07:08:35.0457 A
[ReportManager] Successfully created attachment [Selenium WebDriver Logs - server] @26-05-2021 07:08:35.0641 AM
[ReportManager] Successfully created attachment [Selenium WebDriver Logs - performance] @26-05-2021 07:08:35.0819 AM
[ReportManager] Successfully created attachment [Selenium WebDriver Logs - browser] @26-05-2021 07:08:35.0829 AM
[ReportManager] Successfully created attachment [Selenium WebDriver Logs - driver] @26-05-2021 07:08:36.0077 AM
[ReportManager] Browser Action [closeCurrentWindow] successfully performed. @26-05-2021 07:08:36.0136 AM
[ReportManager] Successfully created attachment [Browser Action Test Data - closeCurrentWindow - Actual Value] @26-05-2021 07:08:36.0139 A



################################################################################################################################################
Starting Execution:	[16 out of 23] test cases in the current suite
Test Method:		[tests.gui.google.A_Search_FlatTest_NativeSeleniumWebDriver.navigateToGoogleHomeAndAssertGoogleLogoIsDisplayed]
###############################################################################################################################################



################################################################################################################################################
Starting Execution:	[17 out of 23] test cases in the current suite
Test Method:		[tests.gui.google.A_Search_FlatTest_NativeSeleniumWebDriver.navigateToGoogleHomeAndAssertPageTitle]
###############################################################################################################################################



################################################################################################################################################
Starting Execution:	[18 out of 23] test cases in the current suite
Test Method:		[tests.gui.google.A_Search_FlatTest_NativeSeleniumWebDriver.searchForQueryAndAssertFirstResultTextIsCorrect]
###############################################################################################################################################

[ReportManager] Successfully loaded the following test data file [src/test/resources/TestDataFiles/Google/SimpleSearch.xlsx]. @26-05-2021 07:08:38.0019 AM
[ReportManager] Successfully created attachment [Test Data - Excel] @26-05-2021 07:08:38.0019 A
[ReportManager] File Action [getAbsolutePath] successfully performed. With the following test data [Relative Folder Path: "target/downloadedFiles/"]. @26-05-2021 07:08:38.0020 AM
[ReportManager] Attempting to run remotely on: [Linux-64], [GoogleChrome], [http://localhost:4444/wd/hub], Headless Execution. @26-05-2021 07:08:38.0021 AM
[ReportManager] Successfully Opened [GoogleChrome]. @26-05-2021 07:08:38.0298 AM
[ReportManager] Target URL: [https://www.google.com/ncr], and after redirection: [https://www.google.com] @26-05-2021 07:08:38.0310 AM
[ReportManager] Initial URL: [data:,] @26-05-2021 07:08:38.0370 AM
[ReportManager] Browser Action [navigateToURL] successfully performed. With the following test data [https://www.google.com/ncr]. @26-05-2021 07:08:40.0143 A

################################################################################################################################################
Starting Execution:	[19 out of 23] test cases in the current suite
Test Method:		[tests.gui.google.G_Search_PageObjectModel_ThreadSafe.navigateToGoogleHomeAndAssertGoogleLogoIsDisplayed]
################################################################################################################################################
[ReportManager] Asserting that the Google logo is displayed... @26-05-2021 07:08:40.0149 AM
[ReportManager] File Action [doesFileExist] successfully performed. With the following test data [File Path: "src/test/resources/DynamicObjectRepository/tests_gui_google_G_Search_PageObjectModel_ThreadSafe_navigateToGoogleHomeAndAssertGoogleLogoIsDisplayed_By_xpath_img_id_hplogo_or_alt_Google.png"]. @26-05-2021 07:08:40.0149 AM
[ReportManager] File Action [getAbsolutePath] successfully performed. With the following test data [Relative Folder Path: "src/test/resources/DynamicObjectRepository/tests_gui_google_G_Search_PageObjectModel_ThreadSafe_navigateToGoogleHomeAndAssertGoogleLogoIsDisplayed_By_xpath_img_id_hplogo_or_alt_Google.png"]. @26-05-2021 07:08:40.0149 AM
[ReportManager] File Action [readFromImageFile] successfully performed. With the following test data [File Path: "/home/runner/work/using_SHAFT_ENGINE/using_SHAFT_ENGINE/src/test/resources/DynamicObjectRepository/tests_gui_google_G_Search_PageObjectModel_ThreadSafe_navigateToGoogleHomeAndAssertGoogleLogoIsDisplayed_By_xpath_img_id_hplogo_or_alt_Google.png"]. @26-05-2021 07:08:40.0149 AM
[ReportManager] AssertElementMatches FAILED; Expected [Element should match the reference screenshot] and Actual [ELEMENT NOT FOUND]. Comparison Type [EXACT_OPENCV]. Validation Type [POSITIVE]. @26-05-2021 07:09:05.0863 AM
[ReportManager] Successfully created attachment [Validation Test Data - Reference Screenshot] @26-05-2021 07:09:05.0864 AM
[ReportManager] Successfully created attachment [Validation Test Data - Actual Screenshot] @26-05-2021 07:09:05.0864 A
[ReportManager] Successfully created attachment [Selenium WebDriver Logs - server] @26-05-2021 07:09:06.0052 AM
[ReportManager] Successfully created attachment [Selenium WebDriver Logs - performance] @26-05-2021 07:09:06.0125 AM
[ReportManager] Successfully created attachment [Selenium WebDriver Logs - browser] @26-05-2021 07:09:06.0139 AM
[ReportManager] Successfully created attachment [Selenium WebDriver Logs - driver] @26-05-2021 07:09:06.0260 AM
[ReportManager] Browser Action [closeCurrentWindow] successfully performed. @26-05-2021 07:09:06.0334 AM
[ReportManager] Successfully created attachment [Browser Action Test Data - closeCurrentWindow - Actual Value] @26-05-2021 07:09:06.0337 A
[ReportManager] File Action [getAbsolutePath] successfully performed. With the following test data [Relative Folder Path: "target/downloadedFiles/"]. @26-05-2021 07:09:06.0344 AM
[ReportManager] Attempting to run remotely on: [Linux-64], [GoogleChrome], [http://localhost:4444/wd/hub], Headless Execution. @26-05-2021 07:09:06.0344 AM
[ReportManager] Successfully Opened [GoogleChrome]. @26-05-2021 07:09:06.0587 AM
[ReportManager] Target URL: [https://www.google.com/ncr], and after redirection: [https://www.google.com] @26-05-2021 07:09:06.0604 AM
[ReportManager] Initial URL: [data:,] @26-05-2021 07:09:06.0649 AM
[ReportManager] Browser Action [navigateToURL] successfully performed. With the following test data [https://www.google.com/ncr]. @26-05-2021 07:09:08.0365 A

################################################################################################################################################
Starting Execution:	[20 out of 23] test cases in the current suite
Test Method:		[tests.gui.google.G_Search_PageObjectModel_ThreadSafe.navigateToGoogleHomeAndAssertPageTitle]
################################################################################################################################################
[ReportManager] Asserting that the page title is Google... @26-05-2021 07:09:08.0368 AM
[ReportManager] Browser Action [getCurrentWindowTitle] successfully performed. With the following test data [Google]. @26-05-2021 07:09:08.0397 AM
[ReportManager] AssertBrowserAttribute PASSED; Expected [Value Should be 'Google' for the 'Title' attribute] and Actual [Google]. Comparison Type [EQUALS]. Validation Type [POSITIVE]. @26-05-2021 07:09:08.0397 A
[ReportManager] Successfully created attachment [Selenium WebDriver Logs - server] @26-05-2021 07:09:08.0582 AM
[ReportManager] Successfully created attachment [Selenium WebDriver Logs - performance] @26-05-2021 07:09:08.0625 AM
[ReportManager] Successfully created attachment [Selenium WebDriver Logs - browser] @26-05-2021 07:09:08.0640 AM
[ReportManager] Successfully created attachment [Selenium WebDriver Logs - driver] @26-05-2021 07:09:08.0734 AM
[ReportManager] Browser Action [closeCurrentWindow] successfully performed. @26-05-2021 07:09:08.0797 AM
[ReportManager] Successfully created attachment [Browser Action Test Data - closeCurrentWindow - Actual Value] @26-05-2021 07:09:08.0800 A
[ReportManager] File Action [getAbsolutePath] successfully performed. With the following test data [Relative Folder Path: "target/downloadedFiles/"]. @26-05-2021 07:09:08.0805 AM
[ReportManager] Attempting to run remotely on: [Linux-64], [GoogleChrome], [http://localhost:4444/wd/hub], Headless Execution. @26-05-2021 07:09:08.0805 AM
[ReportManager] Successfully Opened [GoogleChrome]. @26-05-2021 07:09:09.0040 AM
[ReportManager] Target URL: [https://www.google.com/ncr], and after redirection: [https://www.google.com] @26-05-2021 07:09:09.0060 AM
[ReportManager] Initial URL: [data:,] @26-05-2021 07:09:09.0110 AM
[ReportManager] Browser Action [navigateToURL] successfully performed. With the following test data [https://www.google.com/ncr]. @26-05-2021 07:09:10.0889 A

################################################################################################################################################
Starting Execution:	[21 out of 23] test cases in the current suite
Test Method:		[tests.gui.google.G_Search_PageObjectModel_ThreadSafe.searchForQueryAndAssertFirstResultTextIsCorrect]
################################################################################################################################################
[ReportManager] Element Action [type] successfully performed. With the following test data [SHAFT_Engine]. @26-05-2021 07:09:11.0498 AM
[ReportManager] Element Action [keyPress] successfully performed. With the following test data [ENTER]. @26-05-2021 07:09:12.0729 AM
[ReportManager] Asserting that the correct first result is displayed... @26-05-2021 07:09:12.0731 AM
[ReportManager] Element Action [getText] successfully performed. With the following test data [MohabMohie/SHAFT_ENGINE: SHAFT_ENGINE is a ... - GitHub]. @26-05-2021 07:09:12.0820 AM
[ReportManager] Loaded Shared OpenCV @26-05-2021 07:09:12.0986 AM
[ReportManager] AssertElementAttribute PASSED; Expected [Value Should be 'MohabMohie' for the 'Text' attribute, element locator 'By.xpath: (//h1[contains(text(),'Search Result')]/following-sibling::div//a/h3)[1]'] and Actual [MohabMohie/SHAFT_ENGINE: SHAFT_ENGINE is a ... - GitHub]. Comparison Type [CONTAINS]. Validation Type [POSITIVE]. @26-05-2021 07:09:13.0059 AM
[ReportManager] Successfully created attachment [Screenshot - 1622012952986_searchForQueryAndAssertFirstResultTextIsCorrect_AssertElementAttribute_passed] @26-05-2021 07:09:13.0060 A
[ReportManager] Successfully created attachment [Selenium WebDriver Logs - server] @26-05-2021 07:09:13.0196 AM
[ReportManager] Successfully created attachment [Selenium WebDriver Logs - performance] @26-05-2021 07:09:13.0360 AM
[ReportManager] Successfully created attachment [Selenium WebDriver Logs - browser] @26-05-2021 07:09:13.0368 AM
[ReportManager] Successfully created attachment [Selenium WebDriver Logs - driver] @26-05-2021 07:09:13.0591 AM
[ReportManager] Browser Action [closeCurrentWindow] successfully performed. @26-05-2021 07:09:13.0652 AM
[ReportManager] Successfully created attachment [Browser Action Test Data - closeCurrentWindow - Actual Value] @26-05-2021 07:09:13.0654 A

################################################################################################################################################
Starting Execution:	[22 out of 23] test cases in the current suite
Test Method:		[tests.api.users.UserData.validateUserEmail]
################################################################################################################################################
[ReportManager] Response status code: [200], status line: [HTTP/1.1 200 OK] @26-05-2021 07:09:15.0555 AM
[ReportManager] Evaluating the actual response status code against the expected one...... @26-05-2021 07:09:15.0555 AM
[ReportManager] AssertEquals PASSED; Expected [200] and Actual [200]. Comparison Type [EQUALS]. Validation Type [POSITIVE]. @26-05-2021 07:09:15.0556 AM
[ReportManager] API Action [performRequest] successfully performed. With the following test data [Request Type: "GET" | Target Status Code: "200" | Service URL: "https://jsonplaceholder.typicode.com/users" | Content Type: "*/*" | Response Time: "485ms"]. @26-05-2021 07:09:16.0493 AM
[ReportManager] Successfully created attachment [API Response - JSON Body] @26-05-2021 07:09:16.0687 AM
[ReportManager] AssertEquals PASSED; Expected and Actual values are attached. Comparison Type [CONTAINS]. Validation Type [POSITIVE]. @26-05-2021 07:09:16.0687 AM
[ReportManager] Successfully created attachment [Validation Test Data - Expected Value] @26-05-2021 07:09:16.0688 AM
[ReportManager] Successfully created attachment [Validation Test Data - Actual Value] @26-05-2021 07:09:16.0688 AM
[ReportManager] API Action [getResponseJSONValueAsList] successfully performed. With the following test data [$]. @26-05-2021 07:09:16.0696 AM
[ReportManager] API Action [getResponseJSONValue] successfully performed. With the following test data [name]. @26-05-2021 07:09:16.0715 AM
[ReportManager] API Action [getResponseJSONValue] successfully performed. With the following test data [email]. @26-05-2021 07:09:16.0726 AM
[ReportManager] AssertEquals PASSED; Expected [Sincere@april.biz] and Actual [Sincere@april.biz]. Comparison Type [EQUALS]. Validation Type [POSITIVE]. @26-05-2021 07:09:16.0726 AM
[ReportManager] API Action [getResponseJSONValue] successfully performed. With the following test data [name]. @26-05-2021 07:09:16.0736 AM
[ReportManager] API Action [getResponseJSONValue] successfully performed. With the following test data [name]. @26-05-2021 07:09:16.0746 AM
[ReportManager] API Action [getResponseJSONValue] successfully performed. With the following test data [name]. @26-05-2021 07:09:16.0755 AM
[ReportManager] API Action [getResponseJSONValue] successfully performed. With the following test data [name]. @26-05-2021 07:09:16.0764 AM
[ReportManager] API Action [getResponseJSONValue] successfully performed. With the following test data [name]. @26-05-2021 07:09:16.0773 AM
[ReportManager] API Action [getResponseJSONValue] successfully performed. With the following test data [name]. @26-05-2021 07:09:16.0781 AM
[ReportManager] API Action [getResponseJSONValue] successfully performed. With the following test data [name]. @26-05-2021 07:09:16.0790 AM
[ReportManager] API Action [getResponseJSONValue] successfully performed. With the following test data [name]. @26-05-2021 07:09:16.0798 AM
[ReportManager] API Action [getResponseJSONValue] successfully performed. With the following test data [name]. @26-05-2021 07:09:16.0807 A

################################################################################################################################################
Starting Execution:	[23 out of 23] test cases in the current suite
Test Method:		[tests.cli.demo.cliTest.sampleTestCase]
################################################################################################################################################
[ReportManager] Attempting to perform the following command locally. Command: [ls] @26-05-2021 07:09:16.0826 AM
[ReportManager] Terminal Action [performTerminalCommands] successfully performed. With the following test data [Host Name: "localHost" | Command: "ls" | Exit Status: "0"]. @26-05-2021 07:09:16.0835 AM
[ReportManager] Successfully created attachment [Terminal Action Actual Result - Command Log] @26-05-2021 07:09:16.0835 AM
[ReportManager] Demoing local terminal actions... @26-05-2021 07:09:16.0835 AM
[ReportManager] AssertEquals PASSED; Expected [pom.xml] and Actual [LICENSE
README.md
allure-results
docker-compose_native.yml
docker-compose_zalenium.yml
extent-reports
pom.xml
src
target]. Comparison Type [CONTAINS]. Validation Type [POSITIVE]. @26-05-2021 07:09:16.0835 A

################################################################################################################################################
Test Closure Activities
################################################################################################################################################
[ReportManager] Successfully created attachment [SHAFT Engine Logs - Execution log] @26-05-2021 07:09:16.0855 AM

################################################################################################################################################
This test run was powered by SHAFT Engine Version: [SHAFT Engine v5.3.20210519]
SHAFT Engine is licensed under the MIT License: [https://github.com/MohabMohie/SHAFT_ENGINE/blob/master/LICENSE].
################################################################################################################################################