################################################################################################################################################
Detected SHAFT Engine Version: [SHAFT Engine v5.3.20210519]
################################################################################################################################################
[ReportManager] Successfully loaded the following test data file [src/test/resources/TestDataFiles/Google/SimpleSearch.xlsx]. @26-05-2021 13:06:33.0984 PM
[ReportManager] Successfully created attachment [Test Data - Excel] @26-05-2021 13:06:33.0988 P
[ReportManager] File Action [getAbsolutePath] successfully performed. With the following test data [Relative Folder Path: "target/downloadedFiles/"]. @26-05-2021 13:06:34.0025 PM
[ReportManager] Attempting to run remotely on: [Linux-64], [GoogleChrome], [http://localhost:4444/wd/hub], Headless Execution. @26-05-2021 13:06:34.0051 PM
[ReportManager] Successfully Opened [GoogleChrome]. @26-05-2021 13:06:35.0498 PM
[ReportManager] Target URL: [https://www.google.com/ncr], and after redirection: [https://www.google.com] @26-05-2021 13:06:35.0549 PM
[ReportManager] Initial URL: [data:,] @26-05-2021 13:06:35.0647 PM
[ReportManager] Browser Action [navigateToURL] successfully performed. With the following test data [https://www.google.com/ncr]. @26-05-2021 13:06:37.0800 P

################################################################################################################################################
Starting Execution:	[1 out of 23] test cases in the current suite
Test Method:		[tests.gui.google.D_Search_PageObjectModel_Traditional_DataDriven.navigateToGoogleHomeAndAssertGoogleLogoIsDisplayed]
################################################################################################################################################
[ReportManager] Element Action [identifyUniqueElement] failed. With the following test data [zero elements found matching this locator "By.xpath: //img[@id='hplogo' or @alt='Google']".]. @26-05-2021 13:07:03.0980 PM
[ReportManager] Successfully created attachment [Screenshot - 1622034423746_navigateToGoogleHomeAndAssertGoogleLogoIsDisplayed_identifyUniqueElement_failed] @26-05-2021 13:07:04.0001 P
[ReportManager] Successfully created attachment [Selenium WebDriver Logs - server] @26-05-2021 13:07:04.0296 PM
[ReportManager] Successfully created attachment [Selenium WebDriver Logs - performance] @26-05-2021 13:07:04.0383 PM
[ReportManager] Successfully created attachment [Selenium WebDriver Logs - browser] @26-05-2021 13:07:04.0397 PM
[ReportManager] Successfully created attachment [Selenium WebDriver Logs - driver] @26-05-2021 13:07:04.0551 PM
[ReportManager] Browser Action [closeCurrentWindow] successfully performed. @26-05-2021 13:07:04.0615 PM
[ReportManager] Successfully created attachment [Browser Action Test Data - closeCurrentWindow - Actual Value] @26-05-2021 13:07:04.0627 P
[ReportManager] File Action [getAbsolutePath] successfully performed. With the following test data [Relative Folder Path: "target/downloadedFiles/"]. @26-05-2021 13:07:04.0659 PM
[ReportManager] Attempting to run remotely on: [Linux-64], [GoogleChrome], [http://localhost:4444/wd/hub], Headless Execution. @26-05-2021 13:07:04.0659 PM
[ReportManager] Successfully Opened [GoogleChrome]. @26-05-2021 13:07:05.0217 PM
[ReportManager] Target URL: [https://www.google.com/ncr], and after redirection: [https://www.google.com] @26-05-2021 13:07:05.0240 PM
[ReportManager] Initial URL: [data:,] @26-05-2021 13:07:05.0317 PM
[ReportManager] Browser Action [navigateToURL] successfully performed. With the following test data [https://www.google.com/ncr]. @26-05-2021 13:07:07.0237 P

################################################################################################################################################
Starting Execution:	[2 out of 23] test cases in the current suite
Test Method:		[tests.gui.google.D_Search_PageObjectModel_Traditional_DataDriven.navigateToGoogleHomeAndAssertPageTitle]
################################################################################################################################################
[ReportManager] Browser Action [getCurrentWindowTitle] successfully performed. With the following test data [Google]. @26-05-2021 13:07:07.0305 PM
[ReportManager] Asserting that the page title is Google... @26-05-2021 13:07:07.0311 PM
[ReportManager] AssertEquals PASSED; Expected [Google] and Actual [Google]. Comparison Type [EQUALS]. Validation Type [POSITIVE]. @26-05-2021 13:07:07.0313 P
[ReportManager] Successfully created attachment [Selenium WebDriver Logs - server] @26-05-2021 13:07:07.0522 PM
[ReportManager] Successfully created attachment [Selenium WebDriver Logs - performance] @26-05-2021 13:07:07.0572 PM
[ReportManager] Successfully created attachment [Selenium WebDriver Logs - browser] @26-05-2021 13:07:07.0592 PM
[ReportManager] Successfully created attachment [Selenium WebDriver Logs - driver] @26-05-2021 13:07:07.0715 PM
[ReportManager] Browser Action [closeCurrentWindow] successfully performed. @26-05-2021 13:07:07.0780 PM
[ReportManager] Successfully created attachment [Browser Action Test Data - closeCurrentWindow - Actual Value] @26-05-2021 13:07:07.0787 P
[ReportManager] File Action [getAbsolutePath] successfully performed. With the following test data [Relative Folder Path: "target/downloadedFiles/"]. @26-05-2021 13:07:07.0821 PM
[ReportManager] Attempting to run remotely on: [Linux-64], [GoogleChrome], [http://localhost:4444/wd/hub], Headless Execution. @26-05-2021 13:07:07.0822 PM
[ReportManager] Successfully Opened [GoogleChrome]. @26-05-2021 13:07:08.0494 PM
[ReportManager] Target URL: [https://www.google.com/ncr], and after redirection: [https://www.google.com] @26-05-2021 13:07:08.0523 PM
[ReportManager] Initial URL: [data:,] @26-05-2021 13:07:08.0588 PM
[ReportManager] Browser Action [navigateToURL] successfully performed. With the following test data [https://www.google.com/ncr]. @26-05-2021 13:07:10.0453 P

################################################################################################################################################
Starting Execution:	[3 out of 23] test cases in the current suite
Test Method:		[tests.gui.google.D_Search_PageObjectModel_Traditional_DataDriven.searchForQueryAndAssertFirstResultTextIsCorrect]
################################################################################################################################################
[ReportManager] Element Action [type] successfully performed. With the following test data [SHAFT_Engine]. @26-05-2021 13:07:11.0218 PM
[ReportManager] Element Action [keyPress] successfully performed. With the following test data [ENTER]. @26-05-2021 13:07:12.0003 PM
[ReportManager] Element Action [getText] successfully performed. With the following test data [MohabMohie/SHAFT_ENGINE: SHAFT_ENGINE is a ... - GitHub]. @26-05-2021 13:07:12.0404 PM
[ReportManager] Asserting that the correct first result is displayed... @26-05-2021 13:07:12.0407 PM
[ReportManager] AssertEquals PASSED; Expected [MohabMohie] and Actual [MohabMohie/SHAFT_ENGINE: SHAFT_ENGINE is a ... - GitHub]. Comparison Type [CONTAINS]. Validation Type [POSITIVE]. @26-05-2021 13:07:12.0407 P
[ReportManager] Successfully created attachment [Selenium WebDriver Logs - server] @26-05-2021 13:07:12.0704 PM
[ReportManager] Successfully created attachment [Selenium WebDriver Logs - performance] @26-05-2021 13:07:12.0887 PM
[ReportManager] Successfully created attachment [Selenium WebDriver Logs - browser] @26-05-2021 13:07:12.0902 PM
[ReportManager] Successfully created attachment [Selenium WebDriver Logs - driver] @26-05-2021 13:07:13.0214 PM
[ReportManager] Browser Action [closeCurrentWindow] successfully performed. @26-05-2021 13:07:13.0310 PM
[ReportManager] Successfully created attachment [Browser Action Test Data - closeCurrentWindow - Actual Value] @26-05-2021 13:07:13.0315 P
[ReportManager] Successfully loaded the following test data file [src/test/resources/TestDataFiles/Google/SimpleSearch.xlsx]. @26-05-2021 13:07:13.0344 PM
[ReportManager] Successfully created attachment [Test Data - Excel] @26-05-2021 13:07:13.0345 P
[ReportManager] File Action [getAbsolutePath] successfully performed. With the following test data [Relative Folder Path: "target/downloadedFiles/"]. @26-05-2021 13:07:13.0346 PM
[ReportManager] Attempting to run remotely on: [Linux-64], [GoogleChrome], [http://localhost:4444/wd/hub], Headless Execution. @26-05-2021 13:07:13.0346 PM
[ReportManager] Successfully Opened [GoogleChrome]. @26-05-2021 13:07:14.0010 PM
[ReportManager] Target URL: [https://www.google.com/ncr], and after redirection: [https://www.google.com] @26-05-2021 13:07:14.0039 PM
[ReportManager] Initial URL: [data:,] @26-05-2021 13:07:14.0113 PM
[ReportManager] Browser Action [navigateToURL] successfully performed. With the following test data [https://www.google.com/ncr]. @26-05-2021 13:07:15.0881 P

################################################################################################################################################
Starting Execution:	[4 out of 23] test cases in the current suite
Test Method:		[tests.gui.google.F_Search_PageObjectModel_Fluent.navigateToGoogleHomeAndAssertGoogleLogoIsDisplayed]
################################################################################################################################################
[ReportManager] Asserting that the Google logo is displayed... @26-05-2021 13:07:15.0895 PM
[ReportManager] File Action [doesFileExist] successfully performed. With the following test data [File Path: "src/test/resources/DynamicObjectRepository/tests_gui_google_F_Search_PageObjectModel_Fluent_navigateToGoogleHomeAndAssertGoogleLogoIsDisplayed_By_xpath_img_id_hplogo_or_alt_Google.png"]. @26-05-2021 13:07:15.0917 PM
[ReportManager] File Action [getAbsolutePath] successfully performed. With the following test data [Relative Folder Path: "src/test/resources/DynamicObjectRepository/tests_gui_google_F_Search_PageObjectModel_Fluent_navigateToGoogleHomeAndAssertGoogleLogoIsDisplayed_By_xpath_img_id_hplogo_or_alt_Google.png"]. @26-05-2021 13:07:15.0917 PM
[ReportManager] File Action [readFromImageFile] successfully performed. With the following test data [File Path: "/home/runner/work/using_SHAFT_ENGINE/using_SHAFT_ENGINE/src/test/resources/DynamicObjectRepository/tests_gui_google_F_Search_PageObjectModel_Fluent_navigateToGoogleHomeAndAssertGoogleLogoIsDisplayed_By_xpath_img_id_hplogo_or_alt_Google.png"]. @26-05-2021 13:07:15.0918 PM
[ReportManager] AssertElementMatches FAILED; Expected [Element should match the reference screenshot] and Actual [ELEMENT NOT FOUND]. Comparison Type [EXACT_OPENCV]. Validation Type [POSITIVE]. @26-05-2021 13:07:41.0710 PM
[ReportManager] Successfully created attachment [Validation Test Data - Reference Screenshot] @26-05-2021 13:07:41.0711 PM
[ReportManager] Successfully created attachment [Validation Test Data - Actual Screenshot] @26-05-2021 13:07:41.0711 P
[ReportManager] Successfully created attachment [Selenium WebDriver Logs - server] @26-05-2021 13:07:41.0918 PM
[ReportManager] Successfully created attachment [Selenium WebDriver Logs - performance] @26-05-2021 13:07:41.0963 PM
[ReportManager] Successfully created attachment [Selenium WebDriver Logs - browser] @26-05-2021 13:07:41.0986 PM
[ReportManager] Successfully created attachment [Selenium WebDriver Logs - driver] @26-05-2021 13:07:42.0085 PM
[ReportManager] Browser Action [closeCurrentWindow] successfully performed. @26-05-2021 13:07:42.0148 PM
[ReportManager] Successfully created attachment [Browser Action Test Data - closeCurrentWindow - Actual Value] @26-05-2021 13:07:42.0151 P
[ReportManager] File Action [getAbsolutePath] successfully performed. With the following test data [Relative Folder Path: "target/downloadedFiles/"]. @26-05-2021 13:07:42.0167 PM
[ReportManager] Attempting to run remotely on: [Linux-64], [GoogleChrome], [http://localhost:4444/wd/hub], Headless Execution. @26-05-2021 13:07:42.0167 PM
[ReportManager] Successfully Opened [GoogleChrome]. @26-05-2021 13:07:42.0436 PM
[ReportManager] Target URL: [https://www.google.com/ncr], and after redirection: [https://www.google.com] @26-05-2021 13:07:42.0456 PM
[ReportManager] Initial URL: [data:,] @26-05-2021 13:07:42.0524 PM
[ReportManager] Browser Action [navigateToURL] successfully performed. With the following test data [https://www.google.com/ncr]. @26-05-2021 13:07:44.0236 P

################################################################################################################################################
Starting Execution:	[5 out of 23] test cases in the current suite
Test Method:		[tests.gui.google.F_Search_PageObjectModel_Fluent.navigateToGoogleHomeAndAssertPageTitle]
################################################################################################################################################
[ReportManager] Asserting that the page title is Google... @26-05-2021 13:07:44.0251 PM
[ReportManager] Browser Action [getCurrentWindowTitle] successfully performed. With the following test data [Google]. @26-05-2021 13:07:44.0295 PM
[ReportManager] AssertBrowserAttribute PASSED; Expected [Value Should be 'Google' for the 'Title' attribute] and Actual [Google]. Comparison Type [EQUALS]. Validation Type [POSITIVE]. @26-05-2021 13:07:44.0296 P
[ReportManager] Successfully created attachment [Selenium WebDriver Logs - server] @26-05-2021 13:07:44.0496 PM
[ReportManager] Successfully created attachment [Selenium WebDriver Logs - performance] @26-05-2021 13:07:44.0590 PM
[ReportManager] Successfully created attachment [Selenium WebDriver Logs - browser] @26-05-2021 13:07:44.0614 PM
[ReportManager] Successfully created attachment [Selenium WebDriver Logs - driver] @26-05-2021 13:07:44.0702 PM
[ReportManager] Browser Action [closeCurrentWindow] successfully performed. @26-05-2021 13:07:44.0760 PM
[ReportManager] Successfully created attachment [Browser Action Test Data - closeCurrentWindow - Actual Value] @26-05-2021 13:07:44.0763 P
[ReportManager] File Action [getAbsolutePath] successfully performed. With the following test data [Relative Folder Path: "target/downloadedFiles/"]. @26-05-2021 13:07:44.0772 PM
[ReportManager] Attempting to run remotely on: [Linux-64], [GoogleChrome], [http://localhost:4444/wd/hub], Headless Execution. @26-05-2021 13:07:44.0775 PM
[ReportManager] Successfully Opened [GoogleChrome]. @26-05-2021 13:07:44.0981 PM
[ReportManager] Target URL: [https://www.google.com/ncr], and after redirection: [https://www.google.com] @26-05-2021 13:07:45.0016 PM
[ReportManager] Initial URL: [data:,] @26-05-2021 13:07:45.0087 PM
[ReportManager] Browser Action [navigateToURL] successfully performed. With the following test data [https://www.google.com/ncr]. @26-05-2021 13:07:46.0828 P

################################################################################################################################################
Starting Execution:	[6 out of 23] test cases in the current suite
Test Method:		[tests.gui.google.F_Search_PageObjectModel_Fluent.searchForQueryAndAssertFirstResultTextIsCorrect]
################################################################################################################################################
[ReportManager] Element Action [type] successfully performed. With the following test data [SHAFT_Engine]. @26-05-2021 13:07:47.0541 PM
[ReportManager] Element Action [keyPress] successfully performed. With the following test data [ENTER]. @26-05-2021 13:07:48.0401 PM
[ReportManager] Asserting that the correct first result is displayed... @26-05-2021 13:07:48.0402 PM
[ReportManager] Element Action [getText] successfully performed. With the following test data [MohabMohie/SHAFT_ENGINE: SHAFT_ENGINE is a ... - GitHub]. @26-05-2021 13:07:48.0789 PM
[ReportManager] Loaded Shared OpenCV @26-05-2021 13:07:49.0527 PM
[ReportManager] AssertElementAttribute PASSED; Expected [Value Should be 'MohabMohie' for the 'Text' attribute, element locator 'By.xpath: (//h1[contains(text(),'Search Result')]/following-sibling::div//a/h3)[1]'] and Actual [MohabMohie/SHAFT_ENGINE: SHAFT_ENGINE is a ... - GitHub]. Comparison Type [CONTAINS]. Validation Type [POSITIVE]. @26-05-2021 13:07:49.0643 PM
[ReportManager] Successfully created attachment [Screenshot - 1622034469108_searchForQueryAndAssertFirstResultTextIsCorrect_AssertElementAttribute_passed] @26-05-2021 13:07:49.0650 P
[ReportManager] Successfully created attachment [Selenium WebDriver Logs - server] @26-05-2021 13:07:49.0836 PM
[ReportManager] Successfully created attachment [Selenium WebDriver Logs - performance] @26-05-2021 13:07:50.0078 PM
[ReportManager] Successfully created attachment [Selenium WebDriver Logs - browser] @26-05-2021 13:07:50.0087 PM
[ReportManager] Successfully created attachment [Selenium WebDriver Logs - driver] @26-05-2021 13:07:50.0377 PM
[ReportManager] Browser Action [closeCurrentWindow] successfully performed. @26-05-2021 13:07:50.0449 PM
[ReportManager] Successfully created attachment [Browser Action Test Data - closeCurrentWindow - Actual Value] @26-05-2021 13:07:50.0452 P
[ReportManager] Successfully loaded the following test data file [src/test/resources/TestDataFiles/Google/SimpleSearch.xlsx]. @26-05-2021 13:07:50.0520 PM
[ReportManager] Successfully created attachment [Test Data - Excel] @26-05-2021 13:07:50.0521 P
[ReportManager] File Action [getAbsolutePath] successfully performed. With the following test data [Relative Folder Path: "target/downloadedFiles/"]. @26-05-2021 13:07:50.0522 PM
[ReportManager] Attempting to run remotely on: [Linux-64], [GoogleChrome], [http://localhost:4444/wd/hub], Headless Execution. @26-05-2021 13:07:50.0524 PM
[ReportManager] Successfully Opened [GoogleChrome]. @26-05-2021 13:07:50.0796 PM
[ReportManager] Target URL: [https://www.google.com/ncr], and after redirection: [https://www.google.com] @26-05-2021 13:07:50.0817 PM
[ReportManager] Initial URL: [data:,] @26-05-2021 13:07:50.0877 PM
[ReportManager] Browser Action [navigateToURL] successfully performed. With the following test data [https://www.google.com/ncr]. @26-05-2021 13:07:52.0674 P

################################################################################################################################################
Starting Execution:	[7 out of 23] test cases in the current suite
Test Method:		[tests.gui.google.E_Search_PageObjectModel_Traditional_SHAFTAssertions.navigateToGoogleHomeAndAssertGoogleLogoIsDisplayed]
################################################################################################################################################
[ReportManager] Asserting that the Google logo is displayed... @26-05-2021 13:07:52.0679 PM
[ReportManager] File Action [doesFileExist] successfully performed. With the following test data [File Path: "src/test/resources/DynamicObjectRepository/tests_gui_google_E_Search_PageObjectModel_Traditional_SHAFTAssertions_navigateToGoogleHomeAndAssertGoogleLogoIsDisplayed_By_xpath_img_id_hplogo_or_alt_Google.png"]. @26-05-2021 13:07:52.0680 PM
[ReportManager] File Action [getAbsolutePath] successfully performed. With the following test data [Relative Folder Path: "src/test/resources/DynamicObjectRepository/tests_gui_google_E_Search_PageObjectModel_Traditional_SHAFTAssertions_navigateToGoogleHomeAndAssertGoogleLogoIsDisplayed_By_xpath_img_id_hplogo_or_alt_Google.png"]. @26-05-2021 13:07:52.0680 PM
[ReportManager] File Action [readFromImageFile] successfully performed. With the following test data [File Path: "/home/runner/work/using_SHAFT_ENGINE/using_SHAFT_ENGINE/src/test/resources/DynamicObjectRepository/tests_gui_google_E_Search_PageObjectModel_Traditional_SHAFTAssertions_navigateToGoogleHomeAndAssertGoogleLogoIsDisplayed_By_xpath_img_id_hplogo_or_alt_Google.png"]. @26-05-2021 13:07:52.0682 PM
[ReportManager] AssertElementMatches FAILED; Expected [Element should match the reference screenshot] and Actual [ELEMENT NOT FOUND]. Comparison Type [EXACT_OPENCV]. Validation Type [POSITIVE]. @26-05-2021 13:08:18.0461 PM
[ReportManager] Successfully created attachment [Validation Test Data - Reference Screenshot] @26-05-2021 13:08:18.0462 PM
[ReportManager] Successfully created attachment [Validation Test Data - Actual Screenshot] @26-05-2021 13:08:18.0462 P
[ReportManager] Successfully created attachment [Selenium WebDriver Logs - server] @26-05-2021 13:08:18.0670 PM
[ReportManager] Successfully created attachment [Selenium WebDriver Logs - performance] @26-05-2021 13:08:18.0714 PM
[ReportManager] Successfully created attachment [Selenium WebDriver Logs - browser] @26-05-2021 13:08:18.0736 PM
[ReportManager] Successfully created attachment [Selenium WebDriver Logs - driver] @26-05-2021 13:08:18.0831 PM
[ReportManager] Browser Action [closeCurrentWindow] successfully performed. @26-05-2021 13:08:18.0891 PM
[ReportManager] Successfully created attachment [Browser Action Test Data - closeCurrentWindow - Actual Value] @26-05-2021 13:08:18.0898 P
[ReportManager] File Action [getAbsolutePath] successfully performed. With the following test data [Relative Folder Path: "target/downloadedFiles/"]. @26-05-2021 13:08:18.0904 PM
[ReportManager] Attempting to run remotely on: [Linux-64], [GoogleChrome], [http://localhost:4444/wd/hub], Headless Execution. @26-05-2021 13:08:18.0905 PM
[ReportManager] Successfully Opened [GoogleChrome]. @26-05-2021 13:08:19.0142 PM
[ReportManager] Target URL: [https://www.google.com/ncr], and after redirection: [https://www.google.com] @26-05-2021 13:08:19.0154 PM
[ReportManager] Initial URL: [data:,] @26-05-2021 13:08:19.0201 PM
[ReportManager] Browser Action [navigateToURL] successfully performed. With the following test data [https://www.google.com/ncr]. @26-05-2021 13:08:20.0946 P

################################################################################################################################################
Starting Execution:	[8 out of 23] test cases in the current suite
Test Method:		[tests.gui.google.E_Search_PageObjectModel_Traditional_SHAFTAssertions.navigateToGoogleHomeAndAssertPageTitle]
################################################################################################################################################
[ReportManager] Asserting that the page title is Google... @26-05-2021 13:08:20.0949 PM
[ReportManager] Browser Action [getCurrentWindowTitle] successfully performed. With the following test data [Google]. @26-05-2021 13:08:20.0989 PM
[ReportManager] AssertBrowserAttribute PASSED; Expected [Value Should be 'Google' for the 'Title' attribute] and Actual [Google]. Comparison Type [EQUALS]. Validation Type [POSITIVE]. @26-05-2021 13:08:20.0990 P
[ReportManager] Successfully created attachment [Selenium WebDriver Logs - server] @26-05-2021 13:08:21.0181 PM
[ReportManager] Successfully created attachment [Selenium WebDriver Logs - performance] @26-05-2021 13:08:21.0224 PM
[ReportManager] Successfully created attachment [Selenium WebDriver Logs - browser] @26-05-2021 13:08:21.0233 PM
[ReportManager] Successfully created attachment [Selenium WebDriver Logs - driver] @26-05-2021 13:08:21.0305 PM
[ReportManager] Browser Action [closeCurrentWindow] successfully performed. @26-05-2021 13:08:21.0364 PM
[ReportManager] Successfully created attachment [Browser Action Test Data - closeCurrentWindow - Actual Value] @26-05-2021 13:08:21.0377 P
[ReportManager] File Action [getAbsolutePath] successfully performed. With the following test data [Relative Folder Path: "target/downloadedFiles/"]. @26-05-2021 13:08:21.0383 PM
[ReportManager] Attempting to run remotely on: [Linux-64], [GoogleChrome], [http://localhost:4444/wd/hub], Headless Execution. @26-05-2021 13:08:21.0383 PM
[ReportManager] Successfully Opened [GoogleChrome]. @26-05-2021 13:08:21.0642 PM
[ReportManager] Target URL: [https://www.google.com/ncr], and after redirection: [https://www.google.com] @26-05-2021 13:08:21.0656 PM
[ReportManager] Initial URL: [data:,] @26-05-2021 13:08:21.0704 PM
[ReportManager] Browser Action [navigateToURL] successfully performed. With the following test data [https://www.google.com/ncr]. @26-05-2021 13:08:23.0607 P

################################################################################################################################################
Starting Execution:	[9 out of 23] test cases in the current suite
Test Method:		[tests.gui.google.E_Search_PageObjectModel_Traditional_SHAFTAssertions.searchForQueryAndAssertFirstResultTextIsCorrect]
################################################################################################################################################
[ReportManager] Element Action [type] successfully performed. With the following test data [SHAFT_Engine]. @26-05-2021 13:08:24.0316 PM
[ReportManager] Element Action [keyPress] successfully performed. With the following test data [ENTER]. @26-05-2021 13:08:25.0035 PM
[ReportManager] Asserting that the correct first result is displayed... @26-05-2021 13:08:25.0036 PM
[ReportManager] Element Action [getText] successfully performed. With the following test data [MohabMohie/SHAFT_ENGINE: SHAFT_ENGINE is a ... - GitHub]. @26-05-2021 13:08:25.0289 PM
[ReportManager] Loaded Shared OpenCV @26-05-2021 13:08:25.0637 PM
[ReportManager] AssertElementAttribute PASSED; Expected [Value Should be 'MohabMohie' for the 'Text' attribute, element locator 'By.xpath: (//h1[contains(text(),'Search Result')]/following-sibling::div//a/h3)[1]'] and Actual [MohabMohie/SHAFT_ENGINE: SHAFT_ENGINE is a ... - GitHub]. Comparison Type [CONTAINS]. Validation Type [POSITIVE]. @26-05-2021 13:08:25.0708 PM
[ReportManager] Successfully created attachment [Screenshot - 1622034505637_searchForQueryAndAssertFirstResultTextIsCorrect_AssertElementAttribute_passed] @26-05-2021 13:08:25.0713 P
[ReportManager] Successfully created attachment [Selenium WebDriver Logs - server] @26-05-2021 13:08:25.0916 PM
[ReportManager] Successfully created attachment [Selenium WebDriver Logs - performance] @26-05-2021 13:08:26.0089 PM
[ReportManager] Successfully created attachment [Selenium WebDriver Logs - browser] @26-05-2021 13:08:26.0099 PM
[ReportManager] Successfully created attachment [Selenium WebDriver Logs - driver] @26-05-2021 13:08:26.0326 PM
[ReportManager] Browser Action [closeCurrentWindow] successfully performed. @26-05-2021 13:08:26.0410 PM
[ReportManager] Successfully created attachment [Browser Action Test Data - closeCurrentWindow - Actual Value] @26-05-2021 13:08:26.0413 P
[ReportManager] File Action [getAbsolutePath] successfully performed. With the following test data [Relative Folder Path: "target/downloadedFiles/"]. @26-05-2021 13:08:26.0417 PM
[ReportManager] Attempting to run remotely on: [Linux-64], [GoogleChrome], [http://localhost:4444/wd/hub], Headless Execution. @26-05-2021 13:08:26.0418 PM
[ReportManager] Successfully Opened [GoogleChrome]. @26-05-2021 13:08:26.0659 PM
[ReportManager] Target URL: [https://www.google.com/ncr], and after redirection: [https://www.google.com] @26-05-2021 13:08:26.0676 PM
[ReportManager] Initial URL: [data:,] @26-05-2021 13:08:26.0726 PM
[ReportManager] Browser Action [navigateToURL] successfully performed. With the following test data [https://www.google.com/ncr]. @26-05-2021 13:08:28.0480 P

################################################################################################################################################
Starting Execution:	[10 out of 23] test cases in the current suite
Test Method:		[tests.gui.google.C_Search_PageObjectModel_Traditional.navigateToGoogleHomeAndAssertGoogleLogoIsDisplayed]
################################################################################################################################################
[ReportManager] Element Action [identifyUniqueElement] failed. With the following test data [zero elements found matching this locator "By.xpath: //img[@id='hplogo' or @alt='Google']".]. @26-05-2021 13:08:54.0041 PM
[ReportManager] Successfully created attachment [Screenshot - 1622034533998_navigateToGoogleHomeAndAssertGoogleLogoIsDisplayed_identifyUniqueElement_failed] @26-05-2021 13:08:54.0042 P
[ReportManager] Successfully created attachment [Selenium WebDriver Logs - server] @26-05-2021 13:08:54.0244 PM
[ReportManager] Successfully created attachment [Selenium WebDriver Logs - performance] @26-05-2021 13:08:54.0283 PM
[ReportManager] Successfully created attachment [Selenium WebDriver Logs - browser] @26-05-2021 13:08:54.0291 PM
[ReportManager] Successfully created attachment [Selenium WebDriver Logs - driver] @26-05-2021 13:08:54.0376 PM
[ReportManager] Browser Action [closeCurrentWindow] successfully performed. @26-05-2021 13:08:54.0437 PM
[ReportManager] Successfully created attachment [Browser Action Test Data - closeCurrentWindow - Actual Value] @26-05-2021 13:08:54.0441 P
[ReportManager] File Action [getAbsolutePath] successfully performed. With the following test data [Relative Folder Path: "target/downloadedFiles/"]. @26-05-2021 13:08:54.0450 PM
[ReportManager] Attempting to run remotely on: [Linux-64], [GoogleChrome], [http://localhost:4444/wd/hub], Headless Execution. @26-05-2021 13:08:54.0450 PM
[ReportManager] Successfully Opened [GoogleChrome]. @26-05-2021 13:08:54.0660 PM
[ReportManager] Target URL: [https://www.google.com/ncr], and after redirection: [https://www.google.com] @26-05-2021 13:08:54.0673 PM
[ReportManager] Initial URL: [data:,] @26-05-2021 13:08:54.0722 PM
[ReportManager] Browser Action [navigateToURL] successfully performed. With the following test data [https://www.google.com/ncr]. @26-05-2021 13:08:56.0359 P

################################################################################################################################################
Starting Execution:	[11 out of 23] test cases in the current suite
Test Method:		[tests.gui.google.C_Search_PageObjectModel_Traditional.navigateToGoogleHomeAndAssertPageTitle]
################################################################################################################################################
[ReportManager] Browser Action [getCurrentWindowTitle] successfully performed. With the following test data [Google]. @26-05-2021 13:08:56.0415 PM
[ReportManager] Asserting that the page title is Google... @26-05-2021 13:08:56.0415 PM
[ReportManager] AssertEquals PASSED; Expected [Google] and Actual [Google]. Comparison Type [EQUALS]. Validation Type [POSITIVE]. @26-05-2021 13:08:56.0415 P
[ReportManager] Successfully created attachment [Selenium WebDriver Logs - server] @26-05-2021 13:08:56.0612 PM
[ReportManager] Successfully created attachment [Selenium WebDriver Logs - performance] @26-05-2021 13:08:56.0651 PM
[ReportManager] Successfully created attachment [Selenium WebDriver Logs - browser] @26-05-2021 13:08:56.0659 PM
[ReportManager] Successfully created attachment [Selenium WebDriver Logs - driver] @26-05-2021 13:08:56.0729 PM
[ReportManager] Browser Action [closeCurrentWindow] successfully performed. @26-05-2021 13:08:56.0787 PM
[ReportManager] Successfully created attachment [Browser Action Test Data - closeCurrentWindow - Actual Value] @26-05-2021 13:08:56.0789 P
[ReportManager] File Action [getAbsolutePath] successfully performed. With the following test data [Relative Folder Path: "target/downloadedFiles/"]. @26-05-2021 13:08:56.0794 PM
[ReportManager] Attempting to run remotely on: [Linux-64], [GoogleChrome], [http://localhost:4444/wd/hub], Headless Execution. @26-05-2021 13:08:56.0795 PM
[ReportManager] Successfully Opened [GoogleChrome]. @26-05-2021 13:08:57.0033 PM
[ReportManager] Target URL: [https://www.google.com/ncr], and after redirection: [https://www.google.com] @26-05-2021 13:08:57.0048 PM
[ReportManager] Initial URL: [data:,] @26-05-2021 13:08:57.0110 PM
[ReportManager] Browser Action [navigateToURL] successfully performed. With the following test data [https://www.google.com/ncr]. @26-05-2021 13:08:58.0820 P

################################################################################################################################################
Starting Execution:	[12 out of 23] test cases in the current suite
Test Method:		[tests.gui.google.C_Search_PageObjectModel_Traditional.searchForQueryAndAssertFirstResultTextIsCorrect]
################################################################################################################################################
[ReportManager] Element Action [type] successfully performed. With the following test data [SHAFT_Engine]. @26-05-2021 13:08:59.0469 PM
[ReportManager] Element Action [keyPress] successfully performed. With the following test data [ENTER]. @26-05-2021 13:09:00.0623 PM
[ReportManager] Element Action [getText] successfully performed. With the following test data [MohabMohie/SHAFT_ENGINE: SHAFT_ENGINE is a ... - GitHub]. @26-05-2021 13:09:00.0719 PM
[ReportManager] Asserting that the correct first result is displayed... @26-05-2021 13:09:00.0719 PM
[ReportManager] AssertEquals PASSED; Expected [MohabMohie] and Actual [MohabMohie/SHAFT_ENGINE: SHAFT_ENGINE is a ... - GitHub]. Comparison Type [CONTAINS]. Validation Type [POSITIVE]. @26-05-2021 13:09:00.0719 P
[ReportManager] Successfully created attachment [Selenium WebDriver Logs - server] @26-05-2021 13:09:00.0884 PM
[ReportManager] Successfully created attachment [Selenium WebDriver Logs - performance] @26-05-2021 13:09:01.0046 PM
[ReportManager] Successfully created attachment [Selenium WebDriver Logs - browser] @26-05-2021 13:09:01.0055 PM
[ReportManager] Successfully created attachment [Selenium WebDriver Logs - driver] @26-05-2021 13:09:01.0252 PM
[ReportManager] Browser Action [closeCurrentWindow] successfully performed. @26-05-2021 13:09:01.0310 PM
[ReportManager] Successfully created attachment [Browser Action Test Data - closeCurrentWindow - Actual Value] @26-05-2021 13:09:01.0312 P
[ReportManager] File Action [getAbsolutePath] successfully performed. With the following test data [Relative Folder Path: "target/downloadedFiles/"]. @26-05-2021 13:09:01.0316 PM
[ReportManager] Attempting to run remotely on: [Linux-64], [GoogleChrome], [http://localhost:4444/wd/hub], Headless Execution. @26-05-2021 13:09:01.0316 PM
[ReportManager] Successfully Opened [GoogleChrome]. @26-05-2021 13:09:01.0536 PM
[ReportManager] Target URL: [https://www.google.com/ncr], and after redirection: [https://www.google.com] @26-05-2021 13:09:01.0549 PM
[ReportManager] Initial URL: [data:,] @26-05-2021 13:09:01.0596 PM
[ReportManager] Browser Action [navigateToURL] successfully performed. With the following test data [https://www.google.com/ncr]. @26-05-2021 13:09:03.0287 P

################################################################################################################################################
Starting Execution:	[13 out of 23] test cases in the current suite
Test Method:		[tests.gui.google.B_Search_FlatTest_SHAFT.navigateToGoogleHomeAndAssertGoogleLogoIsDisplayed]
################################################################################################################################################
[ReportManager] Asserting that the Google logo is displayed... @26-05-2021 13:09:03.0289 PM
[ReportManager] File Action [doesFileExist] successfully performed. With the following test data [File Path: "src/test/resources/DynamicObjectRepository/tests_gui_google_B_Search_FlatTest_SHAFT_navigateToGoogleHomeAndAssertGoogleLogoIsDisplayed_By_xpath_img_id_hplogo_or_alt_Google.png"]. @26-05-2021 13:09:03.0290 PM
[ReportManager] File Action [getAbsolutePath] successfully performed. With the following test data [Relative Folder Path: "src/test/resources/DynamicObjectRepository/tests_gui_google_B_Search_FlatTest_SHAFT_navigateToGoogleHomeAndAssertGoogleLogoIsDisplayed_By_xpath_img_id_hplogo_or_alt_Google.png"]. @26-05-2021 13:09:03.0290 PM
[ReportManager] File Action [readFromImageFile] successfully performed. With the following test data [File Path: "/home/runner/work/using_SHAFT_ENGINE/using_SHAFT_ENGINE/src/test/resources/DynamicObjectRepository/tests_gui_google_B_Search_FlatTest_SHAFT_navigateToGoogleHomeAndAssertGoogleLogoIsDisplayed_By_xpath_img_id_hplogo_or_alt_Google.png"]. @26-05-2021 13:09:03.0290 PM
[ReportManager] AssertElementMatches FAILED; Expected [Element should match the reference screenshot] and Actual [ELEMENT NOT FOUND]. Comparison Type [EXACT_OPENCV]. Validation Type [POSITIVE]. @26-05-2021 13:09:28.0992 PM
[ReportManager] Successfully created attachment [Validation Test Data - Reference Screenshot] @26-05-2021 13:09:28.0992 PM
[ReportManager] Successfully created attachment [Validation Test Data - Actual Screenshot] @26-05-2021 13:09:28.0992 P
[ReportManager] Successfully created attachment [Selenium WebDriver Logs - server] @26-05-2021 13:09:29.0175 PM
[ReportManager] Successfully created attachment [Selenium WebDriver Logs - performance] @26-05-2021 13:09:29.0215 PM
[ReportManager] Successfully created attachment [Selenium WebDriver Logs - browser] @26-05-2021 13:09:29.0222 PM
[ReportManager] Successfully created attachment [Selenium WebDriver Logs - driver] @26-05-2021 13:09:29.0313 PM
[ReportManager] Browser Action [closeCurrentWindow] successfully performed. @26-05-2021 13:09:29.0372 PM
[ReportManager] Successfully created attachment [Browser Action Test Data - closeCurrentWindow - Actual Value] @26-05-2021 13:09:29.0375 P
[ReportManager] File Action [getAbsolutePath] successfully performed. With the following test data [Relative Folder Path: "target/downloadedFiles/"]. @26-05-2021 13:09:29.0379 PM
[ReportManager] Attempting to run remotely on: [Linux-64], [GoogleChrome], [http://localhost:4444/wd/hub], Headless Execution. @26-05-2021 13:09:29.0379 PM
[ReportManager] Successfully Opened [GoogleChrome]. @26-05-2021 13:09:29.0591 PM
[ReportManager] Target URL: [https://www.google.com/ncr], and after redirection: [https://www.google.com] @26-05-2021 13:09:29.0608 PM
[ReportManager] Initial URL: [data:,] @26-05-2021 13:09:29.0654 PM
[ReportManager] Browser Action [navigateToURL] successfully performed. With the following test data [https://www.google.com/ncr]. @26-05-2021 13:09:31.0325 P

################################################################################################################################################
Starting Execution:	[14 out of 23] test cases in the current suite
Test Method:		[tests.gui.google.B_Search_FlatTest_SHAFT.navigateToGoogleHomeAndAssertPageTitle]
################################################################################################################################################
[ReportManager] Asserting that the page title is Google... @26-05-2021 13:09:31.0327 PM
[ReportManager] Browser Action [getCurrentWindowTitle] successfully performed. With the following test data [Google]. @26-05-2021 13:09:31.0371 PM
[ReportManager] AssertBrowserAttribute PASSED; Expected [Value Should be 'Google' for the 'Title' attribute] and Actual [Google]. Comparison Type [EQUALS]. Validation Type [POSITIVE]. @26-05-2021 13:09:31.0372 P
[ReportManager] Successfully created attachment [Selenium WebDriver Logs - server] @26-05-2021 13:09:31.0552 PM
[ReportManager] Successfully created attachment [Selenium WebDriver Logs - performance] @26-05-2021 13:09:31.0595 PM
[ReportManager] Successfully created attachment [Selenium WebDriver Logs - browser] @26-05-2021 13:09:31.0603 PM
[ReportManager] Successfully created attachment [Selenium WebDriver Logs - driver] @26-05-2021 13:09:31.0677 PM
[ReportManager] Browser Action [closeCurrentWindow] successfully performed. @26-05-2021 13:09:31.0734 PM
[ReportManager] Successfully created attachment [Browser Action Test Data - closeCurrentWindow - Actual Value] @26-05-2021 13:09:31.0737 P
[ReportManager] File Action [getAbsolutePath] successfully performed. With the following test data [Relative Folder Path: "target/downloadedFiles/"]. @26-05-2021 13:09:31.0740 PM
[ReportManager] Attempting to run remotely on: [Linux-64], [GoogleChrome], [http://localhost:4444/wd/hub], Headless Execution. @26-05-2021 13:09:31.0741 PM
[ReportManager] Successfully Opened [GoogleChrome]. @26-05-2021 13:09:31.0955 PM
[ReportManager] Target URL: [https://www.google.com/ncr], and after redirection: [https://www.google.com] @26-05-2021 13:09:31.0968 PM
[ReportManager] Initial URL: [data:,] @26-05-2021 13:09:32.0019 PM
[ReportManager] Browser Action [navigateToURL] successfully performed. With the following test data [https://www.google.com/ncr]. @26-05-2021 13:09:33.0713 P

################################################################################################################################################
Starting Execution:	[15 out of 23] test cases in the current suite
Test Method:		[tests.gui.google.B_Search_FlatTest_SHAFT.searchForQueryAndAssertFirstResultTextIsCorrect]
################################################################################################################################################
[ReportManager] Element Action [type] successfully performed. With the following test data [SHAFT_Engine]. @26-05-2021 13:09:34.0395 PM
[ReportManager] Element Action [keyPress] successfully performed. With the following test data [ENTER]. @26-05-2021 13:09:35.0537 PM
[ReportManager] Asserting that the correct first result is displayed... @26-05-2021 13:09:35.0538 PM
[ReportManager] Element Action [getText] successfully performed. With the following test data [MohabMohie/SHAFT_ENGINE: SHAFT_ENGINE is a ... - GitHub]. @26-05-2021 13:09:35.0633 PM
[ReportManager] Loaded Shared OpenCV @26-05-2021 13:09:35.0800 PM
[ReportManager] AssertElementAttribute PASSED; Expected [Value Should be 'MohabMohie' for the 'Text' attribute, element locator 'By.xpath: (//h1[contains(text(),'Search Result')]/following-sibling::div//a/h3)[1]'] and Actual [MohabMohie/SHAFT_ENGINE: SHAFT_ENGINE is a ... - GitHub]. Comparison Type [CONTAINS]. Validation Type [POSITIVE]. @26-05-2021 13:09:35.0863 PM
[ReportManager] Successfully created attachment [Screenshot - 1622034575799_searchForQueryAndAssertFirstResultTextIsCorrect_AssertElementAttribute_passed] @26-05-2021 13:09:35.0864 P
[ReportManager] Successfully created attachment [Selenium WebDriver Logs - server] @26-05-2021 13:09:36.0031 PM
[ReportManager] Successfully created attachment [Selenium WebDriver Logs - performance] @26-05-2021 13:09:36.0202 PM
[ReportManager] Successfully created attachment [Selenium WebDriver Logs - browser] @26-05-2021 13:09:36.0214 PM
[ReportManager] Successfully created attachment [Selenium WebDriver Logs - driver] @26-05-2021 13:09:36.0427 PM
[ReportManager] Browser Action [closeCurrentWindow] successfully performed. @26-05-2021 13:09:36.0485 PM
[ReportManager] Successfully created attachment [Browser Action Test Data - closeCurrentWindow - Actual Value] @26-05-2021 13:09:36.0487 P



################################################################################################################################################
Starting Execution:	[16 out of 23] test cases in the current suite
Test Method:		[tests.gui.google.A_Search_FlatTest_NativeSeleniumWebDriver.navigateToGoogleHomeAndAssertGoogleLogoIsDisplayed]
###############################################################################################################################################



################################################################################################################################################
Starting Execution:	[17 out of 23] test cases in the current suite
Test Method:		[tests.gui.google.A_Search_FlatTest_NativeSeleniumWebDriver.navigateToGoogleHomeAndAssertPageTitle]
###############################################################################################################################################



################################################################################################################################################
Starting Execution:	[18 out of 23] test cases in the current suite
Test Method:		[tests.gui.google.A_Search_FlatTest_NativeSeleniumWebDriver.searchForQueryAndAssertFirstResultTextIsCorrect]
###############################################################################################################################################

[ReportManager] Successfully loaded the following test data file [src/test/resources/TestDataFiles/Google/SimpleSearch.xlsx]. @26-05-2021 13:09:41.0644 PM
[ReportManager] Successfully created attachment [Test Data - Excel] @26-05-2021 13:09:41.0645 P
[ReportManager] File Action [getAbsolutePath] successfully performed. With the following test data [Relative Folder Path: "target/downloadedFiles/"]. @26-05-2021 13:09:41.0646 PM
[ReportManager] Attempting to run remotely on: [Linux-64], [GoogleChrome], [http://localhost:4444/wd/hub], Headless Execution. @26-05-2021 13:09:41.0646 PM
[ReportManager] Successfully Opened [GoogleChrome]. @26-05-2021 13:09:41.0879 PM
[ReportManager] Target URL: [https://www.google.com/ncr], and after redirection: [https://www.google.com] @26-05-2021 13:09:41.0892 PM
[ReportManager] Initial URL: [data:,] @26-05-2021 13:09:41.0946 PM
[ReportManager] Browser Action [navigateToURL] successfully performed. With the following test data [https://www.google.com/ncr]. @26-05-2021 13:09:43.0602 P

################################################################################################################################################
Starting Execution:	[19 out of 23] test cases in the current suite
Test Method:		[tests.gui.google.G_Search_PageObjectModel_ThreadSafe.navigateToGoogleHomeAndAssertGoogleLogoIsDisplayed]
################################################################################################################################################
[ReportManager] Asserting that the Google logo is displayed... @26-05-2021 13:09:43.0608 PM
[ReportManager] File Action [doesFileExist] successfully performed. With the following test data [File Path: "src/test/resources/DynamicObjectRepository/tests_gui_google_G_Search_PageObjectModel_ThreadSafe_navigateToGoogleHomeAndAssertGoogleLogoIsDisplayed_By_xpath_img_id_hplogo_or_alt_Google.png"]. @26-05-2021 13:09:43.0608 PM
[ReportManager] File Action [getAbsolutePath] successfully performed. With the following test data [Relative Folder Path: "src/test/resources/DynamicObjectRepository/tests_gui_google_G_Search_PageObjectModel_ThreadSafe_navigateToGoogleHomeAndAssertGoogleLogoIsDisplayed_By_xpath_img_id_hplogo_or_alt_Google.png"]. @26-05-2021 13:09:43.0609 PM
[ReportManager] File Action [readFromImageFile] successfully performed. With the following test data [File Path: "/home/runner/work/using_SHAFT_ENGINE/using_SHAFT_ENGINE/src/test/resources/DynamicObjectRepository/tests_gui_google_G_Search_PageObjectModel_ThreadSafe_navigateToGoogleHomeAndAssertGoogleLogoIsDisplayed_By_xpath_img_id_hplogo_or_alt_Google.png"]. @26-05-2021 13:09:43.0609 PM
[ReportManager] AssertElementMatches FAILED; Expected [Element should match the reference screenshot] and Actual [ELEMENT NOT FOUND]. Comparison Type [EXACT_OPENCV]. Validation Type [POSITIVE]. @26-05-2021 13:10:09.0312 PM
[ReportManager] Successfully created attachment [Validation Test Data - Reference Screenshot] @26-05-2021 13:10:09.0315 PM
[ReportManager] Successfully created attachment [Validation Test Data - Actual Screenshot] @26-05-2021 13:10:09.0316 P
[ReportManager] Successfully created attachment [Selenium WebDriver Logs - server] @26-05-2021 13:10:09.0535 PM
[ReportManager] Successfully created attachment [Selenium WebDriver Logs - performance] @26-05-2021 13:10:09.0590 PM
[ReportManager] Successfully created attachment [Selenium WebDriver Logs - browser] @26-05-2021 13:10:09.0597 PM
[ReportManager] Successfully created attachment [Selenium WebDriver Logs - driver] @26-05-2021 13:10:09.0689 PM
[ReportManager] Browser Action [closeCurrentWindow] successfully performed. @26-05-2021 13:10:09.0750 PM
[ReportManager] Successfully created attachment [Browser Action Test Data - closeCurrentWindow - Actual Value] @26-05-2021 13:10:09.0753 P
[ReportManager] File Action [getAbsolutePath] successfully performed. With the following test data [Relative Folder Path: "target/downloadedFiles/"]. @26-05-2021 13:10:09.0759 PM
[ReportManager] Attempting to run remotely on: [Linux-64], [GoogleChrome], [http://localhost:4444/wd/hub], Headless Execution. @26-05-2021 13:10:09.0759 PM
[ReportManager] Successfully Opened [GoogleChrome]. @26-05-2021 13:10:09.0954 PM
[ReportManager] Target URL: [https://www.google.com/ncr], and after redirection: [https://www.google.com] @26-05-2021 13:10:09.0974 PM
[ReportManager] Initial URL: [data:,] @26-05-2021 13:10:10.0021 PM
[ReportManager] Browser Action [navigateToURL] successfully performed. With the following test data [https://www.google.com/ncr]. @26-05-2021 13:10:11.0676 P

################################################################################################################################################
Starting Execution:	[20 out of 23] test cases in the current suite
Test Method:		[tests.gui.google.G_Search_PageObjectModel_ThreadSafe.navigateToGoogleHomeAndAssertPageTitle]
################################################################################################################################################
[ReportManager] Asserting that the page title is Google... @26-05-2021 13:10:11.0687 PM
[ReportManager] Browser Action [getCurrentWindowTitle] successfully performed. With the following test data [Google]. @26-05-2021 13:10:11.0730 PM
[ReportManager] AssertBrowserAttribute PASSED; Expected [Value Should be 'Google' for the 'Title' attribute] and Actual [Google]. Comparison Type [EQUALS]. Validation Type [POSITIVE]. @26-05-2021 13:10:11.0730 P
[ReportManager] Successfully created attachment [Selenium WebDriver Logs - server] @26-05-2021 13:10:11.0906 PM
[ReportManager] Successfully created attachment [Selenium WebDriver Logs - performance] @26-05-2021 13:10:11.0947 PM
[ReportManager] Successfully created attachment [Selenium WebDriver Logs - browser] @26-05-2021 13:10:11.0955 PM
[ReportManager] Successfully created attachment [Selenium WebDriver Logs - driver] @26-05-2021 13:10:12.0026 PM
[ReportManager] Browser Action [closeCurrentWindow] successfully performed. @26-05-2021 13:10:12.0099 PM
[ReportManager] Successfully created attachment [Browser Action Test Data - closeCurrentWindow - Actual Value] @26-05-2021 13:10:12.0101 P
[ReportManager] File Action [getAbsolutePath] successfully performed. With the following test data [Relative Folder Path: "target/downloadedFiles/"]. @26-05-2021 13:10:12.0109 PM
[ReportManager] Attempting to run remotely on: [Linux-64], [GoogleChrome], [http://localhost:4444/wd/hub], Headless Execution. @26-05-2021 13:10:12.0109 PM
[ReportManager] Successfully Opened [GoogleChrome]. @26-05-2021 13:10:12.0334 PM
[ReportManager] Target URL: [https://www.google.com/ncr], and after redirection: [https://www.google.com] @26-05-2021 13:10:12.0347 PM
[ReportManager] Initial URL: [data:,] @26-05-2021 13:10:12.0409 PM
[ReportManager] Browser Action [navigateToURL] successfully performed. With the following test data [https://www.google.com/ncr]. @26-05-2021 13:10:14.0094 P

################################################################################################################################################
Starting Execution:	[21 out of 23] test cases in the current suite
Test Method:		[tests.gui.google.G_Search_PageObjectModel_ThreadSafe.searchForQueryAndAssertFirstResultTextIsCorrect]
################################################################################################################################################
[ReportManager] Element Action [type] successfully performed. With the following test data [SHAFT_Engine]. @26-05-2021 13:10:14.0728 PM
[ReportManager] Element Action [keyPress] successfully performed. With the following test data [ENTER]. @26-05-2021 13:10:15.0899 PM
[ReportManager] Asserting that the correct first result is displayed... @26-05-2021 13:10:15.0899 PM
[ReportManager] Element Action [getText] successfully performed. With the following test data [MohabMohie/SHAFT_ENGINE: SHAFT_ENGINE is a ... - GitHub]. @26-05-2021 13:10:15.0992 PM
[ReportManager] Loaded Shared OpenCV @26-05-2021 13:10:16.0168 PM
[ReportManager] AssertElementAttribute PASSED; Expected [Value Should be 'MohabMohie' for the 'Text' attribute, element locator 'By.xpath: (//h1[contains(text(),'Search Result')]/following-sibling::div//a/h3)[1]'] and Actual [MohabMohie/SHAFT_ENGINE: SHAFT_ENGINE is a ... - GitHub]. Comparison Type [CONTAINS]. Validation Type [POSITIVE]. @26-05-2021 13:10:16.0230 PM
[ReportManager] Successfully created attachment [Screenshot - 1622034616168_searchForQueryAndAssertFirstResultTextIsCorrect_AssertElementAttribute_passed] @26-05-2021 13:10:16.0231 P
[ReportManager] Successfully created attachment [Selenium WebDriver Logs - server] @26-05-2021 13:10:16.0408 PM
[ReportManager] Successfully created attachment [Selenium WebDriver Logs - performance] @26-05-2021 13:10:16.0561 PM
[ReportManager] Successfully created attachment [Selenium WebDriver Logs - browser] @26-05-2021 13:10:16.0570 PM
[ReportManager] Successfully created attachment [Selenium WebDriver Logs - driver] @26-05-2021 13:10:16.0788 PM
[ReportManager] Browser Action [closeCurrentWindow] successfully performed. @26-05-2021 13:10:16.0851 PM
[ReportManager] Successfully created attachment [Browser Action Test Data - closeCurrentWindow - Actual Value] @26-05-2021 13:10:16.0853 P

################################################################################################################################################
Starting Execution:	[22 out of 23] test cases in the current suite
Test Method:		[tests.api.users.UserData.validateUserEmail]
################################################################################################################################################
[ReportManager] Response status code: [200], status line: [HTTP/1.1 200 OK] @26-05-2021 13:10:18.0618 PM
[ReportManager] Evaluating the actual response status code against the expected one...... @26-05-2021 13:10:18.0618 PM
[ReportManager] AssertEquals PASSED; Expected [200] and Actual [200]. Comparison Type [EQUALS]. Validation Type [POSITIVE]. @26-05-2021 13:10:18.0619 PM
[ReportManager] API Action [performRequest] successfully performed. With the following test data [Request Type: "GET" | Target Status Code: "200" | Service URL: "https://jsonplaceholder.typicode.com/users" | Content Type: "*/*" | Response Time: "558ms"]. @26-05-2021 13:10:19.0567 PM
[ReportManager] Successfully created attachment [API Response - JSON Body] @26-05-2021 13:10:19.0783 PM
[ReportManager] AssertEquals PASSED; Expected and Actual values are attached. Comparison Type [CONTAINS]. Validation Type [POSITIVE]. @26-05-2021 13:10:19.0784 PM
[ReportManager] Successfully created attachment [Validation Test Data - Expected Value] @26-05-2021 13:10:19.0784 PM
[ReportManager] Successfully created attachment [Validation Test Data - Actual Value] @26-05-2021 13:10:19.0785 PM
[ReportManager] API Action [getResponseJSONValueAsList] successfully performed. With the following test data [$]. @26-05-2021 13:10:19.0798 PM
[ReportManager] API Action [getResponseJSONValue] successfully performed. With the following test data [name]. @26-05-2021 13:10:19.0827 PM
[ReportManager] API Action [getResponseJSONValue] successfully performed. With the following test data [email]. @26-05-2021 13:10:19.0846 PM
[ReportManager] AssertEquals PASSED; Expected [Sincere@april.biz] and Actual [Sincere@april.biz]. Comparison Type [EQUALS]. Validation Type [POSITIVE]. @26-05-2021 13:10:19.0846 PM
[ReportManager] API Action [getResponseJSONValue] successfully performed. With the following test data [name]. @26-05-2021 13:10:19.0857 PM
[ReportManager] API Action [getResponseJSONValue] successfully performed. With the following test data [name]. @26-05-2021 13:10:19.0868 PM
[ReportManager] API Action [getResponseJSONValue] successfully performed. With the following test data [name]. @26-05-2021 13:10:19.0878 PM
[ReportManager] API Action [getResponseJSONValue] successfully performed. With the following test data [name]. @26-05-2021 13:10:19.0888 PM
[ReportManager] API Action [getResponseJSONValue] successfully performed. With the following test data [name]. @26-05-2021 13:10:19.0898 PM
[ReportManager] API Action [getResponseJSONValue] successfully performed. With the following test data [name]. @26-05-2021 13:10:19.0908 PM
[ReportManager] API Action [getResponseJSONValue] successfully performed. With the following test data [name]. @26-05-2021 13:10:19.0918 PM
[ReportManager] API Action [getResponseJSONValue] successfully performed. With the following test data [name]. @26-05-2021 13:10:19.0928 PM
[ReportManager] API Action [getResponseJSONValue] successfully performed. With the following test data [name]. @26-05-2021 13:10:19.0938 P

################################################################################################################################################
Starting Execution:	[23 out of 23] test cases in the current suite
Test Method:		[tests.cli.demo.cliTest.sampleTestCase]
################################################################################################################################################
[ReportManager] Attempting to perform the following command locally. Command: [ls] @26-05-2021 13:10:19.0950 PM
[ReportManager] Terminal Action [performTerminalCommands] successfully performed. With the following test data [Host Name: "localHost" | Command: "ls" | Exit Status: "0"]. @26-05-2021 13:10:19.0956 PM
[ReportManager] Successfully created attachment [Terminal Action Actual Result - Command Log] @26-05-2021 13:10:19.0956 PM
[ReportManager] Demoing local terminal actions... @26-05-2021 13:10:19.0957 PM
[ReportManager] AssertEquals PASSED; Expected [pom.xml] and Actual [LICENSE
README.md
allure-results
docker-compose_native.yml
docker-compose_zalenium.yml
extent-reports
pom.xml
src
target]. Comparison Type [CONTAINS]. Validation Type [POSITIVE]. @26-05-2021 13:10:19.0957 P

################################################################################################################################################
Test Closure Activities
################################################################################################################################################
[ReportManager] Successfully created attachment [SHAFT Engine Logs - Execution log] @26-05-2021 13:10:19.0972 PM

################################################################################################################################################
This test run was powered by SHAFT Engine Version: [SHAFT Engine v5.3.20210519]
SHAFT Engine is licensed under the MIT License: [https://github.com/MohabMohie/SHAFT_ENGINE/blob/master/LICENSE].
################################################################################################################################################